==== LHAPDF6 USING DEFAULT-TYPE LHAGLUE INTERFACE ====
LHAPDF 6.2.1 loading /cvmfs/cms.cern.ch/slc6_amd64_gcc630/external/lhapdf/6.2.1-ghjeda2/share/LHAPDF/NNPDF30_nlo_nf_4_pdfas/NNPDF30_nlo_nf_4_pdfas_0000.dat
NNPDF30_nlo_nf_4_pdfas PDF set, member #0, version 2; LHAPDF ID = 292000
 A PDF is used, so alpha_s(MZ) is going to be modified
 Old value of alpha_s from param_card:   0.11799999999999999     
 New value of alpha_s from PDF lhapdf :  0.11227348553523188     
 *****************************************************
 *               MadGraph/MadEvent                   *
 *        --------------------------------           *
 *          http://madgraph.hep.uiuc.edu             *
 *          http://madgraph.phys.ucl.ac.be           *
 *          http://madgraph.roma2.infn.it            *
 *        --------------------------------           *
 *                                                   *
 *          PARAMETER AND COUPLING VALUES            *
 *                                                   *
 *****************************************************

  External Params
  ---------------------------------
  
 MU_R =    91.188000000000002     
 aEWM1 =    132.50700000000001     
 mdl_Gf =    1.1663900000000000E-005
 aS =   0.11799999999999999     
 mdl_ymb =    4.7000000000000002     
 mdl_ymt =    173.00000000000000     
 mdl_ymtau =    1.7769999999999999     
 mdl_MT =    173.00000000000000     
 mdl_MB =    4.7000000000000002     
 mdl_MZ =    91.188000000000002     
 mdl_MH =    125.00000000000000     
 mdl_MTA =    1.7769999999999999     
 mdl_WT =    1.4915000000000000     
 mdl_WZ =    2.4414039999999999     
 mdl_WW =    2.0476000000000001     
 mdl_WH =    6.3823389999999999E-003
  Internal Params
  ---------------------------------
  
 mdl_conjg__CKM3x3 =    1.0000000000000000     
 mdl_CKM22 =    1.0000000000000000     
 mdl_lhv =    1.0000000000000000     
 mdl_CKM3x3 =    1.0000000000000000     
 mdl_conjg__CKM22 =    1.0000000000000000     
 mdl_conjg__CKM33 =    1.0000000000000000     
 mdl_Ncol =    3.0000000000000000     
 mdl_CA =    3.0000000000000000     
 mdl_TF =   0.50000000000000000     
 mdl_CF =    1.3333333333333333     
 mdl_complexi =  (  0.0000000000000000     ,  1.0000000000000000     )
 mdl_MZ__exp__2 =    8315.2513440000002     
 mdl_MZ__exp__4 =    69143404.913893804     
 mdl_sqrt__2 =    1.4142135623730951     
 mdl_MH__exp__2 =    15625.000000000000     
 mdl_Ncol__exp__2 =    9.0000000000000000     
 mdl_MB__exp__2 =    22.090000000000003     
 mdl_MT__exp__2 =    29929.000000000000     
 mdl_aEW =    7.5467711139788835E-003
 mdl_MW =    80.419002445756163     
 mdl_sqrt__aEW =    8.6872153846781555E-002
 mdl_ee =   0.30795376724436879     
 mdl_MW__exp__2 =    6467.2159543705357     
 mdl_sw2 =   0.22224648578577766     
 mdl_cw =   0.88190334743339216     
 mdl_sqrt__sw2 =   0.47143025548407230     
 mdl_sw =   0.47143025548407230     
 mdl_g1 =   0.34919219678733299     
 mdl_gw =   0.65323293034757990     
 mdl_v =    246.21845810181637     
 mdl_v__exp__2 =    60623.529110035903     
 mdl_lam =   0.12886910601690263     
 mdl_yb =    2.6995554250465490E-002
 mdl_yt =   0.99366614581500623     
 mdl_ytau =    1.0206617000654717E-002
 mdl_muH =    88.388347648318430     
 mdl_AxialZUp =  -0.18517701861793787     
 mdl_AxialZDown =   0.18517701861793787     
 mdl_VectorZUp =    7.5430507588273299E-002
 mdl_VectorZDown =  -0.13030376310310560     
 mdl_VectorAUp =   0.20530251149624587     
 mdl_VectorADown =  -0.10265125574812294     
 mdl_VectorWmDxU =   0.23095271737156670     
 mdl_AxialWmDxU =  -0.23095271737156670     
 mdl_VectorWpUxD =   0.23095271737156670     
 mdl_AxialWpUxD =  -0.23095271737156670     
 mdl_I1x33 =  (  2.6995554250465490E-002,  0.0000000000000000     )
 mdl_I2x33 =  ( 0.99366614581500623     ,  0.0000000000000000     )
 mdl_I3x33 =  ( 0.99366614581500623     ,  0.0000000000000000     )
 mdl_I4x33 =  (  2.6995554250465490E-002,  0.0000000000000000     )
 mdl_Vector_tbGp =  (-0.96667059156454072     ,  0.0000000000000000     )
 mdl_Axial_tbGp =  ( -1.0206617000654716     , -0.0000000000000000     )
 mdl_Vector_tbGm =  ( 0.96667059156454072     ,  0.0000000000000000     )
 mdl_Axial_tbGm =  ( -1.0206617000654716     , -0.0000000000000000     )
 mdl_gw__exp__2 =   0.42671326129048615     
 mdl_cw__exp__2 =   0.77775351421422245     
 mdl_ee__exp__2 =    9.4835522759998875E-002
 mdl_sw__exp__2 =   0.22224648578577769     
 mdl_yb__exp__2 =    7.2875994928982540E-004
 mdl_yt__exp__2 =   0.98737240933884918     
  Internal Params evaluated point by point
  ----------------------------------------
  
 mdl_sqrt__aS =   0.34351128074635334     
 mdl_G__exp__4 =    2.1987899468922913     
 mdl_G__exp__2 =    1.4828317324943823     
 mdl_R2MixedFactor_FIN_ =   -2.5040377713124864E-002
 mdl_GWcft_UV_b_1EPS_ =   -3.1300472141406080E-003
 mdl_GWcft_UV_t_1EPS_ =   -3.1300472141406080E-003
 mdl_bWcft_UV_1EPS_ =   -1.8780283284843650E-002
 mdl_tWcft_UV_1EPS_ =   -1.8780283284843650E-002
 mdl_G__exp__3 =    1.8056676068262196     
 mdl_MU_R__exp__2 =    8315.2513440000002     
 mdl_GWcft_UV_b_FIN_ =   -1.8563438626678915E-002
 mdl_GWcft_UV_t_FIN_ =    4.0087659331150384E-003
 mdl_bWcft_UV_FIN_ =  -0.13642100947319838     
 mdl_tWcft_UV_FIN_ =   -9.8778211443463623E-004
  Couplings of loop_sm
  ---------------------------------
  
       R2_DDA =   0.00000E+00   0.25704E-02
       R2_UUA =  -0.00000E+00  -0.51409E-02
    R2_UUZ_V2 =  -0.00000E+00  -0.72127E-02
    R2_UUZ_V5 =   0.00000E+00   0.68702E-03
      R2_sxcW =  -0.00000E+00  -0.11566E-01
         GC_5 =   0.00000E+00   0.12177E+01
       R2_QQq =   0.00000E+00   0.12520E-01
         GC_1 =  -0.00000E+00  -0.10265E+00
         GC_2 =   0.00000E+00   0.20530E+00
         GC_7 =   0.00000E+00   0.57609E+00
        GC_22 =   0.00000E+00   0.28804E+00
        GC_23 =  -0.00000E+00  -0.27437E-01
        GC_25 =   0.00000E+00   0.30795E+00
        GC_26 =  -0.00000E+00  -0.35482E+00
        GC_47 =   0.00000E+00   0.46191E+00

 Collider parameters:
 --------------------

 Running at P P   machine @    13000.000000000000       GeV
 PDF set = lhapdf 
 alpha_s(Mz)= 0.1123 running at 2 loops.
 alpha_s(Mz)= 0.1123 running at 2 loops.
 Renormalization scale set on event-by-event basis
 Factorization   scale set on event-by-event basis


 ===============================================================
 INFO: MadFKS read these parameters from FKS_params.dat
 ===============================================================
  > IRPoleCheckThreshold      =    1.0000000000000001E-005
  > PrecisionVirtualAtRunTime =    1.0000000000000000E-003
  > NHelForMCoverHels         =            4
  > VirtualFraction           =    1.0000000000000000     
  > MinVirtualFraction        =    5.0000000000000001E-003
 ===============================================================
  Insert the number of points to test
 Insert the relative tolerance
  A negative number will mean use the default one:    1.0000000000000001E-005
Using random seed offsets:     1 ,      1 ,      0
  with seed                   32
 Ranmar initialization seeds       10730        9407
  ========================================================================================== 
 {                                                                                          }
 {       [32m                                                                            [0m       }
 {       [32m                               ,,                                           [0m       }
 {       [32m`7MMM.     ,MMF'             `7MM  `7MMF'                                   [0m       }
 {       [32m  MMMb    dPMM                 MM    MM                                     [0m       }
 {       [32m  M YM   ,M MM   ,6"Yb.   ,M""bMM    MM         ,pW"Wq.   ,pW"Wq.`7MMpdMAo. [0m       }
 {       [32m  M  Mb  M' MM  8)   MM ,AP    MM    MM        6W'   `Wb 6W'   `Wb MM   `Wb [0m       }
 {       [32m  M  YM.P'  MM   ,pm9MM 8MI    MM    MM      , 8M     M8 8M     M8 MM    M8 [0m       }
 {       [32m  M  `YM'   MM  8M   MM `Mb    MM    MM     ,M YA.   ,A9 YA.   ,A9 MM   ,AP [0m       }
 {       [32m.JML. `'  .JMML.`Moo9^Yo.`Wbmd"MML..JMMmmmmMMM  `Ybmd9'   `Ybmd9'  MMbmmd'  [0m       }
 {       [32m                                                                   MM       [0m       }
 {       [32m                                                                 .JMML.     [0m       }
 {       [32m[0mv2.6.5 (2018-02-03), Ref: arXiv:1103.0621v2, arXiv:1405.0301[32m                [0m       }
 {       [32m                                                                            [0m       }
 {                                                                                          }
  ========================================================================================== 
 ===============================================================
 INFO: MadLoop read these parameters from ./MadLoop5_resources/MadLoopParams.dat                                                                                                                                                                                                                                                                                                                                                                                                                                                                                          
 ===============================================================
  > MLReductionLib            = 6|7|1
  > CTModeRun                 =           -1
  > MLStabThres               =    1.0000000000000000E-003
  > NRotations_DP             =            0
  > NRotations_QP             =            0
  > CTStabThres               =    1.0000000000000000E-002
  > CTLoopLibrary             =            2
  > CTModeInit                =            1
  > CheckCycle                =            3
  > MaxAttempts               =           10
  > UseLoopFilter             =  F
  > HelicityFilterLevel       =            2
  > ImprovePSPoint            =            2
  > DoubleCheckHelicityFilter =  T
  > LoopInitStartOver         =  F
  > HelInitStartOver          =  F
  > ZeroThres                 =    1.0000000000000001E-009
  > OSThres                   =    1.0000000000000000E-008
  > WriteOutFilters           =  T
  > UseQPIntegrandForNinja    =  T
  > UseQPIntegrandForCutTools =  T
  > IREGIMODE                 =            2
  > IREGIRECY                 =  T
  > COLLIERMode               =            1
  > COLLIERRequiredAccuracy   =    1.0000000000000000E-008
  > COLLIERCanOutput          =  F
  > COLLIERComputeUVpoles     =  T
  > COLLIERComputeIRpoles     =  T
  > COLLIERGlobalCache        =           -1
  > COLLIERUseCacheForPoles   =  F
  > COLLIERUseInternalStabilityTest =  T
 ===============================================================
  
------------------------------------------------------------------------
|              You are using CutTools - Version 1.9.3                  |
|              Authors: G. Ossola, C. Papadopoulos, R. Pittau          |
|              Published in JHEP 0803:042,2008                         |
|              http://www.ugr.es/~pittau/CutTools                      |
|                                                                      |
|              Compiler with  34  significant digits detetected        |
 ---------------------------------------------------------------------- 
   
########################################################################
#                                                                      #
#                      You are using OneLOop-3.6                       #
#                                                                      #
# for the evaluation of 1-loop scalar 1-, 2-, 3- and 4-point functions #
#                                                                      #
# author: Andreas van Hameren <hamerenREMOVETHIS@ifj.edu.pl>           #
#   date: 18-02-2015                                                   #
#                                                                      #
# Please cite                                                          #
#    A. van Hameren,                                                   #
#      Comput.Phys.Commun. 182 (2011) 2427-2438, arXiv:1007.4716       #
#    A. van Hameren, C.G. Papadopoulos and R. Pittau,                  #
#      JHEP 0909:106,2009, arXiv:0903.4665                             #

  +----------------------------------------------------------------+
  |                                                                |
  |  Ninja - version 1.1.0                                         |
  |                                                                |
  |  Author: Tiziano Peraro                                        |
  |                                                                |
  |  Based on:                                                     |
  |                                                                |
  |      P. Mastrolia, E. Mirabella and T. Peraro,                 |
  |      "Integrand reduction of one-loop scattering amplitudes    |
  |      through Laurent series expansion,"                        |
  |      JHEP 1206 (2012) 095  [arXiv:1203.0291 [hep-ph]].         |
  |                                                                |
  |      T. Peraro,                                                |
  |      "Ninja: Automated Integrand Reduction via Laurent         |
  |      Expansion for One-Loop Amplitudes,"                       |
  |      Comput.Phys.Commun. 185 (2014) [arXiv:1403.1229 [hep-ph]] |
  |                                                                |
  +----------------------------------------------------------------+


# in publications with results obtained with the help of this program. #
#                                                                      #
########################################################################
########################################################################
#                                                                      #
#                      You are using OneLOop-3.6                       #
#                                                                      #
# for the evaluation of 1-loop scalar 1-, 2-, 3- and 4-point functions #
#                                                                      #
# author: Andreas van Hameren <hamerenREMOVETHIS@ifj.edu.pl>           #
#   date: 18-02-2015                                                   #
#                                                                      #
# Please cite                                                          #
#    A. van Hameren,                                                   #
#      Comput.Phys.Commun. 182 (2011) 2427-2438, arXiv:1007.4716       #
#    A. van Hameren, C.G. Papadopoulos and R. Pittau,                  #
#      JHEP 0909:106,2009, arXiv:0903.4665                             #
# in publications with results obtained with the help of this program. #
#                                                                      #
########################################################################
 PASSED   1.0000000000000001E-005
 MU_R    =    325.00000000000000     
 ALPHA_S =   0.11799999999999999     
 BORN                    1.2957285740720199E-008
 SINGLE POLE (MadFKS)   -7.3784800963222660E-011
 DOUBLE POLE (MadFKS)   -6.4891065816904133E-010
 SINGLE POLE (MadLoop)  -7.3784800962918800E-011
 DOUBLE POLE (MadLoop)  -6.4891065816904567E-010
 FINITE PART (MadLoop)   1.4463818116950917E-009
   325.00000000000000        0.0000000000000000        0.0000000000000000        325.00000000000000        0.0000000000000000     
   325.00000000000000        0.0000000000000000        0.0000000000000000       -325.00000000000000        0.0000000000000000     
   186.58641920679636       -160.53784688577332       -49.969665333736145       -8.8265588854436814        80.419002445756163     
   239.73364952676732        22.737200598596839        212.35299035853799       -59.549966970172207        91.188000000000002     
   223.67993126643626        137.80064628717648       -162.38332502480185        68.376525855615796        0.0000000000000000     

 PASSED   1.0000000000000001E-005
 MU_R    =    325.00000000000000     
 ALPHA_S =   0.11799999999999999     
 BORN                    2.4637083209825265E-008
 SINGLE POLE (MadFKS)   -1.4029499058112745E-010
 DOUBLE POLE (MadFKS)   -1.2338437386474227E-009
 SINGLE POLE (MadLoop)  -1.4029499058025721E-010
 DOUBLE POLE (MadLoop)  -1.2338437386474423E-009
 FINITE PART (MadLoop)   4.3441292510191127E-009
   325.00000000000000        0.0000000000000000        0.0000000000000000        325.00000000000000        0.0000000000000000     
   325.00000000000000        0.0000000000000000        0.0000000000000000       -325.00000000000000        0.0000000000000000     
   231.99317278055088        156.97109170263820       -73.093034183095156       -131.79947263174805        80.419002445756163     
   133.47037372281289        61.222597575175648       -72.649577337528456        21.746764737171947        91.188000000000002     
   284.53645349663623       -218.19368927781386        145.74261152062354        110.05270789457606        0.0000000000000000     

 PASSED   1.0000000000000001E-005
 MU_R    =    325.00000000000000     
 ALPHA_S =   0.11799999999999999     
 BORN                    4.7740382143141216E-007
 SINGLE POLE (MadFKS)   -2.7185590136905653E-009
 DOUBLE POLE (MadFKS)   -2.3908744020663551E-008
 SINGLE POLE (MadLoop)  -2.7185569266741110E-009
 DOUBLE POLE (MadLoop)  -2.3908744020668144E-008
 FINITE PART (MadLoop)   4.3918143069843848E-008
   325.00000000000000        0.0000000000000000        0.0000000000000000        325.00000000000000        0.0000000000000000     
   325.00000000000000        0.0000000000000000        0.0000000000000000       -325.00000000000000        0.0000000000000000     
   300.72876942709348        134.38738358488379       -164.35044848265017       -197.22965807282768        80.419002445756163     
   302.75747955190775       -165.40696208815297        129.69702408347658        197.90416599274076        91.188000000000002     
   46.513751021001731        31.019578503269116        34.653424399173574      -0.67450791991310632        0.0000000000000000     

 PASSED   1.0000000000000001E-005
 MU_R    =    325.00000000000000     
 ALPHA_S =   0.11799999999999999     
 BORN                    2.9315306488148958E-008
 SINGLE POLE (MadFKS)   -1.6693496598645760E-010
 DOUBLE POLE (MadFKS)   -1.4681326944785401E-009
 SINGLE POLE (MadLoop)  -1.6693496598622299E-010
 DOUBLE POLE (MadLoop)  -1.4681326944785417E-009
 FINITE PART (MadLoop)   5.2012809552397631E-009
   325.00000000000000        0.0000000000000000        0.0000000000000000        325.00000000000000        0.0000000000000000     
   325.00000000000000        0.0000000000000000        0.0000000000000000       -325.00000000000000        0.0000000000000000     
   175.28564628077359        54.372028318452799        93.261401643370647       -112.26680425552878        80.419002445756163     
   195.74201472624358        43.665228038297094        160.20529074975451        49.267612700831073        91.188000000000002     
   278.97233899298288       -98.037256356749879       -253.46669239312516        62.999191554697710        0.0000000000000000     

 PASSED   1.0000000000000001E-005
 MU_R    =    325.00000000000000     
 ALPHA_S =   0.11799999999999999     
 BORN                    1.3279483576899170E-006
 SINGLE POLE (MadFKS)   -7.5619545036091864E-009
 DOUBLE POLE (MadFKS)   -6.6504656920158726E-008
 SINGLE POLE (MadLoop)  -7.5619545036333219E-009
 DOUBLE POLE (MadLoop)  -6.6504656920224636E-008
 FINITE PART (MadLoop)   2.4291298593329640E-007
   325.00000000000000        0.0000000000000000        0.0000000000000000        325.00000000000000        0.0000000000000000     
   325.00000000000000        0.0000000000000000        0.0000000000000000       -325.00000000000000        0.0000000000000000     
   291.90296586855692        87.833619191931604       -134.42003343952726       -230.12308766886565        80.419002445756163     
   252.10110907224762       -113.14517540381675        159.55356564291699        130.30942722968362        91.188000000000002     
   105.99592505919546        25.311556211885108       -25.133532203389784        99.813660439182016        0.0000000000000000     

 PASSED   1.0000000000000001E-005
 MU_R    =    325.00000000000000     
 ALPHA_S =   0.11799999999999999     
 BORN                    4.5332199641624775E-009
 SINGLE POLE (MadFKS)   -2.5814259210712715E-011
 DOUBLE POLE (MadFKS)   -2.2702708031861362E-010
 SINGLE POLE (MadLoop)  -2.5814259210736244E-011
 DOUBLE POLE (MadLoop)  -2.2702708031860506E-010
 FINITE PART (MadLoop)   3.3164870512846757E-010
   325.00000000000000        0.0000000000000000        0.0000000000000000        325.00000000000000        0.0000000000000000     
   325.00000000000000        0.0000000000000000        0.0000000000000000       -325.00000000000000        0.0000000000000000     
   240.60320693014040        193.34481238875466       -118.44016092191002        3.5212261851185449        80.419002445756163     
   211.86327798681913       -156.37858226415872       -51.424215017839380       -97.324644022831961        91.188000000000002     
   197.53351508304047       -36.966230124595945        169.86437593974949        93.803417837713440        0.0000000000000000     

 PASSED   1.0000000000000001E-005
 MU_R    =    325.00000000000000     
 ALPHA_S =   0.11799999999999999     
 BORN                    3.0355285898288765E-009
 SINGLE POLE (MadFKS)   -1.7285709160123281E-011
 DOUBLE POLE (MadFKS)   -1.5202156489660868E-010
 SINGLE POLE (MadLoop)  -1.7285709160228194E-011
 DOUBLE POLE (MadLoop)  -1.5202156489660677E-010
 FINITE PART (MadLoop)   4.4312531803429925E-010
   325.00000000000000        0.0000000000000000        0.0000000000000000        325.00000000000000        0.0000000000000000     
   325.00000000000000        0.0000000000000000        0.0000000000000000       -325.00000000000000        0.0000000000000000     
   263.92353540140755        245.18669756563904       -54.706728241373014        8.8923453817263560        80.419002445756163     
   228.80831318279402       -141.28708222809777        101.68093442874658       -117.20469618032897        91.188000000000002     
   157.26815141579843       -103.89961533754123       -46.974206187373639        108.31235079860271        0.0000000000000000     

 PASSED   1.0000000000000001E-005
 MU_R    =    325.00000000000000     
 ALPHA_S =   0.11799999999999999     
 BORN                    1.8876627737335617E-007
 SINGLE POLE (MadFKS)   -1.0749228259117978E-009
 DOUBLE POLE (MadFKS)   -9.4535577698586695E-009
 SINGLE POLE (MadLoop)  -1.0749228258992749E-009
 DOUBLE POLE (MadLoop)  -9.4535577698586348E-009
 FINITE PART (MadLoop)   2.1806143882299160E-008
   325.00000000000000        0.0000000000000000        0.0000000000000000        325.00000000000000        0.0000000000000000     
   325.00000000000000        0.0000000000000000        0.0000000000000000       -325.00000000000000        0.0000000000000000     
   237.28501210479897       -54.980616385301815       -143.23571112445774        162.16542139361039        80.419002445756163     
   288.50822583106975        132.25316117963231        72.155150353038920       -228.52676137318389        91.188000000000002     
   124.20676206413117       -77.272544794330472        71.080560771418774        66.361339979573458        0.0000000000000000     

 PASSED   1.0000000000000001E-005
 MU_R    =    325.00000000000000     
 ALPHA_S =   0.11799999999999999     
 BORN                    9.4664918784358400E-008
 SINGLE POLE (MadFKS)   -5.3906599966015269E-010
 DOUBLE POLE (MadFKS)   -4.7408906450852468E-009
 SINGLE POLE (MadLoop)  -5.3906599966584245E-010
 DOUBLE POLE (MadLoop)  -4.7408906450852997E-009
 FINITE PART (MadLoop)   1.9668946464641520E-008
   325.00000000000000        0.0000000000000000        0.0000000000000000        325.00000000000000        0.0000000000000000     
   325.00000000000000        0.0000000000000000        0.0000000000000000       -325.00000000000000        0.0000000000000000     
   157.34422327460791       -59.116211773544258       -97.494641844119982        72.732777760452493        80.419002445756163     
   267.22551300484503        147.07195885428382        160.78801986674171        124.94508810993234        91.188000000000002     
   225.43026372054709       -87.955747080739641       -63.293378022621852       -197.67786587038484        0.0000000000000000     

 PASSED   1.0000000000000001E-005
 MU_R    =    325.00000000000000     
 ALPHA_S =   0.11799999999999999     
 BORN                    2.6611937559043347E-008
 SINGLE POLE (MadFKS)   -1.5154072815334800E-010
 DOUBLE POLE (MadFKS)   -1.3327459363130793E-009
 SINGLE POLE (MadLoop)  -1.5154072815325476E-010
 DOUBLE POLE (MadLoop)  -1.3327459363130623E-009
 FINITE PART (MadLoop)   5.7671912280293817E-009
   325.00000000000000        0.0000000000000000        0.0000000000000000        325.00000000000000        0.0000000000000000     
   325.00000000000000        0.0000000000000000        0.0000000000000000       -325.00000000000000        0.0000000000000000     
   194.00481500394687        43.836734740799862       -139.57861322038889       -98.827140548955242        80.419002445756163     
   206.07607427720114       -137.69557850576442        47.531204762656088       -113.72250999373813        91.188000000000002     
   249.91911071885193        93.858843764964547        92.047408457732800        212.54965054269337        0.0000000000000000     

 PASSED   1.0000000000000001E-005
 MU_R    =    325.00000000000000     
 ALPHA_S =   0.11799999999999999     
 BORN                    1.7038508020052740E-007
 SINGLE POLE (MadFKS)   -9.7025175497904162E-010
 DOUBLE POLE (MadFKS)   -8.5330135298045586E-009
 SINGLE POLE (MadLoop)  -9.7025175497823904E-010
 DOUBLE POLE (MadLoop)  -8.5330135298047687E-009
 FINITE PART (MadLoop)   4.1217310064021037E-008
   325.00000000000000        0.0000000000000000        0.0000000000000000        325.00000000000000        0.0000000000000000     
   325.00000000000000        0.0000000000000000        0.0000000000000000       -325.00000000000000        0.0000000000000000     
   161.40121054910179       -40.984719478280510        50.032240578864602        124.09739112604349        80.419002445756163     
   264.33057277641205        115.25280919139352       -219.69652664172773        2.3720276893294332        91.188000000000002     
   224.26821667448613       -74.268089713113000        169.66428606286314       -126.46941881537290        0.0000000000000000     

 PASSED   1.0000000000000001E-005
 MU_R    =    325.00000000000000     
 ALPHA_S =   0.11799999999999999     
 BORN                    1.2742134574790589E-007
 SINGLE POLE (MadFKS)   -7.2559630331596733E-010
 DOUBLE POLE (MadFKS)   -6.3813572524844816E-009
 SINGLE POLE (MadLoop)  -7.2559630331654253E-010
 DOUBLE POLE (MadLoop)  -6.3813572524844898E-009
 FINITE PART (MadLoop)   2.0553673509895277E-008
   325.00000000000000        0.0000000000000000        0.0000000000000000        325.00000000000000        0.0000000000000000     
   325.00000000000000        0.0000000000000000        0.0000000000000000       -325.00000000000000        0.0000000000000000     
   129.08980162875264       -74.978479912719735        17.263815160084782        65.399917173315160        80.419002445756163     
   275.12604250759398       -76.229881596645043       -179.57708613368436       -171.23131492045252        91.188000000000002     
   245.78415586365350        151.20836150936478        162.31327097359963        105.83139774713736        0.0000000000000000     

 PASSED   1.0000000000000001E-005
 MU_R    =    325.00000000000000     
 ALPHA_S =   0.11799999999999999     
 BORN                    1.8648216038561435E-006
 SINGLE POLE (MadFKS)   -1.0619160032878583E-008
 DOUBLE POLE (MadFKS)   -9.3391674656306289E-008
 SINGLE POLE (MadLoop)  -1.0619160032910620E-008
 DOUBLE POLE (MadLoop)  -9.3391674656254064E-008
 FINITE PART (MadLoop)   7.1739727859525397E-007
   325.00000000000000        0.0000000000000000        0.0000000000000000        325.00000000000000        0.0000000000000000     
   325.00000000000000        0.0000000000000000        0.0000000000000000       -325.00000000000000        0.0000000000000000     
   156.96274266421179       -76.509627614848881        92.055541823205459        61.985004091104699        80.419002445756163     
   215.69048488578693        28.812896723899438        5.4045445024673491        193.25563848789682        91.188000000000002     
   277.34677245000125        47.696730890949382       -97.460086325672876       -255.24064257900139        0.0000000000000000     

 PASSED   1.0000000000000001E-005
 MU_R    =    325.00000000000000     
 ALPHA_S =   0.11799999999999999     
 BORN                    5.1616635964814173E-009
 SINGLE POLE (MadFKS)   -2.9392909034074833E-011
 DOUBLE POLE (MadFKS)   -2.5850001216796245E-010
 SINGLE POLE (MadLoop)  -2.9392909034091616E-011
 DOUBLE POLE (MadLoop)  -2.5850001216796550E-010
 FINITE PART (MadLoop)   7.2958979721433290E-010
   325.00000000000000        0.0000000000000000        0.0000000000000000        325.00000000000000        0.0000000000000000     
   325.00000000000000        0.0000000000000000        0.0000000000000000       -325.00000000000000        0.0000000000000000     
   268.53940939491270        142.65512480557891       -203.26941772172719       -63.065502690240429        80.419002445756163     
   204.03585701991048        31.635462852690136        170.85143721686731        55.896006090562942        91.188000000000002     
   177.42473358517682       -174.29058765826892        32.417980504859962        7.1694965996774593        0.0000000000000000     

 PASSED   1.0000000000000001E-005
 MU_R    =    325.00000000000000     
 ALPHA_S =   0.11799999999999999     
 BORN                    1.0743535661710956E-007
 SINGLE POLE (MadFKS)   -6.1178680188353019E-010
 DOUBLE POLE (MadFKS)   -5.3804438188733847E-009
 SINGLE POLE (MadLoop)  -6.1178680188361746E-010
 DOUBLE POLE (MadLoop)  -5.3804438188734393E-009
 FINITE PART (MadLoop)   1.1111574993843891E-008
   325.00000000000000        0.0000000000000000        0.0000000000000000        325.00000000000000        0.0000000000000000     
   325.00000000000000        0.0000000000000000        0.0000000000000000       -325.00000000000000        0.0000000000000000     
   146.18242825493459        106.13160291898446       -33.546842903161298       -50.127622816329009        80.419002445756163     
   299.07913211378457       -123.71223604386830        221.35530557280546        129.73121162515503        91.188000000000002     
   204.73843963128081        17.580633124883899       -187.80846266964417       -79.603588808826018        0.0000000000000000     

 PASSED   1.0000000000000001E-005
 MU_R    =    325.00000000000000     
 ALPHA_S =   0.11799999999999999     
 BORN                    5.6746895396381384E-008
 SINGLE POLE (MadFKS)   -3.2314316947911360E-010
 DOUBLE POLE (MadFKS)   -2.8419273895451529E-009
 SINGLE POLE (MadLoop)  -3.2314316947940482E-010
 DOUBLE POLE (MadLoop)  -2.8419273895451620E-009
 FINITE PART (MadLoop)   5.6389545432328532E-009
   325.00000000000000        0.0000000000000000        0.0000000000000000        325.00000000000000        0.0000000000000000     
   325.00000000000000        0.0000000000000000        0.0000000000000000       -325.00000000000000        0.0000000000000000     
   135.10429144807208        6.4675124542318185        92.909628934523468       -55.784637197158013        80.419002445756163     
   250.30626887620883       -143.43270958162856        116.30207764818890        142.26335245422814        91.188000000000002     
   264.58943967571918        136.96519712739675       -209.21170658271234       -86.478715257070178        0.0000000000000000     

 PASSED   1.0000000000000001E-005
 MU_R    =    325.00000000000000     
 ALPHA_S =   0.11799999999999999     
 BORN                    1.2617639551982749E-007
 SINGLE POLE (MadFKS)   -7.1850697869767766E-010
 DOUBLE POLE (MadFKS)   -6.3190092045942329E-009
 SINGLE POLE (MadLoop)  -7.1850697781031315E-010
 DOUBLE POLE (MadLoop)  -6.3190092045815853E-009
 FINITE PART (MadLoop)   1.7827282040689334E-008
   325.00000000000000        0.0000000000000000        0.0000000000000000        325.00000000000000        0.0000000000000000     
   325.00000000000000        0.0000000000000000        0.0000000000000000       -325.00000000000000        0.0000000000000000     
   88.789188876455015        24.336049247850266       -2.3024136102269503       -28.613977450573245        80.419002445756163     
   283.75527633095049       -173.19178684596719       -12.749113832304765       -205.04602060817007        91.188000000000002     
   277.45553479259456        148.85573759811697        15.051527442531716        233.65999805874330        0.0000000000000000     

 PASSED   1.0000000000000001E-005
 MU_R    =    325.00000000000000     
 ALPHA_S =   0.11799999999999999     
 BORN                    9.0010843083175681E-008
 SINGLE POLE (MadFKS)   -5.1256353177057250E-010
 DOUBLE POLE (MadFKS)   -4.5078110181590636E-009
 SINGLE POLE (MadLoop)  -5.1256353177114914E-010
 DOUBLE POLE (MadLoop)  -4.5078110181590884E-009
 FINITE PART (MadLoop)   1.2263824636767917E-008
   325.00000000000000        0.0000000000000000        0.0000000000000000        325.00000000000000        0.0000000000000000     
   325.00000000000000        0.0000000000000000        0.0000000000000000       -325.00000000000000        0.0000000000000000     
   161.66240438192045       -108.13171315970908        11.588486455503659       -88.548046997040203        80.419002445756163     
   190.22143363463789       -76.354642672522914        69.761189511000495       -131.04307478985132        91.188000000000002     
   298.11616198344166        184.48635583223194       -81.349675966504179        219.59112178689139        0.0000000000000000     

 PASSED   1.0000000000000001E-005
 MU_R    =    325.00000000000000     
Thanks for using LHAPDF 6.2.1. Please make sure to cite the paper:
  Eur.Phys.J. C75 (2015) 3, 132  (http://arxiv.org/abs/1412.7420)
 ALPHA_S =   0.11799999999999999     
 BORN                    2.1146824067227985E-007
 SINGLE POLE (MadFKS)   -1.2041983452608396E-009
 DOUBLE POLE (MadFKS)   -1.0590489241527764E-008
 SINGLE POLE (MadLoop)  -1.2041983452631483E-009
 DOUBLE POLE (MadLoop)  -1.0590489241527482E-008
 FINITE PART (MadLoop)   3.1350814867954344E-008
   325.00000000000000        0.0000000000000000        0.0000000000000000        325.00000000000000        0.0000000000000000     
   325.00000000000000        0.0000000000000000        0.0000000000000000       -325.00000000000000        0.0000000000000000     
   92.290426522694176       -33.054552182793707        29.656563263995082       -8.8426075754780715        80.419002445756163     
   279.54558490747462       -86.744878020074950       -75.033525239496626       -238.06675308551232        91.188000000000002     
   278.16398856983119        119.79943020286863        45.376961975501622        246.90936066099044        0.0000000000000000     

 PASSED   1.0000000000000001E-005
 MU_R    =    325.00000000000000     
 ALPHA_S =   0.11799999999999999     
 BORN                    2.7307683295218104E-008
 SINGLE POLE (MadFKS)   -1.5550262740385271E-010
 DOUBLE POLE (MadFKS)   -1.3675894083653032E-009
 SINGLE POLE (MadLoop)  -1.5550262740411017E-010
 DOUBLE POLE (MadLoop)  -1.3675894083653134E-009
 FINITE PART (MadLoop)   2.9515727830778766E-009
   325.00000000000000        0.0000000000000000        0.0000000000000000        325.00000000000000        0.0000000000000000     
   325.00000000000000        0.0000000000000000        0.0000000000000000       -325.00000000000000        0.0000000000000000     
   160.96269896539491       -25.394304899355443       -137.06053374276780       -3.3636100665794531        80.419002445756163     
   274.75352775110400        165.35269726732395        121.71451020719974       -158.17178376410541        91.188000000000002     
   214.28377328350109       -139.95839236796851        15.346023535568026        161.53539383068491        0.0000000000000000     

 NUMBER OF POINTS PASSING THE CHECK          20
 NUMBER OF POINTS FAILING THE CHECK           0
 TOLERANCE    1.0000000000000001E-005
