The system is: Linux - 2.6.32-754.el6.x86_64 - x86_64
Compiling the C compiler identification source file "CMakeCCompilerId.c" succeeded.
Compiler: /cvmfs/cms.cern.ch/slc6_amd64_gcc630/external/gcc/6.3.0/bin/cc 
Build flags: 
Id flags: 

The output was:
0


Compilation of the C compiler identification source "CMakeCCompilerId.c" produced "a.out"

The C compiler identification is GNU, found in "/x5/cms/jwkim/Generator/genproductions/bin/MadGraph5_aMCatNLO/WmZA_Exlusive_NLO/WmZA_Exlusive_NLO_gridpack/work/MG5_aMC_v2_6_5/HEPTools/collier/COLLIER-1.2.5/build/CMakeFiles/2.8.12.2/CompilerIdC/a.out"

Compiling the CXX compiler identification source file "CMakeCXXCompilerId.cpp" succeeded.
Compiler: /cvmfs/cms.cern.ch/slc6_amd64_gcc630/external/gcc/6.3.0/bin/g++ 
Build flags: 
Id flags: 

The output was:
0


Compilation of the CXX compiler identification source "CMakeCXXCompilerId.cpp" produced "a.out"

The CXX compiler identification is GNU, found in "/x5/cms/jwkim/Generator/genproductions/bin/MadGraph5_aMCatNLO/WmZA_Exlusive_NLO/WmZA_Exlusive_NLO_gridpack/work/MG5_aMC_v2_6_5/HEPTools/collier/COLLIER-1.2.5/build/CMakeFiles/2.8.12.2/CompilerIdCXX/a.out"

Determining if the C compiler works passed with the following output:
Change Dir: /x5/cms/jwkim/Generator/genproductions/bin/MadGraph5_aMCatNLO/WmZA_Exlusive_NLO/WmZA_Exlusive_NLO_gridpack/work/MG5_aMC_v2_6_5/HEPTools/collier/COLLIER-1.2.5/build/CMakeFiles/CMakeTmp

Run Build Command:/cvmfs/cms.cern.ch/slc6_amd64_gcc630/cms/cmssw/CMSSW_9_3_16/external/slc6_amd64_gcc630/bin/gmake "cmTryCompileExec949823580/fast"
/cvmfs/cms.cern.ch/slc6_amd64_gcc630/cms/cmssw/CMSSW_9_3_16/external/slc6_amd64_gcc630/bin/gmake -f CMakeFiles/cmTryCompileExec949823580.dir/build.make CMakeFiles/cmTryCompileExec949823580.dir/build
gmake[1]: Entering directory '/x5/cms/jwkim/Generator/genproductions/bin/MadGraph5_aMCatNLO/WmZA_Exlusive_NLO/WmZA_Exlusive_NLO_gridpack/work/MG5_aMC_v2_6_5/HEPTools/collier/COLLIER-1.2.5/build/CMakeFiles/CMakeTmp'
/usr/bin/cmake -E cmake_progress_report /x5/cms/jwkim/Generator/genproductions/bin/MadGraph5_aMCatNLO/WmZA_Exlusive_NLO/WmZA_Exlusive_NLO_gridpack/work/MG5_aMC_v2_6_5/HEPTools/collier/COLLIER-1.2.5/build/CMakeFiles/CMakeTmp/CMakeFiles 1
Building C object CMakeFiles/cmTryCompileExec949823580.dir/testCCompiler.c.o
/cvmfs/cms.cern.ch/slc6_amd64_gcc630/external/gcc/6.3.0/bin/cc    -o CMakeFiles/cmTryCompileExec949823580.dir/testCCompiler.c.o   -c /x5/cms/jwkim/Generator/genproductions/bin/MadGraph5_aMCatNLO/WmZA_Exlusive_NLO/WmZA_Exlusive_NLO_gridpack/work/MG5_aMC_v2_6_5/HEPTools/collier/COLLIER-1.2.5/build/CMakeFiles/CMakeTmp/testCCompiler.c
Linking C executable cmTryCompileExec949823580
/usr/bin/cmake -E cmake_link_script CMakeFiles/cmTryCompileExec949823580.dir/link.txt --verbose=1
/cvmfs/cms.cern.ch/slc6_amd64_gcc630/external/gcc/6.3.0/bin/cc       CMakeFiles/cmTryCompileExec949823580.dir/testCCompiler.c.o  -o cmTryCompileExec949823580 -rdynamic 
gmake[1]: Leaving directory '/x5/cms/jwkim/Generator/genproductions/bin/MadGraph5_aMCatNLO/WmZA_Exlusive_NLO/WmZA_Exlusive_NLO_gridpack/work/MG5_aMC_v2_6_5/HEPTools/collier/COLLIER-1.2.5/build/CMakeFiles/CMakeTmp'


Detecting C compiler ABI info compiled with the following output:
Change Dir: /x5/cms/jwkim/Generator/genproductions/bin/MadGraph5_aMCatNLO/WmZA_Exlusive_NLO/WmZA_Exlusive_NLO_gridpack/work/MG5_aMC_v2_6_5/HEPTools/collier/COLLIER-1.2.5/build/CMakeFiles/CMakeTmp

Run Build Command:/cvmfs/cms.cern.ch/slc6_amd64_gcc630/cms/cmssw/CMSSW_9_3_16/external/slc6_amd64_gcc630/bin/gmake "cmTryCompileExec1009284947/fast"
/cvmfs/cms.cern.ch/slc6_amd64_gcc630/cms/cmssw/CMSSW_9_3_16/external/slc6_amd64_gcc630/bin/gmake -f CMakeFiles/cmTryCompileExec1009284947.dir/build.make CMakeFiles/cmTryCompileExec1009284947.dir/build
gmake[1]: Entering directory '/x5/cms/jwkim/Generator/genproductions/bin/MadGraph5_aMCatNLO/WmZA_Exlusive_NLO/WmZA_Exlusive_NLO_gridpack/work/MG5_aMC_v2_6_5/HEPTools/collier/COLLIER-1.2.5/build/CMakeFiles/CMakeTmp'
/usr/bin/cmake -E cmake_progress_report /x5/cms/jwkim/Generator/genproductions/bin/MadGraph5_aMCatNLO/WmZA_Exlusive_NLO/WmZA_Exlusive_NLO_gridpack/work/MG5_aMC_v2_6_5/HEPTools/collier/COLLIER-1.2.5/build/CMakeFiles/CMakeTmp/CMakeFiles 1
Building C object CMakeFiles/cmTryCompileExec1009284947.dir/CMakeCCompilerABI.c.o
/cvmfs/cms.cern.ch/slc6_amd64_gcc630/external/gcc/6.3.0/bin/cc    -o CMakeFiles/cmTryCompileExec1009284947.dir/CMakeCCompilerABI.c.o   -c /usr/share/cmake/Modules/CMakeCCompilerABI.c
Linking C executable cmTryCompileExec1009284947
/usr/bin/cmake -E cmake_link_script CMakeFiles/cmTryCompileExec1009284947.dir/link.txt --verbose=1
/cvmfs/cms.cern.ch/slc6_amd64_gcc630/external/gcc/6.3.0/bin/cc     -v CMakeFiles/cmTryCompileExec1009284947.dir/CMakeCCompilerABI.c.o  -o cmTryCompileExec1009284947 -rdynamic  
Using built-in specs.
COLLECT_GCC=/cvmfs/cms.cern.ch/slc6_amd64_gcc630/external/gcc/6.3.0/bin/cc
COLLECT_LTO_WRAPPER=/cvmfs/cms.cern.ch/slc6_amd64_gcc630/external/gcc/6.3.0/bin/../libexec/gcc/x86_64-unknown-linux-gnu/6.3.0/lto-wrapper
Target: x86_64-unknown-linux-gnu
Configured with: ../configure --prefix=/mnt/build/davidlt/gcc630/b/tmp/BUILDROOT/81ba3d1519d143a9fdd7a80ab404d079/opt/cmssw/slc6_amd64_gcc630/external/gcc/6.3.0 --disable-multilib --disable-nls --disable-dssi --enable-languages=c,c++,fortran --enable-gnu-indirect-function --enable-__cxa_atexit --disable-libunwind-exceptions --enable-gnu-unique-object --enable-plugin --with-linker-hash-style=gnu --enable-linker-build-id --enable-ld=default --enable-lto --enable-gold=yes --with-gmp=/mnt/build/davidlt/gcc630/b/tmp/BUILDROOT/81ba3d1519d143a9fdd7a80ab404d079/opt/cmssw/slc6_amd64_gcc630/external/gcc/6.3.0 --with-mpfr=/mnt/build/davidlt/gcc630/b/tmp/BUILDROOT/81ba3d1519d143a9fdd7a80ab404d079/opt/cmssw/slc6_amd64_gcc630/external/gcc/6.3.0 --enable-bootstrap --with-mpc=/mnt/build/davidlt/gcc630/b/tmp/BUILDROOT/81ba3d1519d143a9fdd7a80ab404d079/opt/cmssw/slc6_amd64_gcc630/external/gcc/6.3.0 --with-isl=/mnt/build/davidlt/gcc630/b/tmp/BUILDROOT/81ba3d1519d143a9fdd7a80ab404d079/opt/cmssw/slc6_amd64_gcc630/external/gcc/6.3.0 --enable-checking=release --build=x86_64-unknown-linux-gnu --host=x86_64-unknown-linux-gnu --enable-libstdcxx-time=rt --enable-shared --disable-libgcj CC='gcc -fPIC' CXX='c++ -fPIC' CPP=cpp CXXCPP='c++ -E' CFLAGS=-I/mnt/build/davidlt/gcc630/b/tmp/BUILDROOT/81ba3d1519d143a9fdd7a80ab404d079/opt/cmssw/slc6_amd64_gcc630/external/gcc/6.3.0/tmp/sw/include CXXFLAGS=-I/mnt/build/davidlt/gcc630/b/tmp/BUILDROOT/81ba3d1519d143a9fdd7a80ab404d079/opt/cmssw/slc6_amd64_gcc630/external/gcc/6.3.0/tmp/sw/include LDFLAGS=-L/mnt/build/davidlt/gcc630/b/tmp/BUILDROOT/81ba3d1519d143a9fdd7a80ab404d079/opt/cmssw/slc6_amd64_gcc630/external/gcc/6.3.0/tmp/sw/lib
Thread model: posix
gcc version 6.3.0 (GCC) 
COMPILER_PATH=/cvmfs/cms.cern.ch/slc6_amd64_gcc630/external/gcc/6.3.0/bin/../libexec/gcc/x86_64-unknown-linux-gnu/6.3.0/:/cvmfs/cms.cern.ch/slc6_amd64_gcc630/external/gcc/6.3.0/bin/../libexec/gcc/:/cvmfs/cms.cern.ch/slc6_amd64_gcc630/external/gcc/6.3.0/bin/../lib/gcc/x86_64-unknown-linux-gnu/6.3.0/../../../../x86_64-unknown-linux-gnu/bin/
LIBRARY_PATH=/cvmfs/cms.cern.ch/slc6_amd64_gcc630/external/gcc/6.3.0/bin/../lib/gcc/x86_64-unknown-linux-gnu/6.3.0/:/cvmfs/cms.cern.ch/slc6_amd64_gcc630/external/gcc/6.3.0/bin/../lib/gcc/:/cvmfs/cms.cern.ch/slc6_amd64_gcc630/external/gcc/6.3.0/bin/../lib/gcc/x86_64-unknown-linux-gnu/6.3.0/../../../../lib64/:/lib/../lib64/:/usr/lib/../lib64/:/cvmfs/cms.cern.ch/slc6_amd64_gcc630/external/gcc/6.3.0/bin/../lib/gcc/x86_64-unknown-linux-gnu/6.3.0/../../../../x86_64-unknown-linux-gnu/lib/:/cvmfs/cms.cern.ch/slc6_amd64_gcc630/external/gcc/6.3.0/bin/../lib/gcc/x86_64-unknown-linux-gnu/6.3.0/../../../:/lib/:/usr/lib/
COLLECT_GCC_OPTIONS='-v' '-o' 'cmTryCompileExec1009284947' '-rdynamic' '-mtune=generic' '-march=x86-64'
 /cvmfs/cms.cern.ch/slc6_amd64_gcc630/external/gcc/6.3.0/bin/../libexec/gcc/x86_64-unknown-linux-gnu/6.3.0/collect2 -plugin /cvmfs/cms.cern.ch/slc6_amd64_gcc630/external/gcc/6.3.0/bin/../libexec/gcc/x86_64-unknown-linux-gnu/6.3.0/liblto_plugin.so -plugin-opt=/cvmfs/cms.cern.ch/slc6_amd64_gcc630/external/gcc/6.3.0/bin/../libexec/gcc/x86_64-unknown-linux-gnu/6.3.0/lto-wrapper -plugin-opt=-fresolution=/tmp/cciEIowj.res -plugin-opt=-pass-through=-lgcc -plugin-opt=-pass-through=-lgcc_s -plugin-opt=-pass-through=-lc -plugin-opt=-pass-through=-lgcc -plugin-opt=-pass-through=-lgcc_s --build-id --eh-frame-hdr --hash-style=gnu -m elf_x86_64 -export-dynamic -dynamic-linker /lib64/ld-linux-x86-64.so.2 -z common-page-size=4096 -z max-page-size=4096 -o cmTryCompileExec1009284947 /usr/lib/../lib64/crt1.o /usr/lib/../lib64/crti.o /cvmfs/cms.cern.ch/slc6_amd64_gcc630/external/gcc/6.3.0/bin/../lib/gcc/x86_64-unknown-linux-gnu/6.3.0/crtbegin.o -L/cvmfs/cms.cern.ch/slc6_amd64_gcc630/external/gcc/6.3.0/bin/../lib/gcc/x86_64-unknown-linux-gnu/6.3.0 -L/cvmfs/cms.cern.ch/slc6_amd64_gcc630/external/gcc/6.3.0/bin/../lib/gcc -L/cvmfs/cms.cern.ch/slc6_amd64_gcc630/external/gcc/6.3.0/bin/../lib/gcc/x86_64-unknown-linux-gnu/6.3.0/../../../../lib64 -L/lib/../lib64 -L/usr/lib/../lib64 -L/cvmfs/cms.cern.ch/slc6_amd64_gcc630/external/gcc/6.3.0/bin/../lib/gcc/x86_64-unknown-linux-gnu/6.3.0/../../../../x86_64-unknown-linux-gnu/lib -L/cvmfs/cms.cern.ch/slc6_amd64_gcc630/external/gcc/6.3.0/bin/../lib/gcc/x86_64-unknown-linux-gnu/6.3.0/../../.. CMakeFiles/cmTryCompileExec1009284947.dir/CMakeCCompilerABI.c.o -lgcc --as-needed -lgcc_s --no-as-needed -lc -lgcc --as-needed -lgcc_s --no-as-needed /cvmfs/cms.cern.ch/slc6_amd64_gcc630/external/gcc/6.3.0/bin/../lib/gcc/x86_64-unknown-linux-gnu/6.3.0/crtend.o /usr/lib/../lib64/crtn.o
COLLECT_GCC_OPTIONS='-v' '-o' 'cmTryCompileExec1009284947' '-rdynamic' '-mtune=generic' '-march=x86-64'
gmake[1]: Leaving directory '/x5/cms/jwkim/Generator/genproductions/bin/MadGraph5_aMCatNLO/WmZA_Exlusive_NLO/WmZA_Exlusive_NLO_gridpack/work/MG5_aMC_v2_6_5/HEPTools/collier/COLLIER-1.2.5/build/CMakeFiles/CMakeTmp'


Parsed C implicit link information from above output:
  link line regex: [^( *|.*[/\])(ld|([^/\]+-)?ld|collect2)[^/\]*( |$)]
  ignore line: [Change Dir: /x5/cms/jwkim/Generator/genproductions/bin/MadGraph5_aMCatNLO/WmZA_Exlusive_NLO/WmZA_Exlusive_NLO_gridpack/work/MG5_aMC_v2_6_5/HEPTools/collier/COLLIER-1.2.5/build/CMakeFiles/CMakeTmp]
  ignore line: []
  ignore line: [Run Build Command:/cvmfs/cms.cern.ch/slc6_amd64_gcc630/cms/cmssw/CMSSW_9_3_16/external/slc6_amd64_gcc630/bin/gmake "cmTryCompileExec1009284947/fast"]
  ignore line: [/cvmfs/cms.cern.ch/slc6_amd64_gcc630/cms/cmssw/CMSSW_9_3_16/external/slc6_amd64_gcc630/bin/gmake -f CMakeFiles/cmTryCompileExec1009284947.dir/build.make CMakeFiles/cmTryCompileExec1009284947.dir/build]
  ignore line: [gmake[1]: Entering directory '/x5/cms/jwkim/Generator/genproductions/bin/MadGraph5_aMCatNLO/WmZA_Exlusive_NLO/WmZA_Exlusive_NLO_gridpack/work/MG5_aMC_v2_6_5/HEPTools/collier/COLLIER-1.2.5/build/CMakeFiles/CMakeTmp']
  ignore line: [/usr/bin/cmake -E cmake_progress_report /x5/cms/jwkim/Generator/genproductions/bin/MadGraph5_aMCatNLO/WmZA_Exlusive_NLO/WmZA_Exlusive_NLO_gridpack/work/MG5_aMC_v2_6_5/HEPTools/collier/COLLIER-1.2.5/build/CMakeFiles/CMakeTmp/CMakeFiles 1]
  ignore line: [Building C object CMakeFiles/cmTryCompileExec1009284947.dir/CMakeCCompilerABI.c.o]
  ignore line: [/cvmfs/cms.cern.ch/slc6_amd64_gcc630/external/gcc/6.3.0/bin/cc    -o CMakeFiles/cmTryCompileExec1009284947.dir/CMakeCCompilerABI.c.o   -c /usr/share/cmake/Modules/CMakeCCompilerABI.c]
  ignore line: [Linking C executable cmTryCompileExec1009284947]
  ignore line: [/usr/bin/cmake -E cmake_link_script CMakeFiles/cmTryCompileExec1009284947.dir/link.txt --verbose=1]
  ignore line: [/cvmfs/cms.cern.ch/slc6_amd64_gcc630/external/gcc/6.3.0/bin/cc     -v CMakeFiles/cmTryCompileExec1009284947.dir/CMakeCCompilerABI.c.o  -o cmTryCompileExec1009284947 -rdynamic  ]
  ignore line: [Using built-in specs.]
  ignore line: [COLLECT_GCC=/cvmfs/cms.cern.ch/slc6_amd64_gcc630/external/gcc/6.3.0/bin/cc]
  ignore line: [COLLECT_LTO_WRAPPER=/cvmfs/cms.cern.ch/slc6_amd64_gcc630/external/gcc/6.3.0/bin/../libexec/gcc/x86_64-unknown-linux-gnu/6.3.0/lto-wrapper]
  ignore line: [Target: x86_64-unknown-linux-gnu]
  ignore line: [Configured with: ../configure --prefix=/mnt/build/davidlt/gcc630/b/tmp/BUILDROOT/81ba3d1519d143a9fdd7a80ab404d079/opt/cmssw/slc6_amd64_gcc630/external/gcc/6.3.0 --disable-multilib --disable-nls --disable-dssi --enable-languages=c,c++,fortran --enable-gnu-indirect-function --enable-__cxa_atexit --disable-libunwind-exceptions --enable-gnu-unique-object --enable-plugin --with-linker-hash-style=gnu --enable-linker-build-id --enable-ld=default --enable-lto --enable-gold=yes --with-gmp=/mnt/build/davidlt/gcc630/b/tmp/BUILDROOT/81ba3d1519d143a9fdd7a80ab404d079/opt/cmssw/slc6_amd64_gcc630/external/gcc/6.3.0 --with-mpfr=/mnt/build/davidlt/gcc630/b/tmp/BUILDROOT/81ba3d1519d143a9fdd7a80ab404d079/opt/cmssw/slc6_amd64_gcc630/external/gcc/6.3.0 --enable-bootstrap --with-mpc=/mnt/build/davidlt/gcc630/b/tmp/BUILDROOT/81ba3d1519d143a9fdd7a80ab404d079/opt/cmssw/slc6_amd64_gcc630/external/gcc/6.3.0 --with-isl=/mnt/build/davidlt/gcc630/b/tmp/BUILDROOT/81ba3d1519d143a9fdd7a80ab404d079/opt/cmssw/slc6_amd64_gcc630/external/gcc/6.3.0 --enable-checking=release --build=x86_64-unknown-linux-gnu --host=x86_64-unknown-linux-gnu --enable-libstdcxx-time=rt --enable-shared --disable-libgcj CC='gcc -fPIC' CXX='c++ -fPIC' CPP=cpp CXXCPP='c++ -E' CFLAGS=-I/mnt/build/davidlt/gcc630/b/tmp/BUILDROOT/81ba3d1519d143a9fdd7a80ab404d079/opt/cmssw/slc6_amd64_gcc630/external/gcc/6.3.0/tmp/sw/include CXXFLAGS=-I/mnt/build/davidlt/gcc630/b/tmp/BUILDROOT/81ba3d1519d143a9fdd7a80ab404d079/opt/cmssw/slc6_amd64_gcc630/external/gcc/6.3.0/tmp/sw/include LDFLAGS=-L/mnt/build/davidlt/gcc630/b/tmp/BUILDROOT/81ba3d1519d143a9fdd7a80ab404d079/opt/cmssw/slc6_amd64_gcc630/external/gcc/6.3.0/tmp/sw/lib]
  ignore line: [Thread model: posix]
  ignore line: [gcc version 6.3.0 (GCC) ]
  ignore line: [COMPILER_PATH=/cvmfs/cms.cern.ch/slc6_amd64_gcc630/external/gcc/6.3.0/bin/../libexec/gcc/x86_64-unknown-linux-gnu/6.3.0/:/cvmfs/cms.cern.ch/slc6_amd64_gcc630/external/gcc/6.3.0/bin/../libexec/gcc/:/cvmfs/cms.cern.ch/slc6_amd64_gcc630/external/gcc/6.3.0/bin/../lib/gcc/x86_64-unknown-linux-gnu/6.3.0/../../../../x86_64-unknown-linux-gnu/bin/]
  ignore line: [LIBRARY_PATH=/cvmfs/cms.cern.ch/slc6_amd64_gcc630/external/gcc/6.3.0/bin/../lib/gcc/x86_64-unknown-linux-gnu/6.3.0/:/cvmfs/cms.cern.ch/slc6_amd64_gcc630/external/gcc/6.3.0/bin/../lib/gcc/:/cvmfs/cms.cern.ch/slc6_amd64_gcc630/external/gcc/6.3.0/bin/../lib/gcc/x86_64-unknown-linux-gnu/6.3.0/../../../../lib64/:/lib/../lib64/:/usr/lib/../lib64/:/cvmfs/cms.cern.ch/slc6_amd64_gcc630/external/gcc/6.3.0/bin/../lib/gcc/x86_64-unknown-linux-gnu/6.3.0/../../../../x86_64-unknown-linux-gnu/lib/:/cvmfs/cms.cern.ch/slc6_amd64_gcc630/external/gcc/6.3.0/bin/../lib/gcc/x86_64-unknown-linux-gnu/6.3.0/../../../:/lib/:/usr/lib/]
  ignore line: [COLLECT_GCC_OPTIONS='-v' '-o' 'cmTryCompileExec1009284947' '-rdynamic' '-mtune=generic' '-march=x86-64']
  link line: [ /cvmfs/cms.cern.ch/slc6_amd64_gcc630/external/gcc/6.3.0/bin/../libexec/gcc/x86_64-unknown-linux-gnu/6.3.0/collect2 -plugin /cvmfs/cms.cern.ch/slc6_amd64_gcc630/external/gcc/6.3.0/bin/../libexec/gcc/x86_64-unknown-linux-gnu/6.3.0/liblto_plugin.so -plugin-opt=/cvmfs/cms.cern.ch/slc6_amd64_gcc630/external/gcc/6.3.0/bin/../libexec/gcc/x86_64-unknown-linux-gnu/6.3.0/lto-wrapper -plugin-opt=-fresolution=/tmp/cciEIowj.res -plugin-opt=-pass-through=-lgcc -plugin-opt=-pass-through=-lgcc_s -plugin-opt=-pass-through=-lc -plugin-opt=-pass-through=-lgcc -plugin-opt=-pass-through=-lgcc_s --build-id --eh-frame-hdr --hash-style=gnu -m elf_x86_64 -export-dynamic -dynamic-linker /lib64/ld-linux-x86-64.so.2 -z common-page-size=4096 -z max-page-size=4096 -o cmTryCompileExec1009284947 /usr/lib/../lib64/crt1.o /usr/lib/../lib64/crti.o /cvmfs/cms.cern.ch/slc6_amd64_gcc630/external/gcc/6.3.0/bin/../lib/gcc/x86_64-unknown-linux-gnu/6.3.0/crtbegin.o -L/cvmfs/cms.cern.ch/slc6_amd64_gcc630/external/gcc/6.3.0/bin/../lib/gcc/x86_64-unknown-linux-gnu/6.3.0 -L/cvmfs/cms.cern.ch/slc6_amd64_gcc630/external/gcc/6.3.0/bin/../lib/gcc -L/cvmfs/cms.cern.ch/slc6_amd64_gcc630/external/gcc/6.3.0/bin/../lib/gcc/x86_64-unknown-linux-gnu/6.3.0/../../../../lib64 -L/lib/../lib64 -L/usr/lib/../lib64 -L/cvmfs/cms.cern.ch/slc6_amd64_gcc630/external/gcc/6.3.0/bin/../lib/gcc/x86_64-unknown-linux-gnu/6.3.0/../../../../x86_64-unknown-linux-gnu/lib -L/cvmfs/cms.cern.ch/slc6_amd64_gcc630/external/gcc/6.3.0/bin/../lib/gcc/x86_64-unknown-linux-gnu/6.3.0/../../.. CMakeFiles/cmTryCompileExec1009284947.dir/CMakeCCompilerABI.c.o -lgcc --as-needed -lgcc_s --no-as-needed -lc -lgcc --as-needed -lgcc_s --no-as-needed /cvmfs/cms.cern.ch/slc6_amd64_gcc630/external/gcc/6.3.0/bin/../lib/gcc/x86_64-unknown-linux-gnu/6.3.0/crtend.o /usr/lib/../lib64/crtn.o]
    arg [/cvmfs/cms.cern.ch/slc6_amd64_gcc630/external/gcc/6.3.0/bin/../libexec/gcc/x86_64-unknown-linux-gnu/6.3.0/collect2] ==> ignore
    arg [-plugin] ==> ignore
    arg [/cvmfs/cms.cern.ch/slc6_amd64_gcc630/external/gcc/6.3.0/bin/../libexec/gcc/x86_64-unknown-linux-gnu/6.3.0/liblto_plugin.so] ==> ignore
    arg [-plugin-opt=/cvmfs/cms.cern.ch/slc6_amd64_gcc630/external/gcc/6.3.0/bin/../libexec/gcc/x86_64-unknown-linux-gnu/6.3.0/lto-wrapper] ==> ignore
    arg [-plugin-opt=-fresolution=/tmp/cciEIowj.res] ==> ignore
    arg [-plugin-opt=-pass-through=-lgcc] ==> ignore
    arg [-plugin-opt=-pass-through=-lgcc_s] ==> ignore
    arg [-plugin-opt=-pass-through=-lc] ==> ignore
    arg [-plugin-opt=-pass-through=-lgcc] ==> ignore
    arg [-plugin-opt=-pass-through=-lgcc_s] ==> ignore
    arg [--build-id] ==> ignore
    arg [--eh-frame-hdr] ==> ignore
    arg [--hash-style=gnu] ==> ignore
    arg [-m] ==> ignore
    arg [elf_x86_64] ==> ignore
    arg [-export-dynamic] ==> ignore
    arg [-dynamic-linker] ==> ignore
    arg [/lib64/ld-linux-x86-64.so.2] ==> ignore
    arg [-zcommon-page-size=4096] ==> ignore
    arg [-zmax-page-size=4096] ==> ignore
    arg [-o] ==> ignore
    arg [cmTryCompileExec1009284947] ==> ignore
    arg [/usr/lib/../lib64/crt1.o] ==> ignore
    arg [/usr/lib/../lib64/crti.o] ==> ignore
    arg [/cvmfs/cms.cern.ch/slc6_amd64_gcc630/external/gcc/6.3.0/bin/../lib/gcc/x86_64-unknown-linux-gnu/6.3.0/crtbegin.o] ==> ignore
    arg [-L/cvmfs/cms.cern.ch/slc6_amd64_gcc630/external/gcc/6.3.0/bin/../lib/gcc/x86_64-unknown-linux-gnu/6.3.0] ==> dir [/cvmfs/cms.cern.ch/slc6_amd64_gcc630/external/gcc/6.3.0/bin/../lib/gcc/x86_64-unknown-linux-gnu/6.3.0]
    arg [-L/cvmfs/cms.cern.ch/slc6_amd64_gcc630/external/gcc/6.3.0/bin/../lib/gcc] ==> dir [/cvmfs/cms.cern.ch/slc6_amd64_gcc630/external/gcc/6.3.0/bin/../lib/gcc]
    arg [-L/cvmfs/cms.cern.ch/slc6_amd64_gcc630/external/gcc/6.3.0/bin/../lib/gcc/x86_64-unknown-linux-gnu/6.3.0/../../../../lib64] ==> dir [/cvmfs/cms.cern.ch/slc6_amd64_gcc630/external/gcc/6.3.0/bin/../lib/gcc/x86_64-unknown-linux-gnu/6.3.0/../../../../lib64]
    arg [-L/lib/../lib64] ==> dir [/lib/../lib64]
    arg [-L/usr/lib/../lib64] ==> dir [/usr/lib/../lib64]
    arg [-L/cvmfs/cms.cern.ch/slc6_amd64_gcc630/external/gcc/6.3.0/bin/../lib/gcc/x86_64-unknown-linux-gnu/6.3.0/../../../../x86_64-unknown-linux-gnu/lib] ==> dir [/cvmfs/cms.cern.ch/slc6_amd64_gcc630/external/gcc/6.3.0/bin/../lib/gcc/x86_64-unknown-linux-gnu/6.3.0/../../../../x86_64-unknown-linux-gnu/lib]
    arg [-L/cvmfs/cms.cern.ch/slc6_amd64_gcc630/external/gcc/6.3.0/bin/../lib/gcc/x86_64-unknown-linux-gnu/6.3.0/../../..] ==> dir [/cvmfs/cms.cern.ch/slc6_amd64_gcc630/external/gcc/6.3.0/bin/../lib/gcc/x86_64-unknown-linux-gnu/6.3.0/../../..]
    arg [CMakeFiles/cmTryCompileExec1009284947.dir/CMakeCCompilerABI.c.o] ==> ignore
    arg [-lgcc] ==> lib [gcc]
    arg [--as-needed] ==> ignore
    arg [-lgcc_s] ==> lib [gcc_s]
    arg [--no-as-needed] ==> ignore
    arg [-lc] ==> lib [c]
    arg [-lgcc] ==> lib [gcc]
    arg [--as-needed] ==> ignore
    arg [-lgcc_s] ==> lib [gcc_s]
    arg [--no-as-needed] ==> ignore
    arg [/cvmfs/cms.cern.ch/slc6_amd64_gcc630/external/gcc/6.3.0/bin/../lib/gcc/x86_64-unknown-linux-gnu/6.3.0/crtend.o] ==> ignore
    arg [/usr/lib/../lib64/crtn.o] ==> ignore
  remove lib [gcc]
  remove lib [gcc_s]
  remove lib [gcc]
  remove lib [gcc_s]
  collapse library dir [/cvmfs/cms.cern.ch/slc6_amd64_gcc630/external/gcc/6.3.0/bin/../lib/gcc/x86_64-unknown-linux-gnu/6.3.0] ==> [/cvmfs/cms.cern.ch/slc6_amd64_gcc630/external/gcc/6.3.0/lib/gcc/x86_64-unknown-linux-gnu/6.3.0]
  collapse library dir [/cvmfs/cms.cern.ch/slc6_amd64_gcc630/external/gcc/6.3.0/bin/../lib/gcc] ==> [/cvmfs/cms.cern.ch/slc6_amd64_gcc630/external/gcc/6.3.0/lib/gcc]
  collapse library dir [/cvmfs/cms.cern.ch/slc6_amd64_gcc630/external/gcc/6.3.0/bin/../lib/gcc/x86_64-unknown-linux-gnu/6.3.0/../../../../lib64] ==> [/cvmfs/cms.cern.ch/slc6_amd64_gcc630/external/gcc/6.3.0/lib64]
  collapse library dir [/lib/../lib64] ==> [/lib64]
  collapse library dir [/usr/lib/../lib64] ==> [/usr/lib64]
  collapse library dir [/cvmfs/cms.cern.ch/slc6_amd64_gcc630/external/gcc/6.3.0/bin/../lib/gcc/x86_64-unknown-linux-gnu/6.3.0/../../../../x86_64-unknown-linux-gnu/lib] ==> [/cvmfs/cms.cern.ch/slc6_amd64_gcc630/external/gcc/6.3.0/x86_64-unknown-linux-gnu/lib]
  collapse library dir [/cvmfs/cms.cern.ch/slc6_amd64_gcc630/external/gcc/6.3.0/bin/../lib/gcc/x86_64-unknown-linux-gnu/6.3.0/../../..] ==> [/cvmfs/cms.cern.ch/slc6_amd64_gcc630/external/gcc/6.3.0/lib]
  implicit libs: [c]
  implicit dirs: [/cvmfs/cms.cern.ch/slc6_amd64_gcc630/external/gcc/6.3.0/lib/gcc/x86_64-unknown-linux-gnu/6.3.0;/cvmfs/cms.cern.ch/slc6_amd64_gcc630/external/gcc/6.3.0/lib/gcc;/cvmfs/cms.cern.ch/slc6_amd64_gcc630/external/gcc/6.3.0/lib64;/lib64;/usr/lib64;/cvmfs/cms.cern.ch/slc6_amd64_gcc630/external/gcc/6.3.0/x86_64-unknown-linux-gnu/lib;/cvmfs/cms.cern.ch/slc6_amd64_gcc630/external/gcc/6.3.0/lib]
  implicit fwks: []


Determining if the CXX compiler works passed with the following output:
Change Dir: /x5/cms/jwkim/Generator/genproductions/bin/MadGraph5_aMCatNLO/WmZA_Exlusive_NLO/WmZA_Exlusive_NLO_gridpack/work/MG5_aMC_v2_6_5/HEPTools/collier/COLLIER-1.2.5/build/CMakeFiles/CMakeTmp

Run Build Command:/cvmfs/cms.cern.ch/slc6_amd64_gcc630/cms/cmssw/CMSSW_9_3_16/external/slc6_amd64_gcc630/bin/gmake "cmTryCompileExec3978388132/fast"
/cvmfs/cms.cern.ch/slc6_amd64_gcc630/cms/cmssw/CMSSW_9_3_16/external/slc6_amd64_gcc630/bin/gmake -f CMakeFiles/cmTryCompileExec3978388132.dir/build.make CMakeFiles/cmTryCompileExec3978388132.dir/build
gmake[1]: Entering directory '/x5/cms/jwkim/Generator/genproductions/bin/MadGraph5_aMCatNLO/WmZA_Exlusive_NLO/WmZA_Exlusive_NLO_gridpack/work/MG5_aMC_v2_6_5/HEPTools/collier/COLLIER-1.2.5/build/CMakeFiles/CMakeTmp'
/usr/bin/cmake -E cmake_progress_report /x5/cms/jwkim/Generator/genproductions/bin/MadGraph5_aMCatNLO/WmZA_Exlusive_NLO/WmZA_Exlusive_NLO_gridpack/work/MG5_aMC_v2_6_5/HEPTools/collier/COLLIER-1.2.5/build/CMakeFiles/CMakeTmp/CMakeFiles 1
Building CXX object CMakeFiles/cmTryCompileExec3978388132.dir/testCXXCompiler.cxx.o
/cvmfs/cms.cern.ch/slc6_amd64_gcc630/external/gcc/6.3.0/bin/g++     -o CMakeFiles/cmTryCompileExec3978388132.dir/testCXXCompiler.cxx.o -c /x5/cms/jwkim/Generator/genproductions/bin/MadGraph5_aMCatNLO/WmZA_Exlusive_NLO/WmZA_Exlusive_NLO_gridpack/work/MG5_aMC_v2_6_5/HEPTools/collier/COLLIER-1.2.5/build/CMakeFiles/CMakeTmp/testCXXCompiler.cxx
Linking CXX executable cmTryCompileExec3978388132
/usr/bin/cmake -E cmake_link_script CMakeFiles/cmTryCompileExec3978388132.dir/link.txt --verbose=1
/cvmfs/cms.cern.ch/slc6_amd64_gcc630/external/gcc/6.3.0/bin/g++        CMakeFiles/cmTryCompileExec3978388132.dir/testCXXCompiler.cxx.o  -o cmTryCompileExec3978388132 -rdynamic 
gmake[1]: Leaving directory '/x5/cms/jwkim/Generator/genproductions/bin/MadGraph5_aMCatNLO/WmZA_Exlusive_NLO/WmZA_Exlusive_NLO_gridpack/work/MG5_aMC_v2_6_5/HEPTools/collier/COLLIER-1.2.5/build/CMakeFiles/CMakeTmp'


Detecting CXX compiler ABI info compiled with the following output:
Change Dir: /x5/cms/jwkim/Generator/genproductions/bin/MadGraph5_aMCatNLO/WmZA_Exlusive_NLO/WmZA_Exlusive_NLO_gridpack/work/MG5_aMC_v2_6_5/HEPTools/collier/COLLIER-1.2.5/build/CMakeFiles/CMakeTmp

Run Build Command:/cvmfs/cms.cern.ch/slc6_amd64_gcc630/cms/cmssw/CMSSW_9_3_16/external/slc6_amd64_gcc630/bin/gmake "cmTryCompileExec606720011/fast"
/cvmfs/cms.cern.ch/slc6_amd64_gcc630/cms/cmssw/CMSSW_9_3_16/external/slc6_amd64_gcc630/bin/gmake -f CMakeFiles/cmTryCompileExec606720011.dir/build.make CMakeFiles/cmTryCompileExec606720011.dir/build
gmake[1]: Entering directory '/x5/cms/jwkim/Generator/genproductions/bin/MadGraph5_aMCatNLO/WmZA_Exlusive_NLO/WmZA_Exlusive_NLO_gridpack/work/MG5_aMC_v2_6_5/HEPTools/collier/COLLIER-1.2.5/build/CMakeFiles/CMakeTmp'
/usr/bin/cmake -E cmake_progress_report /x5/cms/jwkim/Generator/genproductions/bin/MadGraph5_aMCatNLO/WmZA_Exlusive_NLO/WmZA_Exlusive_NLO_gridpack/work/MG5_aMC_v2_6_5/HEPTools/collier/COLLIER-1.2.5/build/CMakeFiles/CMakeTmp/CMakeFiles 1
Building CXX object CMakeFiles/cmTryCompileExec606720011.dir/CMakeCXXCompilerABI.cpp.o
/cvmfs/cms.cern.ch/slc6_amd64_gcc630/external/gcc/6.3.0/bin/g++     -o CMakeFiles/cmTryCompileExec606720011.dir/CMakeCXXCompilerABI.cpp.o -c /usr/share/cmake/Modules/CMakeCXXCompilerABI.cpp
Linking CXX executable cmTryCompileExec606720011
/usr/bin/cmake -E cmake_link_script CMakeFiles/cmTryCompileExec606720011.dir/link.txt --verbose=1
/cvmfs/cms.cern.ch/slc6_amd64_gcc630/external/gcc/6.3.0/bin/g++      -v CMakeFiles/cmTryCompileExec606720011.dir/CMakeCXXCompilerABI.cpp.o  -o cmTryCompileExec606720011 -rdynamic  
Using built-in specs.
COLLECT_GCC=/cvmfs/cms.cern.ch/slc6_amd64_gcc630/external/gcc/6.3.0/bin/g++
COLLECT_LTO_WRAPPER=/cvmfs/cms.cern.ch/slc6_amd64_gcc630/external/gcc/6.3.0/bin/../libexec/gcc/x86_64-unknown-linux-gnu/6.3.0/lto-wrapper
Target: x86_64-unknown-linux-gnu
Configured with: ../configure --prefix=/mnt/build/davidlt/gcc630/b/tmp/BUILDROOT/81ba3d1519d143a9fdd7a80ab404d079/opt/cmssw/slc6_amd64_gcc630/external/gcc/6.3.0 --disable-multilib --disable-nls --disable-dssi --enable-languages=c,c++,fortran --enable-gnu-indirect-function --enable-__cxa_atexit --disable-libunwind-exceptions --enable-gnu-unique-object --enable-plugin --with-linker-hash-style=gnu --enable-linker-build-id --enable-ld=default --enable-lto --enable-gold=yes --with-gmp=/mnt/build/davidlt/gcc630/b/tmp/BUILDROOT/81ba3d1519d143a9fdd7a80ab404d079/opt/cmssw/slc6_amd64_gcc630/external/gcc/6.3.0 --with-mpfr=/mnt/build/davidlt/gcc630/b/tmp/BUILDROOT/81ba3d1519d143a9fdd7a80ab404d079/opt/cmssw/slc6_amd64_gcc630/external/gcc/6.3.0 --enable-bootstrap --with-mpc=/mnt/build/davidlt/gcc630/b/tmp/BUILDROOT/81ba3d1519d143a9fdd7a80ab404d079/opt/cmssw/slc6_amd64_gcc630/external/gcc/6.3.0 --with-isl=/mnt/build/davidlt/gcc630/b/tmp/BUILDROOT/81ba3d1519d143a9fdd7a80ab404d079/opt/cmssw/slc6_amd64_gcc630/external/gcc/6.3.0 --enable-checking=release --build=x86_64-unknown-linux-gnu --host=x86_64-unknown-linux-gnu --enable-libstdcxx-time=rt --enable-shared --disable-libgcj CC='gcc -fPIC' CXX='c++ -fPIC' CPP=cpp CXXCPP='c++ -E' CFLAGS=-I/mnt/build/davidlt/gcc630/b/tmp/BUILDROOT/81ba3d1519d143a9fdd7a80ab404d079/opt/cmssw/slc6_amd64_gcc630/external/gcc/6.3.0/tmp/sw/include CXXFLAGS=-I/mnt/build/davidlt/gcc630/b/tmp/BUILDROOT/81ba3d1519d143a9fdd7a80ab404d079/opt/cmssw/slc6_amd64_gcc630/external/gcc/6.3.0/tmp/sw/include LDFLAGS=-L/mnt/build/davidlt/gcc630/b/tmp/BUILDROOT/81ba3d1519d143a9fdd7a80ab404d079/opt/cmssw/slc6_amd64_gcc630/external/gcc/6.3.0/tmp/sw/lib
Thread model: posix
gcc version 6.3.0 (GCC) 
COMPILER_PATH=/cvmfs/cms.cern.ch/slc6_amd64_gcc630/external/gcc/6.3.0/bin/../libexec/gcc/x86_64-unknown-linux-gnu/6.3.0/:/cvmfs/cms.cern.ch/slc6_amd64_gcc630/external/gcc/6.3.0/bin/../libexec/gcc/:/cvmfs/cms.cern.ch/slc6_amd64_gcc630/external/gcc/6.3.0/bin/../lib/gcc/x86_64-unknown-linux-gnu/6.3.0/../../../../x86_64-unknown-linux-gnu/bin/
LIBRARY_PATH=/cvmfs/cms.cern.ch/slc6_amd64_gcc630/external/gcc/6.3.0/bin/../lib/gcc/x86_64-unknown-linux-gnu/6.3.0/:/cvmfs/cms.cern.ch/slc6_amd64_gcc630/external/gcc/6.3.0/bin/../lib/gcc/:/cvmfs/cms.cern.ch/slc6_amd64_gcc630/external/gcc/6.3.0/bin/../lib/gcc/x86_64-unknown-linux-gnu/6.3.0/../../../../lib64/:/lib/../lib64/:/usr/lib/../lib64/:/cvmfs/cms.cern.ch/slc6_amd64_gcc630/external/gcc/6.3.0/bin/../lib/gcc/x86_64-unknown-linux-gnu/6.3.0/../../../../x86_64-unknown-linux-gnu/lib/:/cvmfs/cms.cern.ch/slc6_amd64_gcc630/external/gcc/6.3.0/bin/../lib/gcc/x86_64-unknown-linux-gnu/6.3.0/../../../:/lib/:/usr/lib/
COLLECT_GCC_OPTIONS='-v' '-o' 'cmTryCompileExec606720011' '-rdynamic' '-shared-libgcc' '-mtune=generic' '-march=x86-64'
 /cvmfs/cms.cern.ch/slc6_amd64_gcc630/external/gcc/6.3.0/bin/../libexec/gcc/x86_64-unknown-linux-gnu/6.3.0/collect2 -plugin /cvmfs/cms.cern.ch/slc6_amd64_gcc630/external/gcc/6.3.0/bin/../libexec/gcc/x86_64-unknown-linux-gnu/6.3.0/liblto_plugin.so -plugin-opt=/cvmfs/cms.cern.ch/slc6_amd64_gcc630/external/gcc/6.3.0/bin/../libexec/gcc/x86_64-unknown-linux-gnu/6.3.0/lto-wrapper -plugin-opt=-fresolution=/tmp/ccSHaZZJ.res -plugin-opt=-pass-through=-lgcc_s -plugin-opt=-pass-through=-lgcc -plugin-opt=-pass-through=-lc -plugin-opt=-pass-through=-lgcc_s -plugin-opt=-pass-through=-lgcc --build-id --eh-frame-hdr --hash-style=gnu -m elf_x86_64 -export-dynamic -dynamic-linker /lib64/ld-linux-x86-64.so.2 -z common-page-size=4096 -z max-page-size=4096 -o cmTryCompileExec606720011 /usr/lib/../lib64/crt1.o /usr/lib/../lib64/crti.o /cvmfs/cms.cern.ch/slc6_amd64_gcc630/external/gcc/6.3.0/bin/../lib/gcc/x86_64-unknown-linux-gnu/6.3.0/crtbegin.o -L/cvmfs/cms.cern.ch/slc6_amd64_gcc630/external/gcc/6.3.0/bin/../lib/gcc/x86_64-unknown-linux-gnu/6.3.0 -L/cvmfs/cms.cern.ch/slc6_amd64_gcc630/external/gcc/6.3.0/bin/../lib/gcc -L/cvmfs/cms.cern.ch/slc6_amd64_gcc630/external/gcc/6.3.0/bin/../lib/gcc/x86_64-unknown-linux-gnu/6.3.0/../../../../lib64 -L/lib/../lib64 -L/usr/lib/../lib64 -L/cvmfs/cms.cern.ch/slc6_amd64_gcc630/external/gcc/6.3.0/bin/../lib/gcc/x86_64-unknown-linux-gnu/6.3.0/../../../../x86_64-unknown-linux-gnu/lib -L/cvmfs/cms.cern.ch/slc6_amd64_gcc630/external/gcc/6.3.0/bin/../lib/gcc/x86_64-unknown-linux-gnu/6.3.0/../../.. CMakeFiles/cmTryCompileExec606720011.dir/CMakeCXXCompilerABI.cpp.o -lstdc++ -lm -lgcc_s -lgcc -lc -lgcc_s -lgcc /cvmfs/cms.cern.ch/slc6_amd64_gcc630/external/gcc/6.3.0/bin/../lib/gcc/x86_64-unknown-linux-gnu/6.3.0/crtend.o /usr/lib/../lib64/crtn.o
COLLECT_GCC_OPTIONS='-v' '-o' 'cmTryCompileExec606720011' '-rdynamic' '-shared-libgcc' '-mtune=generic' '-march=x86-64'
gmake[1]: Leaving directory '/x5/cms/jwkim/Generator/genproductions/bin/MadGraph5_aMCatNLO/WmZA_Exlusive_NLO/WmZA_Exlusive_NLO_gridpack/work/MG5_aMC_v2_6_5/HEPTools/collier/COLLIER-1.2.5/build/CMakeFiles/CMakeTmp'


Parsed CXX implicit link information from above output:
  link line regex: [^( *|.*[/\])(ld|([^/\]+-)?ld|collect2)[^/\]*( |$)]
  ignore line: [Change Dir: /x5/cms/jwkim/Generator/genproductions/bin/MadGraph5_aMCatNLO/WmZA_Exlusive_NLO/WmZA_Exlusive_NLO_gridpack/work/MG5_aMC_v2_6_5/HEPTools/collier/COLLIER-1.2.5/build/CMakeFiles/CMakeTmp]
  ignore line: []
  ignore line: [Run Build Command:/cvmfs/cms.cern.ch/slc6_amd64_gcc630/cms/cmssw/CMSSW_9_3_16/external/slc6_amd64_gcc630/bin/gmake "cmTryCompileExec606720011/fast"]
  ignore line: [/cvmfs/cms.cern.ch/slc6_amd64_gcc630/cms/cmssw/CMSSW_9_3_16/external/slc6_amd64_gcc630/bin/gmake -f CMakeFiles/cmTryCompileExec606720011.dir/build.make CMakeFiles/cmTryCompileExec606720011.dir/build]
  ignore line: [gmake[1]: Entering directory '/x5/cms/jwkim/Generator/genproductions/bin/MadGraph5_aMCatNLO/WmZA_Exlusive_NLO/WmZA_Exlusive_NLO_gridpack/work/MG5_aMC_v2_6_5/HEPTools/collier/COLLIER-1.2.5/build/CMakeFiles/CMakeTmp']
  ignore line: [/usr/bin/cmake -E cmake_progress_report /x5/cms/jwkim/Generator/genproductions/bin/MadGraph5_aMCatNLO/WmZA_Exlusive_NLO/WmZA_Exlusive_NLO_gridpack/work/MG5_aMC_v2_6_5/HEPTools/collier/COLLIER-1.2.5/build/CMakeFiles/CMakeTmp/CMakeFiles 1]
  ignore line: [Building CXX object CMakeFiles/cmTryCompileExec606720011.dir/CMakeCXXCompilerABI.cpp.o]
  ignore line: [/cvmfs/cms.cern.ch/slc6_amd64_gcc630/external/gcc/6.3.0/bin/g++     -o CMakeFiles/cmTryCompileExec606720011.dir/CMakeCXXCompilerABI.cpp.o -c /usr/share/cmake/Modules/CMakeCXXCompilerABI.cpp]
  ignore line: [Linking CXX executable cmTryCompileExec606720011]
  ignore line: [/usr/bin/cmake -E cmake_link_script CMakeFiles/cmTryCompileExec606720011.dir/link.txt --verbose=1]
  ignore line: [/cvmfs/cms.cern.ch/slc6_amd64_gcc630/external/gcc/6.3.0/bin/g++      -v CMakeFiles/cmTryCompileExec606720011.dir/CMakeCXXCompilerABI.cpp.o  -o cmTryCompileExec606720011 -rdynamic  ]
  ignore line: [Using built-in specs.]
  ignore line: [COLLECT_GCC=/cvmfs/cms.cern.ch/slc6_amd64_gcc630/external/gcc/6.3.0/bin/g++]
  ignore line: [COLLECT_LTO_WRAPPER=/cvmfs/cms.cern.ch/slc6_amd64_gcc630/external/gcc/6.3.0/bin/../libexec/gcc/x86_64-unknown-linux-gnu/6.3.0/lto-wrapper]
  ignore line: [Target: x86_64-unknown-linux-gnu]
  ignore line: [Configured with: ../configure --prefix=/mnt/build/davidlt/gcc630/b/tmp/BUILDROOT/81ba3d1519d143a9fdd7a80ab404d079/opt/cmssw/slc6_amd64_gcc630/external/gcc/6.3.0 --disable-multilib --disable-nls --disable-dssi --enable-languages=c,c++,fortran --enable-gnu-indirect-function --enable-__cxa_atexit --disable-libunwind-exceptions --enable-gnu-unique-object --enable-plugin --with-linker-hash-style=gnu --enable-linker-build-id --enable-ld=default --enable-lto --enable-gold=yes --with-gmp=/mnt/build/davidlt/gcc630/b/tmp/BUILDROOT/81ba3d1519d143a9fdd7a80ab404d079/opt/cmssw/slc6_amd64_gcc630/external/gcc/6.3.0 --with-mpfr=/mnt/build/davidlt/gcc630/b/tmp/BUILDROOT/81ba3d1519d143a9fdd7a80ab404d079/opt/cmssw/slc6_amd64_gcc630/external/gcc/6.3.0 --enable-bootstrap --with-mpc=/mnt/build/davidlt/gcc630/b/tmp/BUILDROOT/81ba3d1519d143a9fdd7a80ab404d079/opt/cmssw/slc6_amd64_gcc630/external/gcc/6.3.0 --with-isl=/mnt/build/davidlt/gcc630/b/tmp/BUILDROOT/81ba3d1519d143a9fdd7a80ab404d079/opt/cmssw/slc6_amd64_gcc630/external/gcc/6.3.0 --enable-checking=release --build=x86_64-unknown-linux-gnu --host=x86_64-unknown-linux-gnu --enable-libstdcxx-time=rt --enable-shared --disable-libgcj CC='gcc -fPIC' CXX='c++ -fPIC' CPP=cpp CXXCPP='c++ -E' CFLAGS=-I/mnt/build/davidlt/gcc630/b/tmp/BUILDROOT/81ba3d1519d143a9fdd7a80ab404d079/opt/cmssw/slc6_amd64_gcc630/external/gcc/6.3.0/tmp/sw/include CXXFLAGS=-I/mnt/build/davidlt/gcc630/b/tmp/BUILDROOT/81ba3d1519d143a9fdd7a80ab404d079/opt/cmssw/slc6_amd64_gcc630/external/gcc/6.3.0/tmp/sw/include LDFLAGS=-L/mnt/build/davidlt/gcc630/b/tmp/BUILDROOT/81ba3d1519d143a9fdd7a80ab404d079/opt/cmssw/slc6_amd64_gcc630/external/gcc/6.3.0/tmp/sw/lib]
  ignore line: [Thread model: posix]
  ignore line: [gcc version 6.3.0 (GCC) ]
  ignore line: [COMPILER_PATH=/cvmfs/cms.cern.ch/slc6_amd64_gcc630/external/gcc/6.3.0/bin/../libexec/gcc/x86_64-unknown-linux-gnu/6.3.0/:/cvmfs/cms.cern.ch/slc6_amd64_gcc630/external/gcc/6.3.0/bin/../libexec/gcc/:/cvmfs/cms.cern.ch/slc6_amd64_gcc630/external/gcc/6.3.0/bin/../lib/gcc/x86_64-unknown-linux-gnu/6.3.0/../../../../x86_64-unknown-linux-gnu/bin/]
  ignore line: [LIBRARY_PATH=/cvmfs/cms.cern.ch/slc6_amd64_gcc630/external/gcc/6.3.0/bin/../lib/gcc/x86_64-unknown-linux-gnu/6.3.0/:/cvmfs/cms.cern.ch/slc6_amd64_gcc630/external/gcc/6.3.0/bin/../lib/gcc/:/cvmfs/cms.cern.ch/slc6_amd64_gcc630/external/gcc/6.3.0/bin/../lib/gcc/x86_64-unknown-linux-gnu/6.3.0/../../../../lib64/:/lib/../lib64/:/usr/lib/../lib64/:/cvmfs/cms.cern.ch/slc6_amd64_gcc630/external/gcc/6.3.0/bin/../lib/gcc/x86_64-unknown-linux-gnu/6.3.0/../../../../x86_64-unknown-linux-gnu/lib/:/cvmfs/cms.cern.ch/slc6_amd64_gcc630/external/gcc/6.3.0/bin/../lib/gcc/x86_64-unknown-linux-gnu/6.3.0/../../../:/lib/:/usr/lib/]
  ignore line: [COLLECT_GCC_OPTIONS='-v' '-o' 'cmTryCompileExec606720011' '-rdynamic' '-shared-libgcc' '-mtune=generic' '-march=x86-64']
  link line: [ /cvmfs/cms.cern.ch/slc6_amd64_gcc630/external/gcc/6.3.0/bin/../libexec/gcc/x86_64-unknown-linux-gnu/6.3.0/collect2 -plugin /cvmfs/cms.cern.ch/slc6_amd64_gcc630/external/gcc/6.3.0/bin/../libexec/gcc/x86_64-unknown-linux-gnu/6.3.0/liblto_plugin.so -plugin-opt=/cvmfs/cms.cern.ch/slc6_amd64_gcc630/external/gcc/6.3.0/bin/../libexec/gcc/x86_64-unknown-linux-gnu/6.3.0/lto-wrapper -plugin-opt=-fresolution=/tmp/ccSHaZZJ.res -plugin-opt=-pass-through=-lgcc_s -plugin-opt=-pass-through=-lgcc -plugin-opt=-pass-through=-lc -plugin-opt=-pass-through=-lgcc_s -plugin-opt=-pass-through=-lgcc --build-id --eh-frame-hdr --hash-style=gnu -m elf_x86_64 -export-dynamic -dynamic-linker /lib64/ld-linux-x86-64.so.2 -z common-page-size=4096 -z max-page-size=4096 -o cmTryCompileExec606720011 /usr/lib/../lib64/crt1.o /usr/lib/../lib64/crti.o /cvmfs/cms.cern.ch/slc6_amd64_gcc630/external/gcc/6.3.0/bin/../lib/gcc/x86_64-unknown-linux-gnu/6.3.0/crtbegin.o -L/cvmfs/cms.cern.ch/slc6_amd64_gcc630/external/gcc/6.3.0/bin/../lib/gcc/x86_64-unknown-linux-gnu/6.3.0 -L/cvmfs/cms.cern.ch/slc6_amd64_gcc630/external/gcc/6.3.0/bin/../lib/gcc -L/cvmfs/cms.cern.ch/slc6_amd64_gcc630/external/gcc/6.3.0/bin/../lib/gcc/x86_64-unknown-linux-gnu/6.3.0/../../../../lib64 -L/lib/../lib64 -L/usr/lib/../lib64 -L/cvmfs/cms.cern.ch/slc6_amd64_gcc630/external/gcc/6.3.0/bin/../lib/gcc/x86_64-unknown-linux-gnu/6.3.0/../../../../x86_64-unknown-linux-gnu/lib -L/cvmfs/cms.cern.ch/slc6_amd64_gcc630/external/gcc/6.3.0/bin/../lib/gcc/x86_64-unknown-linux-gnu/6.3.0/../../.. CMakeFiles/cmTryCompileExec606720011.dir/CMakeCXXCompilerABI.cpp.o -lstdc++ -lm -lgcc_s -lgcc -lc -lgcc_s -lgcc /cvmfs/cms.cern.ch/slc6_amd64_gcc630/external/gcc/6.3.0/bin/../lib/gcc/x86_64-unknown-linux-gnu/6.3.0/crtend.o /usr/lib/../lib64/crtn.o]
    arg [/cvmfs/cms.cern.ch/slc6_amd64_gcc630/external/gcc/6.3.0/bin/../libexec/gcc/x86_64-unknown-linux-gnu/6.3.0/collect2] ==> ignore
    arg [-plugin] ==> ignore
    arg [/cvmfs/cms.cern.ch/slc6_amd64_gcc630/external/gcc/6.3.0/bin/../libexec/gcc/x86_64-unknown-linux-gnu/6.3.0/liblto_plugin.so] ==> ignore
    arg [-plugin-opt=/cvmfs/cms.cern.ch/slc6_amd64_gcc630/external/gcc/6.3.0/bin/../libexec/gcc/x86_64-unknown-linux-gnu/6.3.0/lto-wrapper] ==> ignore
    arg [-plugin-opt=-fresolution=/tmp/ccSHaZZJ.res] ==> ignore
    arg [-plugin-opt=-pass-through=-lgcc_s] ==> ignore
    arg [-plugin-opt=-pass-through=-lgcc] ==> ignore
    arg [-plugin-opt=-pass-through=-lc] ==> ignore
    arg [-plugin-opt=-pass-through=-lgcc_s] ==> ignore
    arg [-plugin-opt=-pass-through=-lgcc] ==> ignore
    arg [--build-id] ==> ignore
    arg [--eh-frame-hdr] ==> ignore
    arg [--hash-style=gnu] ==> ignore
    arg [-m] ==> ignore
    arg [elf_x86_64] ==> ignore
    arg [-export-dynamic] ==> ignore
    arg [-dynamic-linker] ==> ignore
    arg [/lib64/ld-linux-x86-64.so.2] ==> ignore
    arg [-zcommon-page-size=4096] ==> ignore
    arg [-zmax-page-size=4096] ==> ignore
    arg [-o] ==> ignore
    arg [cmTryCompileExec606720011] ==> ignore
    arg [/usr/lib/../lib64/crt1.o] ==> ignore
    arg [/usr/lib/../lib64/crti.o] ==> ignore
    arg [/cvmfs/cms.cern.ch/slc6_amd64_gcc630/external/gcc/6.3.0/bin/../lib/gcc/x86_64-unknown-linux-gnu/6.3.0/crtbegin.o] ==> ignore
    arg [-L/cvmfs/cms.cern.ch/slc6_amd64_gcc630/external/gcc/6.3.0/bin/../lib/gcc/x86_64-unknown-linux-gnu/6.3.0] ==> dir [/cvmfs/cms.cern.ch/slc6_amd64_gcc630/external/gcc/6.3.0/bin/../lib/gcc/x86_64-unknown-linux-gnu/6.3.0]
    arg [-L/cvmfs/cms.cern.ch/slc6_amd64_gcc630/external/gcc/6.3.0/bin/../lib/gcc] ==> dir [/cvmfs/cms.cern.ch/slc6_amd64_gcc630/external/gcc/6.3.0/bin/../lib/gcc]
    arg [-L/cvmfs/cms.cern.ch/slc6_amd64_gcc630/external/gcc/6.3.0/bin/../lib/gcc/x86_64-unknown-linux-gnu/6.3.0/../../../../lib64] ==> dir [/cvmfs/cms.cern.ch/slc6_amd64_gcc630/external/gcc/6.3.0/bin/../lib/gcc/x86_64-unknown-linux-gnu/6.3.0/../../../../lib64]
    arg [-L/lib/../lib64] ==> dir [/lib/../lib64]
    arg [-L/usr/lib/../lib64] ==> dir [/usr/lib/../lib64]
    arg [-L/cvmfs/cms.cern.ch/slc6_amd64_gcc630/external/gcc/6.3.0/bin/../lib/gcc/x86_64-unknown-linux-gnu/6.3.0/../../../../x86_64-unknown-linux-gnu/lib] ==> dir [/cvmfs/cms.cern.ch/slc6_amd64_gcc630/external/gcc/6.3.0/bin/../lib/gcc/x86_64-unknown-linux-gnu/6.3.0/../../../../x86_64-unknown-linux-gnu/lib]
    arg [-L/cvmfs/cms.cern.ch/slc6_amd64_gcc630/external/gcc/6.3.0/bin/../lib/gcc/x86_64-unknown-linux-gnu/6.3.0/../../..] ==> dir [/cvmfs/cms.cern.ch/slc6_amd64_gcc630/external/gcc/6.3.0/bin/../lib/gcc/x86_64-unknown-linux-gnu/6.3.0/../../..]
    arg [CMakeFiles/cmTryCompileExec606720011.dir/CMakeCXXCompilerABI.cpp.o] ==> ignore
    arg [-lstdc++] ==> lib [stdc++]
    arg [-lm] ==> lib [m]
    arg [-lgcc_s] ==> lib [gcc_s]
    arg [-lgcc] ==> lib [gcc]
    arg [-lc] ==> lib [c]
    arg [-lgcc_s] ==> lib [gcc_s]
    arg [-lgcc] ==> lib [gcc]
    arg [/cvmfs/cms.cern.ch/slc6_amd64_gcc630/external/gcc/6.3.0/bin/../lib/gcc/x86_64-unknown-linux-gnu/6.3.0/crtend.o] ==> ignore
    arg [/usr/lib/../lib64/crtn.o] ==> ignore
  remove lib [gcc_s]
  remove lib [gcc]
  remove lib [gcc_s]
  remove lib [gcc]
  collapse library dir [/cvmfs/cms.cern.ch/slc6_amd64_gcc630/external/gcc/6.3.0/bin/../lib/gcc/x86_64-unknown-linux-gnu/6.3.0] ==> [/cvmfs/cms.cern.ch/slc6_amd64_gcc630/external/gcc/6.3.0/lib/gcc/x86_64-unknown-linux-gnu/6.3.0]
  collapse library dir [/cvmfs/cms.cern.ch/slc6_amd64_gcc630/external/gcc/6.3.0/bin/../lib/gcc] ==> [/cvmfs/cms.cern.ch/slc6_amd64_gcc630/external/gcc/6.3.0/lib/gcc]
  collapse library dir [/cvmfs/cms.cern.ch/slc6_amd64_gcc630/external/gcc/6.3.0/bin/../lib/gcc/x86_64-unknown-linux-gnu/6.3.0/../../../../lib64] ==> [/cvmfs/cms.cern.ch/slc6_amd64_gcc630/external/gcc/6.3.0/lib64]
  collapse library dir [/lib/../lib64] ==> [/lib64]
  collapse library dir [/usr/lib/../lib64] ==> [/usr/lib64]
  collapse library dir [/cvmfs/cms.cern.ch/slc6_amd64_gcc630/external/gcc/6.3.0/bin/../lib/gcc/x86_64-unknown-linux-gnu/6.3.0/../../../../x86_64-unknown-linux-gnu/lib] ==> [/cvmfs/cms.cern.ch/slc6_amd64_gcc630/external/gcc/6.3.0/x86_64-unknown-linux-gnu/lib]
  collapse library dir [/cvmfs/cms.cern.ch/slc6_amd64_gcc630/external/gcc/6.3.0/bin/../lib/gcc/x86_64-unknown-linux-gnu/6.3.0/../../..] ==> [/cvmfs/cms.cern.ch/slc6_amd64_gcc630/external/gcc/6.3.0/lib]
  implicit libs: [stdc++;m;c]
  implicit dirs: [/cvmfs/cms.cern.ch/slc6_amd64_gcc630/external/gcc/6.3.0/lib/gcc/x86_64-unknown-linux-gnu/6.3.0;/cvmfs/cms.cern.ch/slc6_amd64_gcc630/external/gcc/6.3.0/lib/gcc;/cvmfs/cms.cern.ch/slc6_amd64_gcc630/external/gcc/6.3.0/lib64;/lib64;/usr/lib64;/cvmfs/cms.cern.ch/slc6_amd64_gcc630/external/gcc/6.3.0/x86_64-unknown-linux-gnu/lib;/cvmfs/cms.cern.ch/slc6_amd64_gcc630/external/gcc/6.3.0/lib]
  implicit fwks: []


Compiling the Fortran compiler identification source file "CMakeFortranCompilerId.F" succeeded.
Compiler: /cvmfs/cms.cern.ch/slc6_amd64_gcc630/external/gcc/6.3.0/bin/gfortran 
Build flags: 
Id flags: 

The output was:
0


Compilation of the Fortran compiler identification source "CMakeFortranCompilerId.F" produced "a.out"

The Fortran compiler identification is GNU, found in "/x5/cms/jwkim/Generator/genproductions/bin/MadGraph5_aMCatNLO/WmZA_Exlusive_NLO/WmZA_Exlusive_NLO_gridpack/work/MG5_aMC_v2_6_5/HEPTools/collier/COLLIER-1.2.5/build/CMakeFiles/2.8.12.2/CompilerIdFortran/a.out"

Determining if the Fortran compiler works passed with the following output:
Change Dir: /x5/cms/jwkim/Generator/genproductions/bin/MadGraph5_aMCatNLO/WmZA_Exlusive_NLO/WmZA_Exlusive_NLO_gridpack/work/MG5_aMC_v2_6_5/HEPTools/collier/COLLIER-1.2.5/build/CMakeFiles/CMakeTmp

Run Build Command:/cvmfs/cms.cern.ch/slc6_amd64_gcc630/cms/cmssw/CMSSW_9_3_16/external/slc6_amd64_gcc630/bin/gmake "cmTryCompileExec296705718/fast"
/cvmfs/cms.cern.ch/slc6_amd64_gcc630/cms/cmssw/CMSSW_9_3_16/external/slc6_amd64_gcc630/bin/gmake -f CMakeFiles/cmTryCompileExec296705718.dir/build.make CMakeFiles/cmTryCompileExec296705718.dir/build
gmake[1]: Entering directory '/x5/cms/jwkim/Generator/genproductions/bin/MadGraph5_aMCatNLO/WmZA_Exlusive_NLO/WmZA_Exlusive_NLO_gridpack/work/MG5_aMC_v2_6_5/HEPTools/collier/COLLIER-1.2.5/build/CMakeFiles/CMakeTmp'
/usr/bin/cmake -E cmake_progress_report /x5/cms/jwkim/Generator/genproductions/bin/MadGraph5_aMCatNLO/WmZA_Exlusive_NLO/WmZA_Exlusive_NLO_gridpack/work/MG5_aMC_v2_6_5/HEPTools/collier/COLLIER-1.2.5/build/CMakeFiles/CMakeTmp/CMakeFiles 1
Building Fortran object CMakeFiles/cmTryCompileExec296705718.dir/testFortranCompiler.f.o
/cvmfs/cms.cern.ch/slc6_amd64_gcc630/external/gcc/6.3.0/bin/gfortran    -c /x5/cms/jwkim/Generator/genproductions/bin/MadGraph5_aMCatNLO/WmZA_Exlusive_NLO/WmZA_Exlusive_NLO_gridpack/work/MG5_aMC_v2_6_5/HEPTools/collier/COLLIER-1.2.5/build/CMakeFiles/CMakeTmp/testFortranCompiler.f -o CMakeFiles/cmTryCompileExec296705718.dir/testFortranCompiler.f.o
Linking Fortran executable cmTryCompileExec296705718
/usr/bin/cmake -E cmake_link_script CMakeFiles/cmTryCompileExec296705718.dir/link.txt --verbose=1
/cvmfs/cms.cern.ch/slc6_amd64_gcc630/external/gcc/6.3.0/bin/gfortran       CMakeFiles/cmTryCompileExec296705718.dir/testFortranCompiler.f.o  -o cmTryCompileExec296705718 -rdynamic 
gmake[1]: Leaving directory '/x5/cms/jwkim/Generator/genproductions/bin/MadGraph5_aMCatNLO/WmZA_Exlusive_NLO/WmZA_Exlusive_NLO_gridpack/work/MG5_aMC_v2_6_5/HEPTools/collier/COLLIER-1.2.5/build/CMakeFiles/CMakeTmp'


Detecting Fortran compiler ABI info compiled with the following output:
Change Dir: /x5/cms/jwkim/Generator/genproductions/bin/MadGraph5_aMCatNLO/WmZA_Exlusive_NLO/WmZA_Exlusive_NLO_gridpack/work/MG5_aMC_v2_6_5/HEPTools/collier/COLLIER-1.2.5/build/CMakeFiles/CMakeTmp

Run Build Command:/cvmfs/cms.cern.ch/slc6_amd64_gcc630/cms/cmssw/CMSSW_9_3_16/external/slc6_amd64_gcc630/bin/gmake "cmTryCompileExec4179200569/fast"
/cvmfs/cms.cern.ch/slc6_amd64_gcc630/cms/cmssw/CMSSW_9_3_16/external/slc6_amd64_gcc630/bin/gmake -f CMakeFiles/cmTryCompileExec4179200569.dir/build.make CMakeFiles/cmTryCompileExec4179200569.dir/build
gmake[1]: Entering directory '/x5/cms/jwkim/Generator/genproductions/bin/MadGraph5_aMCatNLO/WmZA_Exlusive_NLO/WmZA_Exlusive_NLO_gridpack/work/MG5_aMC_v2_6_5/HEPTools/collier/COLLIER-1.2.5/build/CMakeFiles/CMakeTmp'
/usr/bin/cmake -E cmake_progress_report /x5/cms/jwkim/Generator/genproductions/bin/MadGraph5_aMCatNLO/WmZA_Exlusive_NLO/WmZA_Exlusive_NLO_gridpack/work/MG5_aMC_v2_6_5/HEPTools/collier/COLLIER-1.2.5/build/CMakeFiles/CMakeTmp/CMakeFiles 1
Building Fortran object CMakeFiles/cmTryCompileExec4179200569.dir/CMakeFortranCompilerABI.F.o
/cvmfs/cms.cern.ch/slc6_amd64_gcc630/external/gcc/6.3.0/bin/gfortran    -c /usr/share/cmake/Modules/CMakeFortranCompilerABI.F -o CMakeFiles/cmTryCompileExec4179200569.dir/CMakeFortranCompilerABI.F.o
Linking Fortran executable cmTryCompileExec4179200569
/usr/bin/cmake -E cmake_link_script CMakeFiles/cmTryCompileExec4179200569.dir/link.txt --verbose=1
/cvmfs/cms.cern.ch/slc6_amd64_gcc630/external/gcc/6.3.0/bin/gfortran   -v   CMakeFiles/cmTryCompileExec4179200569.dir/CMakeFortranCompilerABI.F.o  -o cmTryCompileExec4179200569 -rdynamic  
Driving: /cvmfs/cms.cern.ch/slc6_amd64_gcc630/external/gcc/6.3.0/bin/gfortran -v CMakeFiles/cmTryCompileExec4179200569.dir/CMakeFortranCompilerABI.F.o -o cmTryCompileExec4179200569 -rdynamic -l gfortran -l m -shared-libgcc
Using built-in specs.
COLLECT_GCC=/cvmfs/cms.cern.ch/slc6_amd64_gcc630/external/gcc/6.3.0/bin/gfortran
COLLECT_LTO_WRAPPER=/cvmfs/cms.cern.ch/slc6_amd64_gcc630/external/gcc/6.3.0/bin/../libexec/gcc/x86_64-unknown-linux-gnu/6.3.0/lto-wrapper
Target: x86_64-unknown-linux-gnu
Configured with: ../configure --prefix=/mnt/build/davidlt/gcc630/b/tmp/BUILDROOT/81ba3d1519d143a9fdd7a80ab404d079/opt/cmssw/slc6_amd64_gcc630/external/gcc/6.3.0 --disable-multilib --disable-nls --disable-dssi --enable-languages=c,c++,fortran --enable-gnu-indirect-function --enable-__cxa_atexit --disable-libunwind-exceptions --enable-gnu-unique-object --enable-plugin --with-linker-hash-style=gnu --enable-linker-build-id --enable-ld=default --enable-lto --enable-gold=yes --with-gmp=/mnt/build/davidlt/gcc630/b/tmp/BUILDROOT/81ba3d1519d143a9fdd7a80ab404d079/opt/cmssw/slc6_amd64_gcc630/external/gcc/6.3.0 --with-mpfr=/mnt/build/davidlt/gcc630/b/tmp/BUILDROOT/81ba3d1519d143a9fdd7a80ab404d079/opt/cmssw/slc6_amd64_gcc630/external/gcc/6.3.0 --enable-bootstrap --with-mpc=/mnt/build/davidlt/gcc630/b/tmp/BUILDROOT/81ba3d1519d143a9fdd7a80ab404d079/opt/cmssw/slc6_amd64_gcc630/external/gcc/6.3.0 --with-isl=/mnt/build/davidlt/gcc630/b/tmp/BUILDROOT/81ba3d1519d143a9fdd7a80ab404d079/opt/cmssw/slc6_amd64_gcc630/external/gcc/6.3.0 --enable-checking=release --build=x86_64-unknown-linux-gnu --host=x86_64-unknown-linux-gnu --enable-libstdcxx-time=rt --enable-shared --disable-libgcj CC='gcc -fPIC' CXX='c++ -fPIC' CPP=cpp CXXCPP='c++ -E' CFLAGS=-I/mnt/build/davidlt/gcc630/b/tmp/BUILDROOT/81ba3d1519d143a9fdd7a80ab404d079/opt/cmssw/slc6_amd64_gcc630/external/gcc/6.3.0/tmp/sw/include CXXFLAGS=-I/mnt/build/davidlt/gcc630/b/tmp/BUILDROOT/81ba3d1519d143a9fdd7a80ab404d079/opt/cmssw/slc6_amd64_gcc630/external/gcc/6.3.0/tmp/sw/include LDFLAGS=-L/mnt/build/davidlt/gcc630/b/tmp/BUILDROOT/81ba3d1519d143a9fdd7a80ab404d079/opt/cmssw/slc6_amd64_gcc630/external/gcc/6.3.0/tmp/sw/lib
Thread model: posix
gcc version 6.3.0 (GCC) 
Reading specs from /cvmfs/cms.cern.ch/slc6_amd64_gcc630/external/gcc/6.3.0/bin/../lib/gcc/x86_64-unknown-linux-gnu/6.3.0/../../../../lib64/libgfortran.spec
rename spec lib to liborig
COLLECT_GCC_OPTIONS='-v' '-o' 'cmTryCompileExec4179200569' '-rdynamic' '-shared-libgcc' '-mtune=generic' '-march=x86-64'
COMPILER_PATH=/cvmfs/cms.cern.ch/slc6_amd64_gcc630/external/gcc/6.3.0/bin/../libexec/gcc/x86_64-unknown-linux-gnu/6.3.0/:/cvmfs/cms.cern.ch/slc6_amd64_gcc630/external/gcc/6.3.0/bin/../libexec/gcc/:/cvmfs/cms.cern.ch/slc6_amd64_gcc630/external/gcc/6.3.0/bin/../lib/gcc/x86_64-unknown-linux-gnu/6.3.0/../../../../x86_64-unknown-linux-gnu/bin/
LIBRARY_PATH=/cvmfs/cms.cern.ch/slc6_amd64_gcc630/external/gcc/6.3.0/bin/../lib/gcc/x86_64-unknown-linux-gnu/6.3.0/:/cvmfs/cms.cern.ch/slc6_amd64_gcc630/external/gcc/6.3.0/bin/../lib/gcc/:/cvmfs/cms.cern.ch/slc6_amd64_gcc630/external/gcc/6.3.0/bin/../lib/gcc/x86_64-unknown-linux-gnu/6.3.0/../../../../lib64/:/lib/../lib64/:/usr/lib/../lib64/:/cvmfs/cms.cern.ch/slc6_amd64_gcc630/external/gcc/6.3.0/bin/../lib/gcc/x86_64-unknown-linux-gnu/6.3.0/../../../../x86_64-unknown-linux-gnu/lib/:/cvmfs/cms.cern.ch/slc6_amd64_gcc630/external/gcc/6.3.0/bin/../lib/gcc/x86_64-unknown-linux-gnu/6.3.0/../../../:/lib/:/usr/lib/
COLLECT_GCC_OPTIONS='-v' '-o' 'cmTryCompileExec4179200569' '-rdynamic' '-shared-libgcc' '-mtune=generic' '-march=x86-64'
 /cvmfs/cms.cern.ch/slc6_amd64_gcc630/external/gcc/6.3.0/bin/../libexec/gcc/x86_64-unknown-linux-gnu/6.3.0/collect2 -plugin /cvmfs/cms.cern.ch/slc6_amd64_gcc630/external/gcc/6.3.0/bin/../libexec/gcc/x86_64-unknown-linux-gnu/6.3.0/liblto_plugin.so -plugin-opt=/cvmfs/cms.cern.ch/slc6_amd64_gcc630/external/gcc/6.3.0/bin/../libexec/gcc/x86_64-unknown-linux-gnu/6.3.0/lto-wrapper -plugin-opt=-fresolution=/tmp/ccbNIbfz.res -plugin-opt=-pass-through=-lgcc_s -plugin-opt=-pass-through=-lgcc -plugin-opt=-pass-through=-lquadmath -plugin-opt=-pass-through=-lm -plugin-opt=-pass-through=-lgcc_s -plugin-opt=-pass-through=-lgcc -plugin-opt=-pass-through=-lc -plugin-opt=-pass-through=-lgcc_s -plugin-opt=-pass-through=-lgcc --build-id --eh-frame-hdr --hash-style=gnu -m elf_x86_64 -export-dynamic -dynamic-linker /lib64/ld-linux-x86-64.so.2 -z common-page-size=4096 -z max-page-size=4096 -o cmTryCompileExec4179200569 /usr/lib/../lib64/crt1.o /usr/lib/../lib64/crti.o /cvmfs/cms.cern.ch/slc6_amd64_gcc630/external/gcc/6.3.0/bin/../lib/gcc/x86_64-unknown-linux-gnu/6.3.0/crtbegin.o -L/cvmfs/cms.cern.ch/slc6_amd64_gcc630/external/gcc/6.3.0/bin/../lib/gcc/x86_64-unknown-linux-gnu/6.3.0 -L/cvmfs/cms.cern.ch/slc6_amd64_gcc630/external/gcc/6.3.0/bin/../lib/gcc -L/cvmfs/cms.cern.ch/slc6_amd64_gcc630/external/gcc/6.3.0/bin/../lib/gcc/x86_64-unknown-linux-gnu/6.3.0/../../../../lib64 -L/lib/../lib64 -L/usr/lib/../lib64 -L/cvmfs/cms.cern.ch/slc6_amd64_gcc630/external/gcc/6.3.0/bin/../lib/gcc/x86_64-unknown-linux-gnu/6.3.0/../../../../x86_64-unknown-linux-gnu/lib -L/cvmfs/cms.cern.ch/slc6_amd64_gcc630/external/gcc/6.3.0/bin/../lib/gcc/x86_64-unknown-linux-gnu/6.3.0/../../.. CMakeFiles/cmTryCompileExec4179200569.dir/CMakeFortranCompilerABI.F.o -lgfortran -lm -lgcc_s -lgcc -lquadmath -lm -lgcc_s -lgcc -lc -lgcc_s -lgcc /cvmfs/cms.cern.ch/slc6_amd64_gcc630/external/gcc/6.3.0/bin/../lib/gcc/x86_64-unknown-linux-gnu/6.3.0/crtend.o /usr/lib/../lib64/crtn.o
COLLECT_GCC_OPTIONS='-v' '-o' 'cmTryCompileExec4179200569' '-rdynamic' '-shared-libgcc' '-mtune=generic' '-march=x86-64'
gmake[1]: Leaving directory '/x5/cms/jwkim/Generator/genproductions/bin/MadGraph5_aMCatNLO/WmZA_Exlusive_NLO/WmZA_Exlusive_NLO_gridpack/work/MG5_aMC_v2_6_5/HEPTools/collier/COLLIER-1.2.5/build/CMakeFiles/CMakeTmp'


Parsed Fortran implicit link information from above output:
  link line regex: [^( *|.*[/\])(ld|([^/\]+-)?ld|collect2)[^/\]*( |$)]
  ignore line: [Change Dir: /x5/cms/jwkim/Generator/genproductions/bin/MadGraph5_aMCatNLO/WmZA_Exlusive_NLO/WmZA_Exlusive_NLO_gridpack/work/MG5_aMC_v2_6_5/HEPTools/collier/COLLIER-1.2.5/build/CMakeFiles/CMakeTmp]
  ignore line: []
  ignore line: [Run Build Command:/cvmfs/cms.cern.ch/slc6_amd64_gcc630/cms/cmssw/CMSSW_9_3_16/external/slc6_amd64_gcc630/bin/gmake "cmTryCompileExec4179200569/fast"]
  ignore line: [/cvmfs/cms.cern.ch/slc6_amd64_gcc630/cms/cmssw/CMSSW_9_3_16/external/slc6_amd64_gcc630/bin/gmake -f CMakeFiles/cmTryCompileExec4179200569.dir/build.make CMakeFiles/cmTryCompileExec4179200569.dir/build]
  ignore line: [gmake[1]: Entering directory '/x5/cms/jwkim/Generator/genproductions/bin/MadGraph5_aMCatNLO/WmZA_Exlusive_NLO/WmZA_Exlusive_NLO_gridpack/work/MG5_aMC_v2_6_5/HEPTools/collier/COLLIER-1.2.5/build/CMakeFiles/CMakeTmp']
  ignore line: [/usr/bin/cmake -E cmake_progress_report /x5/cms/jwkim/Generator/genproductions/bin/MadGraph5_aMCatNLO/WmZA_Exlusive_NLO/WmZA_Exlusive_NLO_gridpack/work/MG5_aMC_v2_6_5/HEPTools/collier/COLLIER-1.2.5/build/CMakeFiles/CMakeTmp/CMakeFiles 1]
  ignore line: [Building Fortran object CMakeFiles/cmTryCompileExec4179200569.dir/CMakeFortranCompilerABI.F.o]
  ignore line: [/cvmfs/cms.cern.ch/slc6_amd64_gcc630/external/gcc/6.3.0/bin/gfortran    -c /usr/share/cmake/Modules/CMakeFortranCompilerABI.F -o CMakeFiles/cmTryCompileExec4179200569.dir/CMakeFortranCompilerABI.F.o]
  ignore line: [Linking Fortran executable cmTryCompileExec4179200569]
  ignore line: [/usr/bin/cmake -E cmake_link_script CMakeFiles/cmTryCompileExec4179200569.dir/link.txt --verbose=1]
  ignore line: [/cvmfs/cms.cern.ch/slc6_amd64_gcc630/external/gcc/6.3.0/bin/gfortran   -v   CMakeFiles/cmTryCompileExec4179200569.dir/CMakeFortranCompilerABI.F.o  -o cmTryCompileExec4179200569 -rdynamic  ]
  ignore line: [Driving: /cvmfs/cms.cern.ch/slc6_amd64_gcc630/external/gcc/6.3.0/bin/gfortran -v CMakeFiles/cmTryCompileExec4179200569.dir/CMakeFortranCompilerABI.F.o -o cmTryCompileExec4179200569 -rdynamic -l gfortran -l m -shared-libgcc]
  ignore line: [Using built-in specs.]
  ignore line: [COLLECT_GCC=/cvmfs/cms.cern.ch/slc6_amd64_gcc630/external/gcc/6.3.0/bin/gfortran]
  ignore line: [COLLECT_LTO_WRAPPER=/cvmfs/cms.cern.ch/slc6_amd64_gcc630/external/gcc/6.3.0/bin/../libexec/gcc/x86_64-unknown-linux-gnu/6.3.0/lto-wrapper]
  ignore line: [Target: x86_64-unknown-linux-gnu]
  ignore line: [Configured with: ../configure --prefix=/mnt/build/davidlt/gcc630/b/tmp/BUILDROOT/81ba3d1519d143a9fdd7a80ab404d079/opt/cmssw/slc6_amd64_gcc630/external/gcc/6.3.0 --disable-multilib --disable-nls --disable-dssi --enable-languages=c,c++,fortran --enable-gnu-indirect-function --enable-__cxa_atexit --disable-libunwind-exceptions --enable-gnu-unique-object --enable-plugin --with-linker-hash-style=gnu --enable-linker-build-id --enable-ld=default --enable-lto --enable-gold=yes --with-gmp=/mnt/build/davidlt/gcc630/b/tmp/BUILDROOT/81ba3d1519d143a9fdd7a80ab404d079/opt/cmssw/slc6_amd64_gcc630/external/gcc/6.3.0 --with-mpfr=/mnt/build/davidlt/gcc630/b/tmp/BUILDROOT/81ba3d1519d143a9fdd7a80ab404d079/opt/cmssw/slc6_amd64_gcc630/external/gcc/6.3.0 --enable-bootstrap --with-mpc=/mnt/build/davidlt/gcc630/b/tmp/BUILDROOT/81ba3d1519d143a9fdd7a80ab404d079/opt/cmssw/slc6_amd64_gcc630/external/gcc/6.3.0 --with-isl=/mnt/build/davidlt/gcc630/b/tmp/BUILDROOT/81ba3d1519d143a9fdd7a80ab404d079/opt/cmssw/slc6_amd64_gcc630/external/gcc/6.3.0 --enable-checking=release --build=x86_64-unknown-linux-gnu --host=x86_64-unknown-linux-gnu --enable-libstdcxx-time=rt --enable-shared --disable-libgcj CC='gcc -fPIC' CXX='c++ -fPIC' CPP=cpp CXXCPP='c++ -E' CFLAGS=-I/mnt/build/davidlt/gcc630/b/tmp/BUILDROOT/81ba3d1519d143a9fdd7a80ab404d079/opt/cmssw/slc6_amd64_gcc630/external/gcc/6.3.0/tmp/sw/include CXXFLAGS=-I/mnt/build/davidlt/gcc630/b/tmp/BUILDROOT/81ba3d1519d143a9fdd7a80ab404d079/opt/cmssw/slc6_amd64_gcc630/external/gcc/6.3.0/tmp/sw/include LDFLAGS=-L/mnt/build/davidlt/gcc630/b/tmp/BUILDROOT/81ba3d1519d143a9fdd7a80ab404d079/opt/cmssw/slc6_amd64_gcc630/external/gcc/6.3.0/tmp/sw/lib]
  ignore line: [Thread model: posix]
  ignore line: [gcc version 6.3.0 (GCC) ]
  ignore line: [Reading specs from /cvmfs/cms.cern.ch/slc6_amd64_gcc630/external/gcc/6.3.0/bin/../lib/gcc/x86_64-unknown-linux-gnu/6.3.0/../../../../lib64/libgfortran.spec]
  ignore line: [rename spec lib to liborig]
  ignore line: [COLLECT_GCC_OPTIONS='-v' '-o' 'cmTryCompileExec4179200569' '-rdynamic' '-shared-libgcc' '-mtune=generic' '-march=x86-64']
  ignore line: [COMPILER_PATH=/cvmfs/cms.cern.ch/slc6_amd64_gcc630/external/gcc/6.3.0/bin/../libexec/gcc/x86_64-unknown-linux-gnu/6.3.0/:/cvmfs/cms.cern.ch/slc6_amd64_gcc630/external/gcc/6.3.0/bin/../libexec/gcc/:/cvmfs/cms.cern.ch/slc6_amd64_gcc630/external/gcc/6.3.0/bin/../lib/gcc/x86_64-unknown-linux-gnu/6.3.0/../../../../x86_64-unknown-linux-gnu/bin/]
  ignore line: [LIBRARY_PATH=/cvmfs/cms.cern.ch/slc6_amd64_gcc630/external/gcc/6.3.0/bin/../lib/gcc/x86_64-unknown-linux-gnu/6.3.0/:/cvmfs/cms.cern.ch/slc6_amd64_gcc630/external/gcc/6.3.0/bin/../lib/gcc/:/cvmfs/cms.cern.ch/slc6_amd64_gcc630/external/gcc/6.3.0/bin/../lib/gcc/x86_64-unknown-linux-gnu/6.3.0/../../../../lib64/:/lib/../lib64/:/usr/lib/../lib64/:/cvmfs/cms.cern.ch/slc6_amd64_gcc630/external/gcc/6.3.0/bin/../lib/gcc/x86_64-unknown-linux-gnu/6.3.0/../../../../x86_64-unknown-linux-gnu/lib/:/cvmfs/cms.cern.ch/slc6_amd64_gcc630/external/gcc/6.3.0/bin/../lib/gcc/x86_64-unknown-linux-gnu/6.3.0/../../../:/lib/:/usr/lib/]
  ignore line: [COLLECT_GCC_OPTIONS='-v' '-o' 'cmTryCompileExec4179200569' '-rdynamic' '-shared-libgcc' '-mtune=generic' '-march=x86-64']
  link line: [ /cvmfs/cms.cern.ch/slc6_amd64_gcc630/external/gcc/6.3.0/bin/../libexec/gcc/x86_64-unknown-linux-gnu/6.3.0/collect2 -plugin /cvmfs/cms.cern.ch/slc6_amd64_gcc630/external/gcc/6.3.0/bin/../libexec/gcc/x86_64-unknown-linux-gnu/6.3.0/liblto_plugin.so -plugin-opt=/cvmfs/cms.cern.ch/slc6_amd64_gcc630/external/gcc/6.3.0/bin/../libexec/gcc/x86_64-unknown-linux-gnu/6.3.0/lto-wrapper -plugin-opt=-fresolution=/tmp/ccbNIbfz.res -plugin-opt=-pass-through=-lgcc_s -plugin-opt=-pass-through=-lgcc -plugin-opt=-pass-through=-lquadmath -plugin-opt=-pass-through=-lm -plugin-opt=-pass-through=-lgcc_s -plugin-opt=-pass-through=-lgcc -plugin-opt=-pass-through=-lc -plugin-opt=-pass-through=-lgcc_s -plugin-opt=-pass-through=-lgcc --build-id --eh-frame-hdr --hash-style=gnu -m elf_x86_64 -export-dynamic -dynamic-linker /lib64/ld-linux-x86-64.so.2 -z common-page-size=4096 -z max-page-size=4096 -o cmTryCompileExec4179200569 /usr/lib/../lib64/crt1.o /usr/lib/../lib64/crti.o /cvmfs/cms.cern.ch/slc6_amd64_gcc630/external/gcc/6.3.0/bin/../lib/gcc/x86_64-unknown-linux-gnu/6.3.0/crtbegin.o -L/cvmfs/cms.cern.ch/slc6_amd64_gcc630/external/gcc/6.3.0/bin/../lib/gcc/x86_64-unknown-linux-gnu/6.3.0 -L/cvmfs/cms.cern.ch/slc6_amd64_gcc630/external/gcc/6.3.0/bin/../lib/gcc -L/cvmfs/cms.cern.ch/slc6_amd64_gcc630/external/gcc/6.3.0/bin/../lib/gcc/x86_64-unknown-linux-gnu/6.3.0/../../../../lib64 -L/lib/../lib64 -L/usr/lib/../lib64 -L/cvmfs/cms.cern.ch/slc6_amd64_gcc630/external/gcc/6.3.0/bin/../lib/gcc/x86_64-unknown-linux-gnu/6.3.0/../../../../x86_64-unknown-linux-gnu/lib -L/cvmfs/cms.cern.ch/slc6_amd64_gcc630/external/gcc/6.3.0/bin/../lib/gcc/x86_64-unknown-linux-gnu/6.3.0/../../.. CMakeFiles/cmTryCompileExec4179200569.dir/CMakeFortranCompilerABI.F.o -lgfortran -lm -lgcc_s -lgcc -lquadmath -lm -lgcc_s -lgcc -lc -lgcc_s -lgcc /cvmfs/cms.cern.ch/slc6_amd64_gcc630/external/gcc/6.3.0/bin/../lib/gcc/x86_64-unknown-linux-gnu/6.3.0/crtend.o /usr/lib/../lib64/crtn.o]
    arg [/cvmfs/cms.cern.ch/slc6_amd64_gcc630/external/gcc/6.3.0/bin/../libexec/gcc/x86_64-unknown-linux-gnu/6.3.0/collect2] ==> ignore
    arg [-plugin] ==> ignore
    arg [/cvmfs/cms.cern.ch/slc6_amd64_gcc630/external/gcc/6.3.0/bin/../libexec/gcc/x86_64-unknown-linux-gnu/6.3.0/liblto_plugin.so] ==> ignore
    arg [-plugin-opt=/cvmfs/cms.cern.ch/slc6_amd64_gcc630/external/gcc/6.3.0/bin/../libexec/gcc/x86_64-unknown-linux-gnu/6.3.0/lto-wrapper] ==> ignore
    arg [-plugin-opt=-fresolution=/tmp/ccbNIbfz.res] ==> ignore
    arg [-plugin-opt=-pass-through=-lgcc_s] ==> ignore
    arg [-plugin-opt=-pass-through=-lgcc] ==> ignore
    arg [-plugin-opt=-pass-through=-lquadmath] ==> ignore
    arg [-plugin-opt=-pass-through=-lm] ==> ignore
    arg [-plugin-opt=-pass-through=-lgcc_s] ==> ignore
    arg [-plugin-opt=-pass-through=-lgcc] ==> ignore
    arg [-plugin-opt=-pass-through=-lc] ==> ignore
    arg [-plugin-opt=-pass-through=-lgcc_s] ==> ignore
    arg [-plugin-opt=-pass-through=-lgcc] ==> ignore
    arg [--build-id] ==> ignore
    arg [--eh-frame-hdr] ==> ignore
    arg [--hash-style=gnu] ==> ignore
    arg [-m] ==> ignore
    arg [elf_x86_64] ==> ignore
    arg [-export-dynamic] ==> ignore
    arg [-dynamic-linker] ==> ignore
    arg [/lib64/ld-linux-x86-64.so.2] ==> ignore
    arg [-zcommon-page-size=4096] ==> ignore
    arg [-zmax-page-size=4096] ==> ignore
    arg [-o] ==> ignore
    arg [cmTryCompileExec4179200569] ==> ignore
    arg [/usr/lib/../lib64/crt1.o] ==> ignore
    arg [/usr/lib/../lib64/crti.o] ==> ignore
    arg [/cvmfs/cms.cern.ch/slc6_amd64_gcc630/external/gcc/6.3.0/bin/../lib/gcc/x86_64-unknown-linux-gnu/6.3.0/crtbegin.o] ==> ignore
    arg [-L/cvmfs/cms.cern.ch/slc6_amd64_gcc630/external/gcc/6.3.0/bin/../lib/gcc/x86_64-unknown-linux-gnu/6.3.0] ==> dir [/cvmfs/cms.cern.ch/slc6_amd64_gcc630/external/gcc/6.3.0/bin/../lib/gcc/x86_64-unknown-linux-gnu/6.3.0]
    arg [-L/cvmfs/cms.cern.ch/slc6_amd64_gcc630/external/gcc/6.3.0/bin/../lib/gcc] ==> dir [/cvmfs/cms.cern.ch/slc6_amd64_gcc630/external/gcc/6.3.0/bin/../lib/gcc]
    arg [-L/cvmfs/cms.cern.ch/slc6_amd64_gcc630/external/gcc/6.3.0/bin/../lib/gcc/x86_64-unknown-linux-gnu/6.3.0/../../../../lib64] ==> dir [/cvmfs/cms.cern.ch/slc6_amd64_gcc630/external/gcc/6.3.0/bin/../lib/gcc/x86_64-unknown-linux-gnu/6.3.0/../../../../lib64]
    arg [-L/lib/../lib64] ==> dir [/lib/../lib64]
    arg [-L/usr/lib/../lib64] ==> dir [/usr/lib/../lib64]
    arg [-L/cvmfs/cms.cern.ch/slc6_amd64_gcc630/external/gcc/6.3.0/bin/../lib/gcc/x86_64-unknown-linux-gnu/6.3.0/../../../../x86_64-unknown-linux-gnu/lib] ==> dir [/cvmfs/cms.cern.ch/slc6_amd64_gcc630/external/gcc/6.3.0/bin/../lib/gcc/x86_64-unknown-linux-gnu/6.3.0/../../../../x86_64-unknown-linux-gnu/lib]
    arg [-L/cvmfs/cms.cern.ch/slc6_amd64_gcc630/external/gcc/6.3.0/bin/../lib/gcc/x86_64-unknown-linux-gnu/6.3.0/../../..] ==> dir [/cvmfs/cms.cern.ch/slc6_amd64_gcc630/external/gcc/6.3.0/bin/../lib/gcc/x86_64-unknown-linux-gnu/6.3.0/../../..]
    arg [CMakeFiles/cmTryCompileExec4179200569.dir/CMakeFortranCompilerABI.F.o] ==> ignore
    arg [-lgfortran] ==> lib [gfortran]
    arg [-lm] ==> lib [m]
    arg [-lgcc_s] ==> lib [gcc_s]
    arg [-lgcc] ==> lib [gcc]
    arg [-lquadmath] ==> lib [quadmath]
    arg [-lm] ==> lib [m]
    arg [-lgcc_s] ==> lib [gcc_s]
    arg [-lgcc] ==> lib [gcc]
    arg [-lc] ==> lib [c]
    arg [-lgcc_s] ==> lib [gcc_s]
    arg [-lgcc] ==> lib [gcc]
    arg [/cvmfs/cms.cern.ch/slc6_amd64_gcc630/external/gcc/6.3.0/bin/../lib/gcc/x86_64-unknown-linux-gnu/6.3.0/crtend.o] ==> ignore
    arg [/usr/lib/../lib64/crtn.o] ==> ignore
  remove lib [gcc_s]
  remove lib [gcc]
  remove lib [gcc_s]
  remove lib [gcc]
  remove lib [gcc_s]
  remove lib [gcc]
  collapse library dir [/cvmfs/cms.cern.ch/slc6_amd64_gcc630/external/gcc/6.3.0/bin/../lib/gcc/x86_64-unknown-linux-gnu/6.3.0] ==> [/cvmfs/cms.cern.ch/slc6_amd64_gcc630/external/gcc/6.3.0/lib/gcc/x86_64-unknown-linux-gnu/6.3.0]
  collapse library dir [/cvmfs/cms.cern.ch/slc6_amd64_gcc630/external/gcc/6.3.0/bin/../lib/gcc] ==> [/cvmfs/cms.cern.ch/slc6_amd64_gcc630/external/gcc/6.3.0/lib/gcc]
  collapse library dir [/cvmfs/cms.cern.ch/slc6_amd64_gcc630/external/gcc/6.3.0/bin/../lib/gcc/x86_64-unknown-linux-gnu/6.3.0/../../../../lib64] ==> [/cvmfs/cms.cern.ch/slc6_amd64_gcc630/external/gcc/6.3.0/lib64]
  collapse library dir [/lib/../lib64] ==> [/lib64]
  collapse library dir [/usr/lib/../lib64] ==> [/usr/lib64]
  collapse library dir [/cvmfs/cms.cern.ch/slc6_amd64_gcc630/external/gcc/6.3.0/bin/../lib/gcc/x86_64-unknown-linux-gnu/6.3.0/../../../../x86_64-unknown-linux-gnu/lib] ==> [/cvmfs/cms.cern.ch/slc6_amd64_gcc630/external/gcc/6.3.0/x86_64-unknown-linux-gnu/lib]
  collapse library dir [/cvmfs/cms.cern.ch/slc6_amd64_gcc630/external/gcc/6.3.0/bin/../lib/gcc/x86_64-unknown-linux-gnu/6.3.0/../../..] ==> [/cvmfs/cms.cern.ch/slc6_amd64_gcc630/external/gcc/6.3.0/lib]
  implicit libs: [gfortran;m;quadmath;m;c]
  implicit dirs: [/cvmfs/cms.cern.ch/slc6_amd64_gcc630/external/gcc/6.3.0/lib/gcc/x86_64-unknown-linux-gnu/6.3.0;/cvmfs/cms.cern.ch/slc6_amd64_gcc630/external/gcc/6.3.0/lib/gcc;/cvmfs/cms.cern.ch/slc6_amd64_gcc630/external/gcc/6.3.0/lib64;/lib64;/usr/lib64;/cvmfs/cms.cern.ch/slc6_amd64_gcc630/external/gcc/6.3.0/x86_64-unknown-linux-gnu/lib;/cvmfs/cms.cern.ch/slc6_amd64_gcc630/external/gcc/6.3.0/lib]
  implicit fwks: []


Determining if the Fortran compiler supports Fortran 90 passed with the following output:
Change Dir: /x5/cms/jwkim/Generator/genproductions/bin/MadGraph5_aMCatNLO/WmZA_Exlusive_NLO/WmZA_Exlusive_NLO_gridpack/work/MG5_aMC_v2_6_5/HEPTools/collier/COLLIER-1.2.5/build/CMakeFiles/CMakeTmp

Run Build Command:/cvmfs/cms.cern.ch/slc6_amd64_gcc630/cms/cmssw/CMSSW_9_3_16/external/slc6_amd64_gcc630/bin/gmake "cmTryCompileExec1037482386/fast"
/cvmfs/cms.cern.ch/slc6_amd64_gcc630/cms/cmssw/CMSSW_9_3_16/external/slc6_amd64_gcc630/bin/gmake -f CMakeFiles/cmTryCompileExec1037482386.dir/build.make CMakeFiles/cmTryCompileExec1037482386.dir/build
gmake[1]: Entering directory '/x5/cms/jwkim/Generator/genproductions/bin/MadGraph5_aMCatNLO/WmZA_Exlusive_NLO/WmZA_Exlusive_NLO_gridpack/work/MG5_aMC_v2_6_5/HEPTools/collier/COLLIER-1.2.5/build/CMakeFiles/CMakeTmp'
/usr/bin/cmake -E cmake_progress_report /x5/cms/jwkim/Generator/genproductions/bin/MadGraph5_aMCatNLO/WmZA_Exlusive_NLO/WmZA_Exlusive_NLO_gridpack/work/MG5_aMC_v2_6_5/HEPTools/collier/COLLIER-1.2.5/build/CMakeFiles/CMakeTmp/CMakeFiles 1
Building Fortran object CMakeFiles/cmTryCompileExec1037482386.dir/testFortranCompilerF90.f90.o
/cvmfs/cms.cern.ch/slc6_amd64_gcc630/external/gcc/6.3.0/bin/gfortran    -c /x5/cms/jwkim/Generator/genproductions/bin/MadGraph5_aMCatNLO/WmZA_Exlusive_NLO/WmZA_Exlusive_NLO_gridpack/work/MG5_aMC_v2_6_5/HEPTools/collier/COLLIER-1.2.5/build/CMakeFiles/CMakeTmp/testFortranCompilerF90.f90 -o CMakeFiles/cmTryCompileExec1037482386.dir/testFortranCompilerF90.f90.o
Linking Fortran executable cmTryCompileExec1037482386
/usr/bin/cmake -E cmake_link_script CMakeFiles/cmTryCompileExec1037482386.dir/link.txt --verbose=1
/cvmfs/cms.cern.ch/slc6_amd64_gcc630/external/gcc/6.3.0/bin/gfortran       CMakeFiles/cmTryCompileExec1037482386.dir/testFortranCompilerF90.f90.o  -o cmTryCompileExec1037482386 -rdynamic 
gmake[1]: Leaving directory '/x5/cms/jwkim/Generator/genproductions/bin/MadGraph5_aMCatNLO/WmZA_Exlusive_NLO/WmZA_Exlusive_NLO_gridpack/work/MG5_aMC_v2_6_5/HEPTools/collier/COLLIER-1.2.5/build/CMakeFiles/CMakeTmp'


