Starting job on  2020. 10. 14. (수) 10:51:05 KST
Running on  Linux node05 2.6.32-754.el6.x86_64 #1 SMP Wed Jun 20 09:34:21 CDT 2018 x86_64 x86_64 x86_64 GNU/Linux
System release  Red Hat Enterprise Linux Server release 6.8 (Santiago)
name: WmZA_Exlusive_NLO
carddir: cards/WmZA_Exlusive_NLO
queue: local
scram_arch: slc6_amd64_gcc630
cmssw_version: CMSSW_9_3_16
# On branch master
# Untracked files:
#   (use "git add <file>..." to include in what will be committed)
#
#	--h.log
#	InputCards/
#	WZAToLNuLLA_4f_NLO/
#	WZA_inclusive_NLO/
#	WZA_inclusive_tmp/
#	WmZA_Exlusive_NLO.log
#	WpZA_Exlusive_NLO.log
#	WpZA_Exlusive_NLO/
#	cards/WZAToLNuLLA_4f_NLO/
#	cards/WZA_inclusive_NLO/
#	cards/WmZA_Exlusive_NLO/
#	cards/WpZA_Exlusive_NLO/
#	cards/examples/wellnu012j_5f_NLO_FXFX.log
#	gridpack_generation.log
#	mgbasedir/
#	process/
#	readme.md
#	runcmsgrid.sh
nothing added to commit but untracked files present (use "git add" to track)
Current git revision is:
91b1bfb5f363d9d07c66d21a20dae19a0bb272d2
/x5/cms/jwkim/Generator/genproductions/bin/MadGraph5_aMCatNLO
patching file models/loop_qcd_qed_sm/restrict_lepton_masses_no_lepton_yukawas.dat
patching file models/loop_sm/restrict_ckm_no_b_mass.dat
patching file models/sm/restrict_ckm_lepton_masses.dat
patching file models/sm/restrict_ckm_lepton_masses_no_b_mass.dat
patching file models/sm/restrict_ckm_no_b_mass.dat
patching file models/sm/restrict_lepton_masses_no_b_mass.dat
patching file Template/NLO/SubProcesses/MCmasses_PYTHIA8.inc
patching file madgraph/interface/reweight_interface.py
patching file madgraph/interface/loop_interface.py
patching file madgraph/various/systematics.py
Hunk #1 succeeded at 325 (offset 97 lines).
Hunk #2 succeeded at 359 (offset 98 lines).
Hunk #3 succeeded at 533 (offset 117 lines).
patching file Template/LO/Source/.make_opts
Hunk #1 succeeded at 118 (offset 4 lines).
patching file Template/NLO/Source/make_opts.inc
patching file madgraph/iolibs/export_v4.py
Hunk #1 succeeded at 521 (offset 23 lines).
patching file madgraph/iolibs/template_files/pdf_opendata.f
patching file madgraph/iolibs/template_files/pdf_wrap_lhapdf.f
Hunk #2 succeeded at 38 with fuzz 1.
patching file Template/LO/SubProcesses/refine.sh
patching file Template/LO/SubProcesses/refine_splitted.sh
patching file Template/LO/SubProcesses/survey.sh
patching file Template/NLO/SubProcesses/ajob_template
patching file Template/NLO/SubProcesses/reweight_xsec_events.local
patching file Template/LO/Source/.make_opts
Hunk #1 succeeded at 100 (offset 4 lines).
patching file Template/LO/Source/PDF/pdf_lhapdf6.cc
Hunk #1 succeeded at 16 with fuzz 2 (offset 4 lines).
patching file Template/NLO/Source/PDF/pdf_lhapdf6.cc
Hunk #1 succeeded at 16 with fuzz 2 (offset 4 lines).
patching file Template/NLO/Source/make_opts.inc
patching file madgraph/iolibs/template_files/pdf_wrap_lhapdf.f
patching file Template/LO/SubProcesses/refine.sh
Hunk #3 succeeded at 113 with fuzz 2.
patching file Template/LO/SubProcesses/refine_splitted.sh
patching file Template/LO/SubProcesses/survey.sh
patching file Template/NLO/SubProcesses/ajob_template
patching file Template/NLO/SubProcesses/reweight_xsec_events.local
patching file madgraph/interface/reweight_interface.py
Hunk #1 succeeded at 1885 (offset 37 lines).
patching file madgraph/interface/common_run_interface.py
Hunk #1 succeeded at 1701 (offset 101 lines).
patching file Template/LO/SubProcesses/refine.sh
patching file Template/LO/SubProcesses/refine_splitted.sh
patching file Template/LO/SubProcesses/survey.sh
patching file Template/NLO/SubProcesses/ajob_template
patching file Template/NLO/SubProcesses/reweight_xsec_events.local
patching file madgraph/various/misc.py
Hunk #1 succeeded at 450 (offset 48 lines).
patching file madgraph/interface/amcatnlo_run_interface.py
patching file madgraph/interface/madevent_interface.py
Hunk #1 succeeded at 6598 (offset 17 lines).
Hunk #2 succeeded at 6614 (offset 17 lines).
patching file MadSpin/decay.py
patching file Template/NLO/SubProcesses/handling_lhe_events.f
patching file madgraph/interface/amcatnlo_run_interface.py
patching file madgraph/interface/reweight_interface.py
patching file Template/NLO/SubProcesses/driver_mintFO.f
patching file Template/NLO/SubProcesses/driver_mintMC.f
patching file madgraph/core/helas_objects.py
[?1034h************************************************************
*                                                          *
*                     W E L C O M E to                     *
*              M A D G R A P H 5 _ a M C @ N L O           *
*                                                          *
*                                                          *
*                 *                       *                *
*                   *        * *        *                  *
*                     * * * * 5 * * * *                    *
*                   *        * *        *                  *
*                 *                       *                *
*                                                          *
*         VERSION 2.6.5                 2018-02-03         *
*                                                          *
*    The MadGraph5_aMC@NLO Development Team - Find us at   *
*    https://server06.fynu.ucl.ac.be/projects/madgraph     *
*                            and                           *
*            http://amcatnlo.web.cern.ch/amcatnlo/         *
*                                                          *
*               Type 'help' for in-line help.              *
*           Type 'tutorial' to learn how MG5 works         *
*    Type 'tutorial aMCatNLO' to learn how aMC@NLO works   *
*    Type 'tutorial MadLoop' to learn how MadLoop works    *
*                                                          *
************************************************************
load MG5 configuration from /home/jwkim/.mg5/mg5_configuration.txt 
load MG5 configuration from input/mg5_configuration.txt 
fastjet-config does not seem to correspond to a valid fastjet-config executable (v3+). We will use fjcore instead.
 Please set the 'fastjet'variable to the full (absolute) /PATH/TO/fastjet-config (including fastjet-config).
 MG5_aMC> set fastjet /PATH/TO/fastjet-config

lhapdf-config does not seem to correspond to a valid lhapdf-config executable. 
Please set the 'lhapdf' variable to the (absolute) /PATH/TO/lhapdf-config (including lhapdf-config).
Note that you can still compile and run aMC@NLO with the built-in PDFs
 MG5_aMC> set lhapdf /PATH/TO/lhapdf-config

Using default text editor "vi". Set another one in ./input/mg5_configuration.txt
No valid eps viewer found. Please set in ./input/mg5_configuration.txt
No valid web browser found. Please set in ./input/mg5_configuration.txt
import /x5/cms/jwkim/Generator/genproductions/bin/MadGraph5_aMCatNLO/WmZA_Exlusive_NLO/WmZA_Exlusive_NLO_gridpack/work/MG5_aMC_v2_6_5/mgconfigscript
The import format was not given, so we guess it as command
set auto_update 0
save options auto_update
save configuration file to /x5/cms/jwkim/Generator/genproductions/bin/MadGraph5_aMCatNLO/WmZA_Exlusive_NLO/WmZA_Exlusive_NLO_gridpack/work/MG5_aMC_v2_6_5/input/mg5_configuration.txt
set automatic_html_opening False
This option will be the default in any output that you are going to create in this session.
In order to keep this changes permanent please run 'save options'
set lhapdf /cvmfs/cms.cern.ch/slc6_amd64_gcc630/external/lhapdf/6.2.1-ghjeda2/share/LHAPDF/../../bin/lhapdf-config
set lhapdf to /cvmfs/cms.cern.ch/slc6_amd64_gcc630/external/lhapdf/6.2.1-ghjeda2/share/LHAPDF/../../bin/lhapdf-config
save options lhapdf
save configuration file to /x5/cms/jwkim/Generator/genproductions/bin/MadGraph5_aMCatNLO/WmZA_Exlusive_NLO/WmZA_Exlusive_NLO_gridpack/work/MG5_aMC_v2_6_5/input/mg5_configuration.txt
set run_mode 2
This option will be the default in any output that you are going to create in this session.
In order to keep this changes permanent please run 'save options'
save options
save configuration file to /x5/cms/jwkim/Generator/genproductions/bin/MadGraph5_aMCatNLO/WmZA_Exlusive_NLO/WmZA_Exlusive_NLO_gridpack/work/MG5_aMC_v2_6_5/input/mg5_configuration.txt
quit
/x5/cms/jwkim/Generator/genproductions/bin/MadGraph5_aMCatNLO/WmZA_Exlusive_NLO/WmZA_Exlusive_NLO_gridpack/work
[?1034h************************************************************
*                                                          *
*                     W E L C O M E to                     *
*              M A D G R A P H 5 _ a M C @ N L O           *
*                                                          *
*                                                          *
*                 *                       *                *
*                   *        * *        *                  *
*                     * * * * 5 * * * *                    *
*                   *        * *        *                  *
*                 *                       *                *
*                                                          *
*         VERSION 2.6.5                 2018-02-03         *
*                                                          *
*    The MadGraph5_aMC@NLO Development Team - Find us at   *
*    https://server06.fynu.ucl.ac.be/projects/madgraph     *
*                            and                           *
*            http://amcatnlo.web.cern.ch/amcatnlo/         *
*                                                          *
*               Type 'help' for in-line help.              *
*           Type 'tutorial' to learn how MG5 works         *
*    Type 'tutorial aMCatNLO' to learn how aMC@NLO works   *
*    Type 'tutorial MadLoop' to learn how MadLoop works    *
*                                                          *
************************************************************
load MG5 configuration from /home/jwkim/.mg5/mg5_configuration.txt 
load MG5 configuration from MG5_aMC_v2_6_5/input/mg5_configuration.txt 
None does not seem to correspond to a valid fastjet-config executable (v3+). We will use fjcore instead.
 Please set the 'fastjet'variable to the full (absolute) /PATH/TO/fastjet-config (including fastjet-config).
 MG5_aMC> set fastjet /PATH/TO/fastjet-config

set lhapdf to /cvmfs/cms.cern.ch/slc6_amd64_gcc630/external/lhapdf/6.2.1-ghjeda2/share/LHAPDF/../../bin/lhapdf-config
Using default text editor "vi". Set another one in ./input/mg5_configuration.txt
No valid eps viewer found. Please set in ./input/mg5_configuration.txt
No valid web browser found. Please set in ./input/mg5_configuration.txt
import /x5/cms/jwkim/Generator/genproductions/bin/MadGraph5_aMCatNLO/WmZA_Exlusive_NLO/WmZA_Exlusive_NLO_gridpack/work/WmZA_Exlusive_NLO_proc_card.dat
The import format was not given, so we guess it as command
set group_subprocesses Auto
Set group_subprocesses to Auto
Note that you need to regenerate all processes
set ignore_six_quark_processes False
set loop_color_flows False
set loop color flows to False
set gauge unitary
Passing to gauge unitary.
set complex_mass_scheme False
Complex mass already desactivated.
set max_npoint_for_channel 0
import model loop_sm
INFO: load particles 
INFO: load vertices 
INFO: Restrict model loop_sm with file MG5_aMC_v2_6_5/models/loop_sm/restrict_default.dat . 
INFO: Run "set stdout_level DEBUG" before import for more information. 
INFO: Change particles name to pass to MG5 convention 
Defined multiparticle p = g u c d s u~ c~ d~ s~
Defined multiparticle j = g u c d s u~ c~ d~ s~
Defined multiparticle l+ = e+ mu+
Defined multiparticle l- = e- mu-
Defined multiparticle vl = ve vm vt
Defined multiparticle vl~ = ve~ vm~ vt~
Defined multiparticle all = g gh gh~ d u s c d~ u~ s~ c~ a ve vm vt e- mu- ve~ vm~ vt~ e+ mu+ b t b~ t~ z w+ h w- ta- ta+
define p = g u c d s u~ c~ d~ s~
Defined multiparticle p = g u c d s u~ c~ d~ s~
define j = g u c d s u~ c~ d~ s~
Defined multiparticle j = g u c d s u~ c~ d~ s~
define l+ = e+ mu+ ta+
Defined multiparticle l+ = e+ mu+ ta+
define l- = e- mu- ta-
Defined multiparticle l- = e- mu- ta-
generate p p > w- z a [QCD]
INFO: Generating FKS-subtracted matrix elements for born process: d u~ > w- z a [ all = QCD ] (1 / 4) 
INFO: Generating FKS-subtracted matrix elements for born process: s c~ > w- z a [ all = QCD ] (2 / 4) 
INFO: Generating FKS-subtracted matrix elements for born process: u~ d > w- z a [ all = QCD ] (3 / 4) 
INFO: Generating FKS-subtracted matrix elements for born process: c~ s > w- z a [ all = QCD ] (4 / 4) 
INFO: Generating virtual matrix elements using MadLoop: 
INFO: Generating virtual matrix element with MadLoop for process: d u~ > w- z a QED<=3 [ all = QCD ] (1 / 4) 
INFO: Generating virtual matrix elements using MadLoop: 
INFO: Generating virtual matrix element with MadLoop for process: s c~ > w- z a QED<=3 [ all = QCD ] (2 / 4) 
INFO: Generating virtual matrix elements using MadLoop: 
INFO: Generating virtual matrix element with MadLoop for process: u~ d > w- z a QED<=3 [ all = QCD ] (3 / 4) 
INFO: Generating virtual matrix elements using MadLoop: 
INFO: Generating virtual matrix element with MadLoop for process: c~ s > w- z a QED<=3 [ all = QCD ] (4 / 4) 
INFO: Generated 4 subprocesses with 504 real emission diagrams, 52 born diagrams and 268 virtual diagrams 
output WmZA_Exlusive_NLO -nojpeg
[1mFirst output using loop matrix-elements has been detected. Now asking for loop reduction:[0m
For loop computations, MadLoop requires dedicated tools to perform the reduction of loop Feynman diagrams using OPP-based and/or TIR approaches.

Which one do you want to install? (this needs to be done only once)
1. [34mcuttools  (OPP) [0711.3596]  [0m : will be installed (required)
2. [34miregi     (TIR) [1405.0301]  [0m : will be installed (required)
3. [34mninja     (OPP) [1403.1229]  [0m : [92mwill be installed [0m(recommended)
4. [34mcollier   (TIR) [1604.06792] [0m : [92mwill be installed [0m(recommended)
5. [34mgolem     (TIR) [0807.0605]  [0m : [91mdo not install[0m
You can:
 -> hit 'enter' to proceed
 -> type a number to cycle its options
 -> enter the following command:
    [34m{tool_name}[0m [[34minstall[0m|[34mnoinstall[0m|[34m{prefixed_installation_path}[0m]

[1m[91mIf you are unsure about what this question means, just type enter to proceed. [0m
[1;34mfound line : display multiparticles[0m
[1;34mThis answer is not valid for current question. Keep it for next question and use here default: 0[0m
set golem ''
save options golem
save configuration file to /x5/cms/jwkim/Generator/genproductions/bin/MadGraph5_aMCatNLO/WmZA_Exlusive_NLO/WmZA_Exlusive_NLO_gridpack/work/MG5_aMC_v2_6_5/input/mg5_configuration.txt
save options golem
save configuration file to /x5/cms/jwkim/Generator/genproductions/bin/MadGraph5_aMCatNLO/WmZA_Exlusive_NLO/WmZA_Exlusive_NLO_gridpack/work/MG5_aMC_v2_6_5/input/mg5_configuration.txt
set pjfry ''
save options pjfry
save configuration file to /x5/cms/jwkim/Generator/genproductions/bin/MadGraph5_aMCatNLO/WmZA_Exlusive_NLO/WmZA_Exlusive_NLO_gridpack/work/MG5_aMC_v2_6_5/input/mg5_configuration.txt
save options pjfry
save configuration file to /x5/cms/jwkim/Generator/genproductions/bin/MadGraph5_aMCatNLO/WmZA_Exlusive_NLO/WmZA_Exlusive_NLO_gridpack/work/MG5_aMC_v2_6_5/input/mg5_configuration.txt
install collier
[1m   You are installing 'collier', please cite ref(s): [92marXiv:1604.06792[0m. [0m
Downloading the HEPToolInstaller at:
   http://madgraph.physics.illinois.edu/Downloads/HEPToolsInstaller/HEPToolsInstaller_V135.tar.gz
Now installing collier. Be patient...
[1;32mcollier successfully installed in /x5/cms/jwkim/Generator/genproductions/bin/MadGraph5_aMCatNLO/WmZA_Exlusive_NLO/WmZA_Exlusive_NLO_gridpack/work/MG5_aMC_v2_6_5/HEPTools.[0m
save configuration file to /x5/cms/jwkim/Generator/genproductions/bin/MadGraph5_aMCatNLO/WmZA_Exlusive_NLO/WmZA_Exlusive_NLO_gridpack/work/MG5_aMC_v2_6_5/input/mg5_configuration.txt
install ninja
[1m   You are installing 'ninja', please cite ref(s): [92marXiv:1203.0291, arXiv:1403.1229, arXiv:1604.01363[0m. [0m
Downloading the HEPToolInstaller at:
   http://madgraph.physics.illinois.edu/Downloads/HEPToolsInstaller/HEPToolsInstaller_V135.tar.gz
Now installing ninja. Be patient...
[1;32mninja successfully installed in /x5/cms/jwkim/Generator/genproductions/bin/MadGraph5_aMCatNLO/WmZA_Exlusive_NLO/WmZA_Exlusive_NLO_gridpack/work/MG5_aMC_v2_6_5/HEPTools.[0m
save configuration file to /x5/cms/jwkim/Generator/genproductions/bin/MadGraph5_aMCatNLO/WmZA_Exlusive_NLO/WmZA_Exlusive_NLO_gridpack/work/MG5_aMC_v2_6_5/input/mg5_configuration.txt
INFO: Writing out the aMC@NLO code, using optimized Loops 
INFO: initialize a new directory: WmZA_Exlusive_NLO 
INFO: remove old information in WmZA_Exlusive_NLO 
[1mINFO: Compiling CutTools. This has to be done only once and can take a couple of minutes. [0m
[1mINFO: Compiling IREGI. This has to be done only once and can take a couple of minutes. [0m
INFO: Generating real emission matrix-elements... 
INFO: Generating Helas calls for FKS process: d u~ > w- z a [ all = QCD ] (1 / 4) 
INFO: Processing color information for process: d u~ > w- z a [ all = QCD ] 
INFO: Generating Helas calls for FKS process: s c~ > w- z a [ all = QCD ] (2 / 4) 
INFO: Generating Helas calls for FKS process: u~ d > w- z a [ all = QCD ] (3 / 4) 
INFO: Processing color information for process: u~ d > w- z a [ all = QCD ] 
INFO: Generating Helas calls for FKS process: c~ s > w- z a [ all = QCD ] (4 / 4) 
INFO: ... Done 
INFO: Writing files in P0_dux_wmza (1 / 2) 
INFO: Creating files in directory V0_dux_wmza 
ALOHA: aloha creates FFV1 set of routines with options: L1,P0
INFO: Computing diagram color coefficients 
INFO: Drawing loop Feynman diagrams for Process: d u~ > w- z a QED<=3 [ all = QCD ] 
INFO: Generating born Feynman diagrams for Process: d u~ > w- z a QED<=3 [ all = QCD ] 
INFO: Writing files in P0_uxd_wmza (2 / 2) 
INFO: Creating files in directory V0_uxd_wmza 
ALOHA: aloha creates FFV1 set of routines with options: L2,P0
INFO: Computing diagram color coefficients 
INFO: Drawing loop Feynman diagrams for Process: u~ d > w- z a QED<=3 [ all = QCD ] 
INFO: Generating born Feynman diagrams for Process: u~ d > w- z a QED<=3 [ all = QCD ] 
History written to /x5/cms/jwkim/Generator/genproductions/bin/MadGraph5_aMCatNLO/WmZA_Exlusive_NLO/WmZA_Exlusive_NLO_gridpack/work/WmZA_Exlusive_NLO/Cards/proc_card_mg5.dat
ALOHA: aloha creates FFV1 routines
ALOHA: aloha creates FFV2 routines
ALOHA: aloha creates FFV3 routines
ALOHA: aloha creates VVV1 routines
ALOHA: aloha creates FFV5 routines
ALOHA: aloha creates VVVV5 routines
ALOHA: aloha creates R2_QQ_1 routines
ALOHA: aloha creates FFV2_5 routines
ALOHA: aloha creates FFV2_3 routines
save configuration file to /x5/cms/jwkim/Generator/genproductions/bin/MadGraph5_aMCatNLO/WmZA_Exlusive_NLO/WmZA_Exlusive_NLO_gridpack/work/WmZA_Exlusive_NLO/Cards/amcatnlo_configuration.txt
INFO: Use Fortran compiler gfortran 
INFO: Use c++ compiler g++ 
INFO: Generate web pages 
INFO: Compiling StdHEP. This has to be done only once. 
INFO: Done. 
Type "launch" to generate events from this process, or see
/x5/cms/jwkim/Generator/genproductions/bin/MadGraph5_aMCatNLO/WmZA_Exlusive_NLO/WmZA_Exlusive_NLO_gridpack/work/WmZA_Exlusive_NLO/README
Run "open index.html" to see more information about this process.
display multiparticles
Multiparticle labels:
all = g gh gh~ d u s c d~ u~ s~ c~ a ve vm vt e- mu- ve~ vm~ vt~ e+ mu+ b t b~ t~ z w+ h w- ta- ta+
l- = e- mu- ta-
j = g u c d s u~ c~ d~ s~
vl = ve vm vt
l+ = e+ mu+ ta+
p = g u c d s u~ c~ d~ s~
vl~ = ve~ vm~ vt~
quit
copying generated process to working directory

        WARNING: You've chosen not to use the PDF sets recommended for 2017 production!
        If this isn't intentional, and you prefer to use the recommended sets,
        insert the following lines into your process-name_run_card.dat:

            '$DEFAULT_PDF_SETS = lhaid'
            '$DEFAULT_PDF_MEMBERS = reweight_PDF'
        
copying run_card.dat file
starting NLO mode
[?1034hNo module named madgraph
INFO: ************************************************************
*                                                          *
*           W E L C O M E  to  M A D G R A P H 5           *
*                       a M C @ N L O                      *
*                                                          *
*                 *                       *                *
*                   *        * *        *                  *
*                     * * * * 5 * * * *                    *
*                   *        * *        *                  *
*                 *                       *                *
*                                                          *
*         VERSION 5.2.6.5               20xx-xx-xx         *
*                                                          *
*    The MadGraph5_aMC@NLO Development Team - Find us at   *
*                 http://amcatnlo.cern.ch                  *
*                                                          *
*               Type 'help' for in-line help.              *
*                                                          *
************************************************************ 
INFO: load configuration from /home/jwkim/.mg5/mg5_configuration.txt  
INFO: load configuration from /x5/cms/jwkim/Generator/genproductions/bin/MadGraph5_aMCatNLO/WmZA_Exlusive_NLO/WmZA_Exlusive_NLO_gridpack/work/processtmp/Cards/amcatnlo_configuration.txt  
INFO: load configuration from /x5/cms/jwkim/Generator/genproductions/bin/MadGraph5_aMCatNLO/WmZA_Exlusive_NLO/WmZA_Exlusive_NLO_gridpack/work/MG5_aMC_v2_6_5/input/mg5_configuration.txt  
INFO: load configuration from /x5/cms/jwkim/Generator/genproductions/bin/MadGraph5_aMCatNLO/WmZA_Exlusive_NLO/WmZA_Exlusive_NLO_gridpack/work/processtmp/Cards/amcatnlo_configuration.txt  
Using default text editor "vi". Set another one in ./input/mg5_configuration.txt
No valid eps viewer found. Please set in ./input/mg5_configuration.txt
No valid web browser found. Please set in ./input/mg5_configuration.txt
launch -n pilotrun
[1;34mrun_card missed argument pt_min_pdg. Takes default: {}[0m
[1;34mrun_card missed argument pt_max_pdg. Takes default: {}[0m
[1;34mrun_card missed argument mxx_min_pdg. Takes default: {}[0m
The following switches determine which programs are run:
/=============================================================================\
1. Type of perturbative computation         [1m      order[0m = [32mNLO[0m         
2. No MC@[N]LO matching / event generation  [1mfixed_order[0m = [32mOFF[0m         
3. Shower the generated events              [1m     shower[0m = [31mPYTHIA8[0m     
4. Decay onshell particles                  [1m    madspin[0m = [32mON[0m          
5. Add weights to events for new hypp.      [1m   reweight[0m = [31mOFF[0m         
6. Run MadAnalysis5 on the events generated [1mmadanalysis[0m = [01mNot Avail.[0m  
\=============================================================================/
Either type the switch number (1 to 6) to change its setting,
Set any switch explicitly (e.g. type 'fixed_order=ON' at the prompt)
Type 'help' for the list of all valid option
Type '0', 'auto', 'done' or just press enter when you are done.[60s to answer] 
>The following switches determine which programs are run:
/=============================================================================\
1. Type of perturbative computation         [1m      order[0m = [32mNLO[0m         
2. No MC@[N]LO matching / event generation  [1mfixed_order[0m = [32mOFF[0m         
3. Shower the generated events              [1m     shower[0m = [32mOFF[0m         
4. Decay onshell particles                  [1m    madspin[0m = [32mON[0m          
5. Add weights to events for new hypp.      [1m   reweight[0m = [31mOFF[0m         
6. Run MadAnalysis5 on the events generated [1mmadanalysis[0m = [01mNot Avail.[0m  
\=============================================================================/
Either type the switch number (1 to 6) to change its setting,
Set any switch explicitly (e.g. type 'fixed_order=ON' at the prompt)
Type 'help' for the list of all valid option
Type '0', 'auto', 'done' or just press enter when you are done.
The following switches determine which programs are run:
/=============================================================================\
1. Type of perturbative computation         [1m      order[0m = [32mNLO[0m         
2. No MC@[N]LO matching / event generation  [1mfixed_order[0m = [32mOFF[0m         
3. Shower the generated events              [1m     shower[0m = [32mOFF[0m         
4. Decay onshell particles                  [1m    madspin[0m = [32mON[0m          
5. Add weights to events for new hypp.      [1m   reweight[0m = [31mOFF[0m         
6. Run MadAnalysis5 on the events generated [1mmadanalysis[0m = [01mNot Avail.[0m  
\=============================================================================/
Either type the switch number (1 to 6) to change its setting,
Set any switch explicitly (e.g. type 'fixed_order=ON' at the prompt)
Type 'help' for the list of all valid option
Type '0', 'auto', 'done' or just press enter when you are done.
>The following switches determine which programs are run:
/=============================================================================\
1. Type of perturbative computation         [1m      order[0m = [32mNLO[0m         
2. No MC@[N]LO matching / event generation  [1mfixed_order[0m = [32mOFF[0m         
3. Shower the generated events              [1m     shower[0m = [32mOFF[0m         
4. Decay onshell particles                  [1m    madspin[0m = [32mON[0m          
5. Add weights to events for new hypp.      [1m   reweight[0m = [31mOFF[0m         
6. Run MadAnalysis5 on the events generated [1mmadanalysis[0m = [01mNot Avail.[0m  
\=============================================================================/
Either type the switch number (1 to 6) to change its setting,
Set any switch explicitly (e.g. type 'fixed_order=ON' at the prompt)
Type 'help' for the list of all valid option
Type '0', 'auto', 'done' or just press enter when you are done.
The following switches determine which programs are run:
/=============================================================================\
1. Type of perturbative computation         [1m      order[0m = [32mNLO[0m         
2. No MC@[N]LO matching / event generation  [1mfixed_order[0m = [32mOFF[0m         
3. Shower the generated events              [1m     shower[0m = [32mOFF[0m         
4. Decay onshell particles                  [1m    madspin[0m = [32mON[0m          
5. Add weights to events for new hypp.      [1m   reweight[0m = [31mOFF[0m         
6. Run MadAnalysis5 on the events generated [1mmadanalysis[0m = [01mNot Avail.[0m  
\=============================================================================/
Either type the switch number (1 to 6) to change its setting,
Set any switch explicitly (e.g. type 'fixed_order=ON' at the prompt)
Type 'help' for the list of all valid option
Type '0', 'auto', 'done' or just press enter when you are done.
>INFO: will run in mode: noshower 
[1;34mWARNING: You have chosen not to run a parton shower.
    NLO events without showering are NOT physical.
    Please, shower the LesHouches events before using them for physics analyses.
    You have to choose NOW which parton-shower you WILL use and specify it in the run_card. [0m
[1;34mrun_card missed argument pt_min_pdg. Takes default: {}[0m
[1;34mrun_card missed argument pt_max_pdg. Takes default: {}[0m
[1;34mrun_card missed argument mxx_min_pdg. Takes default: {}[0m
Do you want to edit a card (press enter to bypass editing)?
/------------------------------------------------------------\
|  [31m1[0m. param   : [32mparam_card.dat[0m                               |
|  [31m2[0m. run     : [32mrun_card.dat[0m                                 |
|  [31m3[0m. madspin : [32mmadspin_card.dat[0m                             |
\------------------------------------------------------------/
 you can also
   - enter the path to a valid card or banner.
   - use the 'set' command to modify a parameter directly.
     The set option works only for param_card and run_card.
     Type 'help set' for more information on this command.
   - call an external program (ASperGE/MadWidth/...).
     Type 'help' for the list of available command
 [[4m0[0m, done, 1, param, 2, run, 3, madspin, enter path][90s to answer] 
>INFO: Update the dependent parameter of the param_card.dat 
[1;34mrun_card missed argument pt_min_pdg. Takes default: {}[0m
[1;34mrun_card missed argument pt_max_pdg. Takes default: {}[0m
[1;34mrun_card missed argument mxx_min_pdg. Takes default: {}[0m
INFO: Starting run 
INFO: Compiling the code 
[1;34mrun_card missed argument pt_min_pdg. Takes default: {}[0m
[1;34mrun_card missed argument pt_max_pdg. Takes default: {}[0m
[1;34mrun_card missed argument mxx_min_pdg. Takes default: {}[0m
run_card missed argument shower_scale_factor. Takes default: 1.0
run_card missed argument muf_ref_fixed. Takes default: 91.188
run_card missed argument dynamical_scale_choice. Takes default: [-1]
run_card missed argument muf_over_ref. Takes default: 1.0
run_card missed argument rw_rscale. Takes default: [1.0, 2.0, 0.5]
run_card missed argument rw_fscale. Takes default: [1.0, 2.0, 0.5]
run_card missed argument iappl. Takes default: 0
INFO: Using LHAPDF v6.2.1 interface for PDFs 
INFO: Compiling source... 
INFO:           ...done, continuing with P* directories 
INFO: Compiling directories... 
INFO: Compiling on 56 cores 
INFO:  Compiling P0_dux_wmza... 
INFO:  Compiling P0_uxd_wmza... 
INFO:     P0_uxd_wmza done. 
INFO:     P0_dux_wmza done. 
INFO: Checking test output: 
INFO: P0_dux_wmza 
INFO:  Result for test_ME: 
INFO:    Passed. 
INFO:  Result for test_MC: 
INFO:    Passed. 
INFO:  Result for check_poles: 
INFO:    Poles successfully cancel for 20 points over 20 (tolerance=1.0e-05) 
INFO: P0_uxd_wmza 
INFO:  Result for test_ME: 
INFO:    Passed. 
INFO:  Result for test_MC: 
INFO:    Passed. 
INFO:  Result for check_poles: 
INFO:    Poles successfully cancel for 20 points over 20 (tolerance=1.0e-05) 
INFO: Starting run 
INFO: Using 56 cores 
INFO: Cleaning previous results 
INFO: Generating events without running the shower. 
INFO: Setting up grids 
INFO:  Idle: 0,  Running: 24,  Completed: 0 [ current time: 10h58 ] 
INFO:  Idle: 0,  Running: 23,  Completed: 1 [  1m 18s  ] 
INFO:  Idle: 0,  Running: 22,  Completed: 2 [  1m 24s  ] 
INFO:  Idle: 0,  Running: 21,  Completed: 3 [  1m 34s  ] 
INFO:  Idle: 0,  Running: 20,  Completed: 4 [  2m 6s  ] 
INFO:  Idle: 0,  Running: 19,  Completed: 5 [  2m 22s  ] 
INFO:  Idle: 0,  Running: 18,  Completed: 6 [  2m 25s  ] 
INFO:  Idle: 0,  Running: 17,  Completed: 7 [  2m 30s  ] 
INFO:  Idle: 0,  Running: 16,  Completed: 8 [  2m 37s  ] 
INFO:  Idle: 0,  Running: 15,  Completed: 9 [  2m 40s  ] 
INFO:  Idle: 0,  Running: 14,  Completed: 10 [  2m 42s  ] 
INFO:  Idle: 0,  Running: 13,  Completed: 11 [  2m 50s  ] 
INFO:  Idle: 0,  Running: 12,  Completed: 12 [  2m 54s  ] 
INFO:  Idle: 0,  Running: 11,  Completed: 13 [  2m 59s  ] 
INFO:  Idle: 0,  Running: 10,  Completed: 14 [  3m 8s  ] 
INFO:  Idle: 0,  Running: 9,  Completed: 15 [  3m 10s  ] 
INFO:  Idle: 0,  Running: 8,  Completed: 16 [  3m 25s  ] 
INFO:  Idle: 0,  Running: 7,  Completed: 17 [  3m 59s  ] 
INFO:  Idle: 0,  Running: 6,  Completed: 18 [  4m 10s  ] 
INFO:  Idle: 0,  Running: 5,  Completed: 19 [  4m 40s  ] 
INFO:  Idle: 0,  Running: 3,  Completed: 21 [  4m 53s  ] 
INFO:  Idle: 0,  Running: 2,  Completed: 22 [  5m 10s  ] 
INFO:  Idle: 0,  Running: 1,  Completed: 23 [  5m 15s  ] 
INFO:  Idle: 0,  Running: 0,  Completed: 24 [  8m 19s  ] 
INFO: Determining the number of unweighted events per channel

      Intermediate results:
      Random seed: 33
      Total cross section:      7.102e-02 +- 4.2e-04 pb
      Total abs(cross section): 7.735e-02 +- 4.2e-04 pb 

 
INFO: Computing upper envelope 
INFO:  Idle: 0,  Running: 24,  Completed: 0 [ current time: 11h07 ] 
INFO:  Idle: 0,  Running: 23,  Completed: 1 [  12m 21s  ] 
INFO:  Idle: 0,  Running: 22,  Completed: 2 [  18m 4s  ] 
INFO:  Idle: 0,  Running: 20,  Completed: 4 [  21m 1s  ] 
INFO:  Idle: 0,  Running: 18,  Completed: 6 [  23m 10s  ] 
INFO:  Idle: 0,  Running: 17,  Completed: 7 [  40m 18s  ] 
INFO:  Idle: 0,  Running: 16,  Completed: 8 [  50m 6s  ] 
INFO:  Idle: 0,  Running: 15,  Completed: 9 [  57m 19s  ] 
INFO:  Idle: 0,  Running: 14,  Completed: 10 [  59m 12s  ] 
INFO:  Idle: 0,  Running: 12,  Completed: 12 [  1h 13m  ] 
INFO:  Idle: 0,  Running: 11,  Completed: 13 [  1h 46m  ] 
INFO:  Idle: 0,  Running: 10,  Completed: 14 [  1h 57m  ] 
INFO:  Idle: 0,  Running: 9,  Completed: 15 [  1h 59m  ] 
INFO:  Idle: 0,  Running: 7,  Completed: 17 [  2h 2m  ] 
INFO:  Idle: 0,  Running: 6,  Completed: 18 [  2h 5m  ] 
INFO:  Idle: 0,  Running: 2,  Completed: 22 [  2h 8m  ] 
INFO:  Idle: 0,  Running: 0,  Completed: 24 [  2h 11m  ] 
INFO: Updating the number of unweighted events per channel

      Intermediate results:
      Random seed: 33
      Total cross section:      7.323e-02 +- 9.2e-05 pb
      Total abs(cross section): 8.017e-02 +- 9.1e-05 pb 

 
INFO: Generating events 
INFO:  Idle: 0,  Running: 22,  Completed: 5 [ current time: 13h18 ] 
INFO:  Idle: 0,  Running: 21,  Completed: 6 [ current time: 13h18 ] 
INFO:  Idle: 0,  Running: 20,  Completed: 7 [  0.93s  ] 
INFO:  Idle: 0,  Running: 19,  Completed: 8 [  1.3s  ] 
INFO:  Idle: 0,  Running: 18,  Completed: 9 [  2.3s  ] 
INFO:  Idle: 0,  Running: 16,  Completed: 11 [  2.7s  ] 
INFO:  Idle: 0,  Running: 15,  Completed: 12 [  4.7s  ] 
INFO:  Idle: 0,  Running: 14,  Completed: 13 [  5.2s  ] 
INFO:  Idle: 0,  Running: 13,  Completed: 14 [  5.5s  ] 
INFO:  Idle: 0,  Running: 12,  Completed: 15 [  7.1s  ] 
INFO:  Idle: 0,  Running: 11,  Completed: 16 [  9.1s  ] 
INFO:  Idle: 0,  Running: 10,  Completed: 17 [  11s  ] 
INFO:  Idle: 0,  Running: 9,  Completed: 18 [  11.2s  ] 
INFO:  Idle: 0,  Running: 8,  Completed: 19 [  13.6s  ] 
INFO:  Idle: 0,  Running: 7,  Completed: 20 [  14.3s  ] 
INFO:  Idle: 0,  Running: 6,  Completed: 21 [  14.6s  ] 
INFO:  Idle: 0,  Running: 5,  Completed: 22 [  14.6s  ] 
INFO:  Idle: 0,  Running: 4,  Completed: 23 [  14.9s  ] 
INFO:  Idle: 0,  Running: 3,  Completed: 24 [  15.7s  ] 
INFO:  Idle: 0,  Running: 2,  Completed: 25 [  17s  ] 
INFO:  Idle: 0,  Running: 1,  Completed: 26 [  18.6s  ] 
INFO:  Idle: 0,  Running: 0,  Completed: 27 [  19.4s  ] 
INFO:    Doing reweight 
INFO:  Idle: 0,  Running: 0,  Completed: 27 [ current time: 13h18 ] 
INFO: Collecting events 
INFO: 
   --------------------------------------------------------------
      Summary:
      Process p p > w- z a [QCD]
      Run at p-p collider (6500.0 + 6500.0 GeV)
      Number of events generated: 250
      Total cross section: 7.281e-02 +- 9.2e-05 pb
   --------------------------------------------------------------
 
INFO: The /x5/cms/jwkim/Generator/genproductions/bin/MadGraph5_aMCatNLO/WmZA_Exlusive_NLO/WmZA_Exlusive_NLO_gridpack/work/processtmp/Events/pilotrun/events.lhe.gz file has been generated.
 
INFO: Events generated 
reweight -from_cards
decay_events -from_cards
INFO: Running MadSpin 
INFO: This functionality allows for the decay of resonances 
INFO: in a .lhe file, keeping track of the spin correlation effets. 
INFO: BE AWARE OF THE CURRENT LIMITATIONS: 
INFO:   (1) Only a succession of 2 body decay are currently allowed 
************************************************************
*                                                          *
*           W E L C O M E  to  M A D S P I N               *
*                                                          *
************************************************************
INFO: Extracting the banner ... 
INFO: process: p p > w- z a  
INFO: options:  
INFO: detected model: loop_sm. Loading... 
save options cluster_local_path
save configuration file to /x5/cms/jwkim/Generator/genproductions/bin/MadGraph5_aMCatNLO/WmZA_Exlusive_NLO/WmZA_Exlusive_NLO_gridpack/work/MG5_aMC_v2_6_5/input/mg5_configuration.txt
save options cluster_queue
save configuration file to /x5/cms/jwkim/Generator/genproductions/bin/MadGraph5_aMCatNLO/WmZA_Exlusive_NLO/WmZA_Exlusive_NLO_gridpack/work/MG5_aMC_v2_6_5/input/mg5_configuration.txt
set lhapdf to /cvmfs/cms.cern.ch/slc6_amd64_gcc630/external/lhapdf/6.2.1-ghjeda2/share/LHAPDF/../../bin/lhapdf-config
save options lhapdf
save configuration file to /x5/cms/jwkim/Generator/genproductions/bin/MadGraph5_aMCatNLO/WmZA_Exlusive_NLO/WmZA_Exlusive_NLO_gridpack/work/MG5_aMC_v2_6_5/input/mg5_configuration.txt
set ninja to /x5/cms/jwkim/Generator/genproductions/bin/MadGraph5_aMCatNLO/WmZA_Exlusive_NLO/WmZA_Exlusive_NLO_gridpack/work/MG5_aMC_v2_6_5/HEPTools/lib
save options ninja
save configuration file to /x5/cms/jwkim/Generator/genproductions/bin/MadGraph5_aMCatNLO/WmZA_Exlusive_NLO/WmZA_Exlusive_NLO_gridpack/work/MG5_aMC_v2_6_5/input/mg5_configuration.txt
save options cluster_type
save configuration file to /x5/cms/jwkim/Generator/genproductions/bin/MadGraph5_aMCatNLO/WmZA_Exlusive_NLO/WmZA_Exlusive_NLO_gridpack/work/MG5_aMC_v2_6_5/input/mg5_configuration.txt
set collier to /x5/cms/jwkim/Generator/genproductions/bin/MadGraph5_aMCatNLO/WmZA_Exlusive_NLO/WmZA_Exlusive_NLO_gridpack/work/MG5_aMC_v2_6_5/HEPTools/lib
save options collier
save configuration file to /x5/cms/jwkim/Generator/genproductions/bin/MadGraph5_aMCatNLO/WmZA_Exlusive_NLO/WmZA_Exlusive_NLO_gridpack/work/MG5_aMC_v2_6_5/input/mg5_configuration.txt
save options auto_update
save configuration file to /x5/cms/jwkim/Generator/genproductions/bin/MadGraph5_aMCatNLO/WmZA_Exlusive_NLO/WmZA_Exlusive_NLO_gridpack/work/MG5_aMC_v2_6_5/input/mg5_configuration.txt
set spinmode none
define l+ = e+ mu+ ta+
define l+ = e+ mu+ ta+
Defined multiparticle l+ = e+ mu+ ta+
define l- = e- mu- ta-
define l- = e- mu- ta-
Defined multiparticle l- = e- mu- ta-
decay w- > l- vl~
decay z > l+ l-
launch
INFO: Will use seed 275622841 
INFO: generate 250 decay event for particle w- 
INFO: Will use seed 428286925 
INFO: generate 250 decay event for particle z 
decaying event number 100 [0.100430965424 s]
decaying event number 200 [0.197958946228 s]
INFO: The decayed event file has been moved to the following location:  
INFO: /x5/cms/jwkim/Generator/genproductions/bin/MadGraph5_aMCatNLO/WmZA_Exlusive_NLO/WmZA_Exlusive_NLO_gridpack/work/processtmp/Events/pilotrun_decayed_1/events.lhe.gz 
INFO: MadSpin Done 
[1;34mWARNING: You have chosen not to run a parton shower. NLO events without showering are NOT physical.
Please, shower the Les Houches events before using them for physics analyses. [0m
INFO:  
quit
INFO:  
finished pilot run
cleaning unneeded files from gridpack
