04-Dec-2020 16:18:52 KST  Initiating request to open file file:Scheme2Wp_Large/condorOut/s1_LNuLLA_50_0.root
04-Dec-2020 16:18:54 KST  Successfully opened file file:Scheme2Wp_Large/condorOut/s1_LNuLLA_50_0.root
Begin processing the 1st record. Run 50, Event 1, LumiSection 1 on stream 0 at 04-Dec-2020 16:21:52.738 KST
      0.007602      0.000008      0.008888             0
 
04-Dec-2020 16:21:52 KST  Closed file file:Scheme2Wp_Large/condorOut/s1_LNuLLA_50_0.root

------------------------------------
GenXsecAnalyzer:
------------------------------------
-------------------------------------------------------------------------------------------------------------------------------------------------------------------------- 
Overall cross-section summary 
--------------------------------------------------------------------------------------------------------------------------------------------------------------------------
Process		xsec_before [pb]		passed	nposw	nnegw	tried	nposw	nnegw 	xsec_match [pb]			accepted [%]	 event_eff [%]
0		7.602e-03 +/- 7.810e-06		50	44	6	50	44	6	7.602e-03 +/- 7.810e-06		100.0 +/- 0.0	100.0 +/- 0.0
-------------------------------------------------------------------------------------------------------------------------------------------------------------------------- 
Total		7.602e-03 +/- 7.810e-06		50	44	6	50	44	6	7.602e-03 +/- 7.810e-06		100.0 +/- 0.0	100.0 +/- 0.0
--------------------------------------------------------------------------------------------------------------------------------------------------------------------------
Before matching: total cross section = 7.602e-03 +- 7.810e-06 pb
After matching: total cross section = 7.602e-03 +- 7.810e-06 pb
Matching efficiency = 1.0 +/- 0.0   [TO BE USED IN MCM]
Filter efficiency (taking into account weights)= (0.33766) / (0.33766) = 1.000e+00 +- 0.000e+00
Filter efficiency (event-level)= (50) / (50) = 1.000e+00 +- 0.000e+00    [TO BE USED IN MCM]

After filter: final cross section = 7.602e-03 +- 7.810e-06 pb
After filter: final fraction of events with negative weights = 1.200e-01 +- 5.510e-03
After filter: final equivalent lumi for 1M events (1/fb) = 7.598e+04 +- 1.677e+03

=============================================

MessageLogger Summary

 type     category        sev    module        subroutine        count    total
 ---- -------------------- -- ---------------- ----------------  -----    -----
    1 GenXSecAnalyzer      -w GenXSecAnalyzer:                      15       15
    2 fileAction           -s file_close                             1        1
    3 fileAction           -s file_open                              2        2

 type    category    Examples: run/evt        run/evt          run/evt
 ---- -------------------- ---------------- ---------------- ----------------
    1 GenXSecAnalyzer      EndJob           EndJob           EndJob
    2 fileAction           PostGlobalEndRun                  
    3 fileAction           pre-events       pre-events       

Severity    # Occurrences   Total Occurrences
--------    -------------   -----------------
Warning                15                  15
System                  3                   3

dropped waiting message count 0
