==== LHAPDF6 USING DEFAULT-TYPE LHAGLUE INTERFACE ====
LHAPDF 6.2.1 loading /cvmfs/cms.cern.ch/slc6_amd64_gcc630/external/lhapdf/6.2.1-ghjeda2/share/LHAPDF/NNPDF30_nlo_nf_4_pdfas/NNPDF30_nlo_nf_4_pdfas_0000.dat
NNPDF30_nlo_nf_4_pdfas PDF set, member #0, version 2; LHAPDF ID = 292000
 A PDF is used, so alpha_s(MZ) is going to be modified
 Old value of alpha_s from param_card:   0.11799999999999999     
 New value of alpha_s from PDF lhapdf :  0.11227348553523188     
 *****************************************************
 *               MadGraph/MadEvent                   *
 *        --------------------------------           *
 *          http://madgraph.hep.uiuc.edu             *
 *          http://madgraph.phys.ucl.ac.be           *
 *          http://madgraph.roma2.infn.it            *
 *        --------------------------------           *
 *                                                   *
 *          PARAMETER AND COUPLING VALUES            *
 *                                                   *
 *****************************************************

  External Params
  ---------------------------------
  
 MU_R =    91.188000000000002     
 aEWM1 =    132.50700000000001     
 mdl_Gf =    1.1663900000000000E-005
 aS =   0.11799999999999999     
 mdl_ymb =    4.7000000000000002     
 mdl_ymt =    173.00000000000000     
 mdl_ymtau =    1.7769999999999999     
 mdl_MT =    173.00000000000000     
 mdl_MB =    4.7000000000000002     
 mdl_MZ =    91.188000000000002     
 mdl_MH =    125.00000000000000     
 mdl_MTA =    1.7769999999999999     
 mdl_WT =    1.4915000000000000     
 mdl_WZ =    2.4414039999999999     
 mdl_WW =    2.0476000000000001     
 mdl_WH =    6.3823389999999999E-003
  Internal Params
  ---------------------------------
  
 mdl_conjg__CKM3x3 =    1.0000000000000000     
 mdl_CKM22 =    1.0000000000000000     
 mdl_lhv =    1.0000000000000000     
 mdl_CKM3x3 =    1.0000000000000000     
 mdl_conjg__CKM22 =    1.0000000000000000     
 mdl_conjg__CKM33 =    1.0000000000000000     
 mdl_Ncol =    3.0000000000000000     
 mdl_CA =    3.0000000000000000     
 mdl_TF =   0.50000000000000000     
 mdl_CF =    1.3333333333333333     
 mdl_complexi =  (  0.0000000000000000     ,  1.0000000000000000     )
 mdl_MZ__exp__2 =    8315.2513440000002     
 mdl_MZ__exp__4 =    69143404.913893804     
 mdl_sqrt__2 =    1.4142135623730951     
 mdl_MH__exp__2 =    15625.000000000000     
 mdl_Ncol__exp__2 =    9.0000000000000000     
 mdl_MB__exp__2 =    22.090000000000003     
 mdl_MT__exp__2 =    29929.000000000000     
 mdl_aEW =    7.5467711139788835E-003
 mdl_MW =    80.419002445756163     
 mdl_sqrt__aEW =    8.6872153846781555E-002
 mdl_ee =   0.30795376724436879     
 mdl_MW__exp__2 =    6467.2159543705357     
 mdl_sw2 =   0.22224648578577766     
 mdl_cw =   0.88190334743339216     
 mdl_sqrt__sw2 =   0.47143025548407230     
 mdl_sw =   0.47143025548407230     
 mdl_g1 =   0.34919219678733299     
 mdl_gw =   0.65323293034757990     
 mdl_v =    246.21845810181637     
 mdl_v__exp__2 =    60623.529110035903     
 mdl_lam =   0.12886910601690263     
 mdl_yb =    2.6995554250465490E-002
 mdl_yt =   0.99366614581500623     
 mdl_ytau =    1.0206617000654717E-002
 mdl_muH =    88.388347648318430     
 mdl_AxialZUp =  -0.18517701861793787     
 mdl_AxialZDown =   0.18517701861793787     
 mdl_VectorZUp =    7.5430507588273299E-002
 mdl_VectorZDown =  -0.13030376310310560     
 mdl_VectorAUp =   0.20530251149624587     
 mdl_VectorADown =  -0.10265125574812294     
 mdl_VectorWmDxU =   0.23095271737156670     
 mdl_AxialWmDxU =  -0.23095271737156670     
 mdl_VectorWpUxD =   0.23095271737156670     
 mdl_AxialWpUxD =  -0.23095271737156670     
 mdl_I1x33 =  (  2.6995554250465490E-002,  0.0000000000000000     )
 mdl_I2x33 =  ( 0.99366614581500623     ,  0.0000000000000000     )
 mdl_I3x33 =  ( 0.99366614581500623     ,  0.0000000000000000     )
 mdl_I4x33 =  (  2.6995554250465490E-002,  0.0000000000000000     )
 mdl_Vector_tbGp =  (-0.96667059156454072     ,  0.0000000000000000     )
 mdl_Axial_tbGp =  ( -1.0206617000654716     , -0.0000000000000000     )
 mdl_Vector_tbGm =  ( 0.96667059156454072     ,  0.0000000000000000     )
 mdl_Axial_tbGm =  ( -1.0206617000654716     , -0.0000000000000000     )
 mdl_gw__exp__2 =   0.42671326129048615     
 mdl_cw__exp__2 =   0.77775351421422245     
 mdl_ee__exp__2 =    9.4835522759998875E-002
 mdl_sw__exp__2 =   0.22224648578577769     
 mdl_yb__exp__2 =    7.2875994928982540E-004
 mdl_yt__exp__2 =   0.98737240933884918     
  Internal Params evaluated point by point
  ----------------------------------------
  
 mdl_sqrt__aS =   0.34351128074635334     
 mdl_G__exp__4 =    2.1987899468922913     
 mdl_G__exp__2 =    1.4828317324943823     
 mdl_R2MixedFactor_FIN_ =   -2.5040377713124864E-002
 mdl_GWcft_UV_b_1EPS_ =   -3.1300472141406080E-003
 mdl_GWcft_UV_t_1EPS_ =   -3.1300472141406080E-003
 mdl_bWcft_UV_1EPS_ =   -1.8780283284843650E-002
 mdl_tWcft_UV_1EPS_ =   -1.8780283284843650E-002
 mdl_G__exp__3 =    1.8056676068262196     
 mdl_MU_R__exp__2 =    8315.2513440000002     
 mdl_GWcft_UV_b_FIN_ =   -1.8563438626678915E-002
 mdl_GWcft_UV_t_FIN_ =    4.0087659331150384E-003
 mdl_bWcft_UV_FIN_ =  -0.13642100947319838     
 mdl_tWcft_UV_FIN_ =   -9.8778211443463623E-004
  Couplings of loop_sm
  ---------------------------------
  
       R2_DDA =   0.00000E+00   0.25704E-02
       R2_UUA =  -0.00000E+00  -0.51409E-02
    R2_UUZ_V2 =  -0.00000E+00  -0.72127E-02
    R2_UUZ_V5 =   0.00000E+00   0.68702E-03
      R2_sxcW =  -0.00000E+00  -0.11566E-01
         GC_5 =   0.00000E+00   0.12177E+01
       R2_QQq =   0.00000E+00   0.12520E-01
         GC_1 =  -0.00000E+00  -0.10265E+00
         GC_2 =   0.00000E+00   0.20530E+00
         GC_7 =   0.00000E+00   0.57609E+00
        GC_22 =   0.00000E+00   0.28804E+00
        GC_23 =  -0.00000E+00  -0.27437E-01
        GC_25 =   0.00000E+00   0.30795E+00
        GC_26 =  -0.00000E+00  -0.35482E+00
        GC_47 =   0.00000E+00   0.46191E+00

 Collider parameters:
 --------------------

 Running at P P   machine @    13000.000000000000       GeV
 PDF set = lhapdf 
 alpha_s(Mz)= 0.1123 running at 2 loops.
 alpha_s(Mz)= 0.1123 running at 2 loops.
 Renormalization scale set on event-by-event basis
 Factorization   scale set on event-by-event basis


 ===============================================================
 INFO: MadFKS read these parameters from FKS_params.dat
 ===============================================================
  > IRPoleCheckThreshold      =    1.0000000000000001E-005
  > PrecisionVirtualAtRunTime =    1.0000000000000000E-003
  > NHelForMCoverHels         =            4
  > VirtualFraction           =    1.0000000000000000     
  > MinVirtualFraction        =    5.0000000000000001E-003
 ===============================================================
  Insert the number of points to test
 Insert the relative tolerance
  A negative number will mean use the default one:    1.0000000000000001E-005
Using random seed offsets:     1 ,      2 ,      0
  with seed                   32
 Ranmar initialization seeds       10730        9408
  ========================================================================================== 
 {                                                                                          }
 {       [32m                                                                            [0m       }
 {       [32m                               ,,                                           [0m       }
 {       [32m`7MMM.     ,MMF'             `7MM  `7MMF'                                   [0m       }
 {       [32m  MMMb    dPMM                 MM    MM                                     [0m       }
 {       [32m  M YM   ,M MM   ,6"Yb.   ,M""bMM    MM         ,pW"Wq.   ,pW"Wq.`7MMpdMAo. [0m       }
 {       [32m  M  Mb  M' MM  8)   MM ,AP    MM    MM        6W'   `Wb 6W'   `Wb MM   `Wb [0m       }
 {       [32m  M  YM.P'  MM   ,pm9MM 8MI    MM    MM      , 8M     M8 8M     M8 MM    M8 [0m       }
 {       [32m  M  `YM'   MM  8M   MM `Mb    MM    MM     ,M YA.   ,A9 YA.   ,A9 MM   ,AP [0m       }
 {       [32m.JML. `'  .JMML.`Moo9^Yo.`Wbmd"MML..JMMmmmmMMM  `Ybmd9'   `Ybmd9'  MMbmmd'  [0m       }
 {       [32m                                                                   MM       [0m       }
 {       [32m                                                                 .JMML.     [0m       }
 {       [32m[0mv2.6.5 (2018-02-03), Ref: arXiv:1103.0621v2, arXiv:1405.0301[32m                [0m       }
 {       [32m                                                                            [0m       }
 {                                                                                          }
  ========================================================================================== 
 ===============================================================
 INFO: MadLoop read these parameters from ./MadLoop5_resources/MadLoopParams.dat                                                                                                                                                                                                                                                                                                                                                                                                                                                                                          
 ===============================================================
  > MLReductionLib            = 6|7|1
  > CTModeRun                 =           -1
  > MLStabThres               =    1.0000000000000000E-003
  > NRotations_DP             =            0
  > NRotations_QP             =            0
  > CTStabThres               =    1.0000000000000000E-002
  > CTLoopLibrary             =            2
  > CTModeInit                =            1
  > CheckCycle                =            3
  > MaxAttempts               =           10
  > UseLoopFilter             =  F
  > HelicityFilterLevel       =            2
  > ImprovePSPoint            =            2
  > DoubleCheckHelicityFilter =  T
  > LoopInitStartOver         =  F
  > HelInitStartOver          =  F
  > ZeroThres                 =    1.0000000000000001E-009
  > OSThres                   =    1.0000000000000000E-008
  > WriteOutFilters           =  T
  > UseQPIntegrandForNinja    =  T
  > UseQPIntegrandForCutTools =  T
  > IREGIMODE                 =            2
  > IREGIRECY                 =  T
  > COLLIERMode               =            1
  > COLLIERRequiredAccuracy   =    1.0000000000000000E-008
  > COLLIERCanOutput          =  F
  > COLLIERComputeUVpoles     =  T
  > COLLIERComputeIRpoles     =  T
  > COLLIERGlobalCache        =           -1
  > COLLIERUseCacheForPoles   =  F
  > COLLIERUseInternalStabilityTest =  T
 ===============================================================
  
------------------------------------------------------------------------
|              You are using CutTools - Version 1.9.3                  |
|              Authors: G. Ossola, C. Papadopoulos, R. Pittau          |
|              Published in JHEP 0803:042,2008                         |
|              http://www.ugr.es/~pittau/CutTools                      |
|                                                                      |
|              Compiler with  34  significant digits detetected        |
 ---------------------------------------------------------------------- 
   
########################################################################
#                                                                      #
#                      You are using OneLOop-3.6                       #
#                                                                      #
# for the evaluation of 1-loop scalar 1-, 2-, 3- and 4-point functions #
#                                                                      #
# author: Andreas van Hameren <hamerenREMOVETHIS@ifj.edu.pl>           #
#   date: 18-02-2015                                                   #
#                                                                      #
# Please cite                                                          #
#    A. van Hameren,                                                   #
#      Comput.Phys.Commun. 182 (2011) 2427-2438, arXiv:1007.4716       #
#    A. van Hameren, C.G. Papadopoulos and R. Pittau,                  #
#      JHEP 0909:106,2009, arXiv:0903.4665                             #

  +----------------------------------------------------------------+
  |                                                                |
  |  Ninja - version 1.1.0                                         |
  |                                                                |
  |  Author: Tiziano Peraro                                        |
  |                                                                |
  |  Based on:                                                     |
  |                                                                |
  |      P. Mastrolia, E. Mirabella and T. Peraro,                 |
  |      "Integrand reduction of one-loop scattering amplitudes    |
  |      through Laurent series expansion,"                        |
  |      JHEP 1206 (2012) 095  [arXiv:1203.0291 [hep-ph]].         |
  |                                                                |
  |      T. Peraro,                                                |
  |      "Ninja: Automated Integrand Reduction via Laurent         |
  |      Expansion for One-Loop Amplitudes,"                       |
  |      Comput.Phys.Commun. 185 (2014) [arXiv:1403.1229 [hep-ph]] |
  |                                                                |
  +----------------------------------------------------------------+


# in publications with results obtained with the help of this program. #
#                                                                      #
########################################################################
########################################################################
#                                                                      #
#                      You are using OneLOop-3.6                       #
#                                                                      #
# for the evaluation of 1-loop scalar 1-, 2-, 3- and 4-point functions #
#                                                                      #
# author: Andreas van Hameren <hamerenREMOVETHIS@ifj.edu.pl>           #
#   date: 18-02-2015                                                   #
#                                                                      #
# Please cite                                                          #
#    A. van Hameren,                                                   #
#      Comput.Phys.Commun. 182 (2011) 2427-2438, arXiv:1007.4716       #
#    A. van Hameren, C.G. Papadopoulos and R. Pittau,                  #
#      JHEP 0909:106,2009, arXiv:0903.4665                             #
# in publications with results obtained with the help of this program. #
#                                                                      #
########################################################################
 PASSED   1.0000000000000001E-005
 MU_R    =    325.00000000000000     
 ALPHA_S =   0.11799999999999999     
 BORN                    3.3708516632536642E-008
 SINGLE POLE (MadFKS)   -1.9195194427802758E-010
 DOUBLE POLE (MadFKS)   -1.6881479772557387E-009
 SINGLE POLE (MadLoop)  -1.9195194427781975E-010
 DOUBLE POLE (MadLoop)  -1.6881479772557054E-009
 FINITE PART (MadLoop)   5.5610924568669141E-009
   325.00000000000000        0.0000000000000000        0.0000000000000000        325.00000000000000        0.0000000000000000     
   325.00000000000000        0.0000000000000000        0.0000000000000000       -325.00000000000000        0.0000000000000000     
   277.20264994171600       -23.712963256773417       -179.88187459529269        193.53113378990309        80.419002445756163     
   176.53115851494445        74.663228441398175       0.80809305704672640       -131.42582655987820        91.188000000000002     
   196.26619154333949       -50.950265184624747        179.07378153824598       -62.105307230024941        0.0000000000000000     

 PASSED   1.0000000000000001E-005
 MU_R    =    325.00000000000000     
 ALPHA_S =   0.11799999999999999     
 BORN                    5.1556169154184355E-008
 SINGLE POLE (MadFKS)   -2.9358476424679969E-010
 DOUBLE POLE (MadFKS)   -2.5819718981250670E-009
 SINGLE POLE (MadLoop)  -2.9358476424443913E-010
 DOUBLE POLE (MadLoop)  -2.5819718981262512E-009
 FINITE PART (MadLoop)   7.5818721192174722E-009
   325.00000000000000        0.0000000000000000        0.0000000000000000        325.00000000000000        0.0000000000000000     
   325.00000000000000        0.0000000000000000        0.0000000000000000       -325.00000000000000        0.0000000000000000     
   226.25224065072845        154.32520704169875        63.711435384976987        129.79770382340095        80.419002445756163     
   134.63756835368903        2.5362774029881718        28.851327959647186        94.726931968127516        91.188000000000002     
   289.11019099558246       -156.86148444468691       -92.562763344624202       -224.52463579152848        0.0000000000000000     

 PASSED   1.0000000000000001E-005
 MU_R    =    325.00000000000000     
 ALPHA_S =   0.11799999999999999     
 BORN                    7.6134820050420902E-008
 SINGLE POLE (MadFKS)   -4.3354701410474202E-010
 DOUBLE POLE (MadFKS)   -3.8128893023666641E-009
 SINGLE POLE (MadLoop)  -4.3354701410499425E-010
 DOUBLE POLE (MadLoop)  -3.8128893023666417E-009
 FINITE PART (MadLoop)   9.7421340258822417E-009
   325.00000000000000        0.0000000000000000        0.0000000000000000        325.00000000000000        0.0000000000000000     
   325.00000000000000        0.0000000000000000        0.0000000000000000       -325.00000000000000        0.0000000000000000     
   124.58950022224496        90.444196994864555        29.269149658091006       -4.3001999377523621        80.419002445756163     
   292.63594158513075       -104.05718688928917       -241.61685746054857       -90.077405663088427        91.188000000000002     
   232.77455819262428        13.612989894424601        212.34770780245753        94.377605600840795        0.0000000000000000     

 PASSED   1.0000000000000001E-005
 MU_R    =    325.00000000000000     
 ALPHA_S =   0.11799999999999999     
 BORN                    4.6908225599015514E-007
 SINGLE POLE (MadFKS)   -2.6711721564372724E-009
 DOUBLE POLE (MadFKS)   -2.3491993737036425E-008
 SINGLE POLE (MadLoop)  -2.6711721566899852E-009
 DOUBLE POLE (MadLoop)  -2.3491993737036257E-008
 FINITE PART (MadLoop)   4.5604922832265654E-008
   325.00000000000000        0.0000000000000000        0.0000000000000000        325.00000000000000        0.0000000000000000     
   325.00000000000000        0.0000000000000000        0.0000000000000000       -325.00000000000000        0.0000000000000000     
   213.08351601027425       -113.51193014156000       -122.21753374950983        105.42905197646095        80.419002445756163     
   319.69458644995490        158.05984058881810        227.66576393785763       -130.67044036444054        91.188000000000002     
   117.22189753977086       -44.547910447258118       -105.44823018834779        25.241388387979622        0.0000000000000000     

 PASSED   1.0000000000000001E-005
 MU_R    =    325.00000000000000     
 ALPHA_S =   0.11799999999999999     
 BORN                    3.6046192687703283E-008
 SINGLE POLE (MadFKS)   -2.0526375709889584E-010
 DOUBLE POLE (MadFKS)   -1.8052205600403396E-009
 SINGLE POLE (MadLoop)  -2.0526375709891373E-010
 DOUBLE POLE (MadLoop)  -1.8052205600403276E-009
 FINITE PART (MadLoop)   3.4565097772987478E-009
   325.00000000000000        0.0000000000000000        0.0000000000000000        325.00000000000000        0.0000000000000000     
   325.00000000000000        0.0000000000000000        0.0000000000000000       -325.00000000000000        0.0000000000000000     
   280.07937632259996        71.552021649558569       -216.14911036301558       -141.90529015517373        80.419002445756163     
   201.26456294250431        69.057568314147318        140.81353818440141        87.147992948571556        91.188000000000002     
   168.65606073489573       -140.60958996370590        75.335572178614129        54.757297206602132        0.0000000000000000     

 PASSED   1.0000000000000001E-005
 MU_R    =    325.00000000000000     
 ALPHA_S =   0.11799999999999999     
 BORN                    1.2394146668517083E-007
 SINGLE POLE (MadFKS)   -7.0578025625503649E-010
 DOUBLE POLE (MadFKS)   -6.2070822802307195E-009
 SINGLE POLE (MadLoop)  -7.0578025624714157E-010
 DOUBLE POLE (MadLoop)  -6.2070822802316832E-009
 FINITE PART (MadLoop)   1.4880072388472144E-008
   325.00000000000000        0.0000000000000000        0.0000000000000000        325.00000000000000        0.0000000000000000     
   325.00000000000000        0.0000000000000000        0.0000000000000000       -325.00000000000000        0.0000000000000000     
   313.24790083805539        208.97518884985976        93.277594162964434       -198.20618632477746        80.419002445756163     
   147.00676654741289       -88.837602605839734       -20.661499038434627        70.545877891321297        91.188000000000002     
   189.74533261453169       -120.13758624402000       -72.616095124529807        127.66030843345614        0.0000000000000000     

 PASSED   1.0000000000000001E-005
 MU_R    =    325.00000000000000     
 ALPHA_S =   0.11799999999999999     
 BORN                    9.0177747456370973E-008
 SINGLE POLE (MadFKS)   -5.1351396276380107E-010
 DOUBLE POLE (MadFKS)   -4.5161697152526290E-009
 SINGLE POLE (MadLoop)  -5.1351396277084627E-010
 DOUBLE POLE (MadLoop)  -4.5161697152525480E-009
 FINITE PART (MadLoop)   1.0699325692087106E-008
   325.00000000000000        0.0000000000000000        0.0000000000000000        325.00000000000000        0.0000000000000000     
   325.00000000000000        0.0000000000000000        0.0000000000000000       -325.00000000000000        0.0000000000000000     
   252.05794599142149        43.586999581951531        223.09181587881278       -73.458881957055851        80.419002445756163     
   109.27810374381286       -17.965903433865019        56.904693362695504        8.0953567522476568        91.188000000000002     
   288.66395026476567       -25.621096148086473       -279.99650924150825        65.363525204808170        0.0000000000000000     

 PASSED   1.0000000000000001E-005
 MU_R    =    325.00000000000000     
 ALPHA_S =   0.11799999999999999     
 BORN                    2.2139829856009591E-007
 SINGLE POLE (MadFKS)   -1.2607447053139503E-009
 DOUBLE POLE (MadFKS)   -1.1087794041975982E-008
 SINGLE POLE (MadLoop)  -1.2607447053082490E-009
 DOUBLE POLE (MadLoop)  -1.1087794041975972E-008
 FINITE PART (MadLoop)   2.0579579165390476E-008
   325.00000000000000        0.0000000000000000        0.0000000000000000        325.00000000000000        0.0000000000000000     
   325.00000000000000        0.0000000000000000        0.0000000000000000       -325.00000000000000        0.0000000000000000     
   273.29920593880939        113.16277618943431        146.47588407242850       -184.29389974362607        80.419002445756163     
   278.36776571809702       -180.61842618884390       -75.450307052787082        175.66330559792686        91.188000000000002     
   98.333028343093559        67.455649999409573       -71.025577019641418        8.6305941456992841        0.0000000000000000     

 PASSED   1.0000000000000001E-005
 MU_R    =    325.00000000000000     
 ALPHA_S =   0.11799999999999999     
 BORN                    3.4632061354676045E-007
 SINGLE POLE (MadFKS)   -1.9721103671970674E-009
 DOUBLE POLE (MadFKS)   -1.7343997946104060E-008
 SINGLE POLE (MadLoop)  -1.9721103671667066E-009
 DOUBLE POLE (MadLoop)  -1.7343997946104887E-008
 FINITE PART (MadLoop)   3.6935461005087767E-008
   325.00000000000000        0.0000000000000000        0.0000000000000000        325.00000000000000        0.0000000000000000     
   325.00000000000000        0.0000000000000000        0.0000000000000000       -325.00000000000000        0.0000000000000000     
   314.38467202932588       -53.040326096061918        232.37515572941194        188.57098626239184        80.419002445756163     
   286.39449191940469        78.913804614798437       -209.62151612072122       -153.42094080744508        91.188000000000002     
   49.220836051275398       -25.873478518736540       -22.753639608690960       -35.150045454946728        0.0000000000000000     

 PASSED   1.0000000000000001E-005
 MU_R    =    325.00000000000000     
 ALPHA_S =   0.11799999999999999     
 BORN                    3.2093540465122337E-008
 SINGLE POLE (MadFKS)   -1.8275552016132245E-010
 DOUBLE POLE (MadFKS)   -1.6072687507962407E-009
 SINGLE POLE (MadLoop)  -1.8275552016973803E-010
 DOUBLE POLE (MadLoop)  -1.6072687507965121E-009
 FINITE PART (MadLoop)   4.8665176046985446E-009
   325.00000000000000        0.0000000000000000        0.0000000000000000        325.00000000000000        0.0000000000000000     
   325.00000000000000        0.0000000000000000        0.0000000000000000       -325.00000000000000        0.0000000000000000     
   189.86298324255745       -89.001682737368483       -123.45998935421633        80.106603660164723        80.419002445756163     
   159.15626188943261       -49.541355184956721       -91.136046059545322        79.090704824827910        91.188000000000002     
   300.98075486800997        138.54303792232523        214.59603541376168       -159.19730848499262        0.0000000000000000     

 PASSED   1.0000000000000001E-005
 MU_R    =    325.00000000000000     
 ALPHA_S =   0.11799999999999999     
 BORN                    3.7702039782084537E-006
 SINGLE POLE (MadFKS)   -2.1469291924976875E-008
 DOUBLE POLE (MadFKS)   -1.8881466333973134E-007
 SINGLE POLE (MadLoop)  -2.1469291925029540E-008
 DOUBLE POLE (MadLoop)  -1.8881466333974643E-007
 FINITE PART (MadLoop)   7.4820978741926661E-007
   325.00000000000000        0.0000000000000000        0.0000000000000000        325.00000000000000        0.0000000000000000     
   325.00000000000000        0.0000000000000000        0.0000000000000000       -325.00000000000000        0.0000000000000000     
   302.41722157913364        114.53494652274078        33.705179225674009        265.95989711170807        80.419002445756163     
   316.78621351560128       -105.57708699462336       -10.578786473679585       -284.21791236307774        91.188000000000002     
   30.796564905265551       -8.9578595281175275       -23.126392751994437        18.258015251369649        0.0000000000000000     

 PASSED   1.0000000000000001E-005
 MU_R    =    325.00000000000000     
 ALPHA_S =   0.11799999999999999     
 BORN                    6.0573642697334248E-007
 SINGLE POLE (MadFKS)   -3.4493444533637074E-009
 DOUBLE POLE (MadFKS)   -3.0335737852022342E-008
 SINGLE POLE (MadLoop)  -3.4493444533762226E-009
 DOUBLE POLE (MadLoop)  -3.0335737852019801E-008
 FINITE PART (MadLoop)   6.3221432589978207E-008
   325.00000000000000        0.0000000000000000        0.0000000000000000        325.00000000000000        0.0000000000000000     
   325.00000000000000        0.0000000000000000        0.0000000000000000       -325.00000000000000        0.0000000000000000     
   248.90014762467970       -174.71459007352033       -52.489405328217437       -149.00920064529129        80.419002445756163     
   312.02698950870899        195.13618176900141        11.599649772855710        225.46154778061452        91.188000000000002     
   89.072862866611260       -20.421591695481109        40.889755555361681       -76.452347135323194        0.0000000000000000     

 PASSED   1.0000000000000001E-005
 MU_R    =    325.00000000000000     
 ALPHA_S =   0.11799999999999999     
 BORN                    1.7787113545494312E-007
 SINGLE POLE (MadFKS)   -1.0128808293082914E-009
 DOUBLE POLE (MadFKS)   -8.9079208321083446E-009
 SINGLE POLE (MadLoop)  -1.0128808493374622E-009
 DOUBLE POLE (MadLoop)  -8.9079208321094993E-009
 FINITE PART (MadLoop)   2.3433982072230567E-008
   325.00000000000000        0.0000000000000000        0.0000000000000000        325.00000000000000        0.0000000000000000     
   325.00000000000000        0.0000000000000000        0.0000000000000000       -325.00000000000000        0.0000000000000000     
   313.45206913607200       -230.25747794025835        193.16908361147597       -38.107514752452843        80.419002445756163     
   301.59247982435215        200.83845054931007       -204.40319451413515        22.935199933096914        91.188000000000002     
   34.955451039576943        29.419027390948305        11.234110902659229        15.172314819355922        0.0000000000000000     

 PASSED   1.0000000000000001E-005
 MU_R    =    325.00000000000000     
 ALPHA_S =   0.11799999999999999     
 BORN                    1.6643862558340612E-006
 SINGLE POLE (MadFKS)   -9.4777881008445225E-009
 DOUBLE POLE (MadFKS)   -8.3353721013237140E-008
 SINGLE POLE (MadLoop)  -9.4777881008498743E-009
 DOUBLE POLE (MadLoop)  -8.3353721013235909E-008
 FINITE PART (MadLoop)   4.1141615999991525E-007
   325.00000000000000        0.0000000000000000        0.0000000000000000        325.00000000000000        0.0000000000000000     
   325.00000000000000        0.0000000000000000        0.0000000000000000       -325.00000000000000        0.0000000000000000     
   291.41178973642536        87.051516660210822        59.114764941625644       -259.57868413271035        80.419002445756163     
   135.63876912632091        24.790016672049642        34.530309885328023        90.971078474018896        91.188000000000002     
   222.94944113725367       -111.84153333226058       -93.645074826953575        168.60760565869148        0.0000000000000000     

 PASSED   1.0000000000000001E-005
 MU_R    =    325.00000000000000     
 ALPHA_S =   0.11799999999999999     
 BORN                    1.5538094205110450E-007
 SINGLE POLE (MadFKS)   -8.8481122606481641E-010
 DOUBLE POLE (MadFKS)   -7.7815949567616462E-009
 SINGLE POLE (MadLoop)  -8.8481122606508752E-010
 DOUBLE POLE (MadLoop)  -7.7815949567616346E-009
 FINITE PART (MadLoop)   2.9030785288008855E-008
   325.00000000000000        0.0000000000000000        0.0000000000000000        325.00000000000000        0.0000000000000000     
   325.00000000000000        0.0000000000000000        0.0000000000000000       -325.00000000000000        0.0000000000000000     
   198.88733554043475        104.71910595299367        3.3724610316410240       -148.69933301463954        80.419002445756163     
   210.46862635472348       -35.215599979059952        185.61981733703703        16.939193178071321        91.188000000000002     
   240.64403810484177       -69.503505973933727       -188.99227836867811        131.76013983656816        0.0000000000000000     

 PASSED   1.0000000000000001E-005
 MU_R    =    325.00000000000000     
 ALPHA_S =   0.11799999999999999     
 BORN                    8.3447315338003691E-008
 SINGLE POLE (MadFKS)   -4.7518775740047268E-010
 DOUBLE POLE (MadFKS)   -4.1791045904197008E-009
 SINGLE POLE (MadLoop)  -4.7518775739132737E-010
 DOUBLE POLE (MadLoop)  -4.1791045904194097E-009
 FINITE PART (MadLoop)   1.1328492337336190E-008
   325.00000000000000        0.0000000000000000        0.0000000000000000        325.00000000000000        0.0000000000000000     
   325.00000000000000        0.0000000000000000        0.0000000000000000       -325.00000000000000        0.0000000000000000     
   313.88228761962398       -127.83233162920077       -224.54249954490220       -159.04224412189205        80.419002445756163     
   208.70935121452175        80.643032324498861        158.14908610183991        61.072987834633217        91.188000000000002     
   127.40836116585422        47.189299304701912        66.393413443062258        97.969256287258844        0.0000000000000000     

 PASSED   1.0000000000000001E-005
 MU_R    =    325.00000000000000     
 ALPHA_S =   0.11799999999999999     
 BORN                    8.0279157519476705E-008
 SINGLE POLE (MadFKS)   -4.5714679583352696E-010
 DOUBLE POLE (MadFKS)   -4.0204408535582900E-009
 SINGLE POLE (MadLoop)  -4.5714673573334463E-010
 DOUBLE POLE (MadLoop)  -4.0204408535581105E-009
 FINITE PART (MadLoop)   1.6493546414415716E-008
   325.00000000000000        0.0000000000000000        0.0000000000000000        325.00000000000000        0.0000000000000000     
   325.00000000000000        0.0000000000000000        0.0000000000000000       -325.00000000000000        0.0000000000000000     
   189.98902301983395        9.6084531360436358       -133.02879902509542       -108.81006006768749        80.419002445756163     
   283.21688785931678       -118.02793892727244        240.00648900781471        19.048493154015983        91.188000000000002     
   176.79408912084926        108.41948579122885       -106.97768998271978        89.761566913671459        0.0000000000000000     

 PASSED   1.0000000000000001E-005
 MU_R    =    325.00000000000000     
 ALPHA_S =   0.11799999999999999     
 BORN                    2.3879546285068350E-008
 SINGLE POLE (MadFKS)   -1.3598122361372761E-010
 DOUBLE POLE (MadFKS)   -1.1959057171923182E-009
 SINGLE POLE (MadLoop)  -1.3598122361369219E-010
 DOUBLE POLE (MadLoop)  -1.1959057171923127E-009
 FINITE PART (MadLoop)   3.7668334142046960E-009
   325.00000000000000        0.0000000000000000        0.0000000000000000        325.00000000000000        0.0000000000000000     
   325.00000000000000        0.0000000000000000        0.0000000000000000       -325.00000000000000        0.0000000000000000     
   256.45448135189298        152.45771978814423       -163.86729888970189       -95.947053538348342        80.419002445756163     
   172.13195971192525        33.415992493148558        140.39654448984842       -22.053161933738746        91.188000000000002     
   221.41355893618177       -185.87371228129277        23.470754399853469        118.00021547208711        0.0000000000000000     

 PASSED   1.0000000000000001E-005
 MU_R    =    325.00000000000000     
Thanks for using LHAPDF 6.2.1. Please make sure to cite the paper:
  Eur.Phys.J. C75 (2015) 3, 132  (http://arxiv.org/abs/1412.7420)
 ALPHA_S =   0.11799999999999999     
 BORN                    8.5284240831849837E-008
 SINGLE POLE (MadFKS)   -4.8564806403103395E-010
 DOUBLE POLE (MadFKS)   -4.2710992068132526E-009
 SINGLE POLE (MadLoop)  -4.8564806403095154E-010
 DOUBLE POLE (MadLoop)  -4.2710992068132659E-009
 FINITE PART (MadLoop)   1.1698213051640431E-008
   325.00000000000000        0.0000000000000000        0.0000000000000000        325.00000000000000        0.0000000000000000     
   325.00000000000000        0.0000000000000000        0.0000000000000000       -325.00000000000000        0.0000000000000000     
   133.88574779321607        69.914135610323200        67.049350383698169       -45.547511049052211        80.419002445756163     
   248.76683850794419       -144.89347876541660        177.70147436157407       -31.587250880951611        91.188000000000002     
   267.34741369883977        74.979343155093417       -244.75082474527218        77.134761930003819        0.0000000000000000     

 PASSED   1.0000000000000001E-005
 MU_R    =    325.00000000000000     
 ALPHA_S =   0.11799999999999999     
 BORN                    2.1453615799406788E-007
 SINGLE POLE (MadFKS)   -1.2216684908985773E-009
 DOUBLE POLE (MadFKS)   -1.0744132858588185E-008
 SINGLE POLE (MadLoop)  -1.2216684912127372E-009
 DOUBLE POLE (MadLoop)  -1.0744132858589169E-008
 FINITE PART (MadLoop)   2.3062158482646437E-008
   325.00000000000000        0.0000000000000000        0.0000000000000000        325.00000000000000        0.0000000000000000     
   325.00000000000000        0.0000000000000000        0.0000000000000000       -325.00000000000000        0.0000000000000000     
   302.25548895989357       -144.60181575348457        244.99108313615821        62.935274024835650        80.419002445756163     
   307.73567597822296        178.27813065001638       -223.80957102319530       -67.172754715901888        91.188000000000002     
   40.008835061884987       -33.676314896531714       -21.181512112962903        4.2374806910662119        0.0000000000000000     

 NUMBER OF POINTS PASSING THE CHECK          20
 NUMBER OF POINTS FAILING THE CHECK           0
 TOLERANCE    1.0000000000000001E-005
