   ______________________________________     
         Running Generic Tarball/Gridpack     
   ______________________________________     
gridpack tarball path = /x5/cms/jwkim/WZA_gridpack_store/WmZA_Exlusive_NLO_slc6_amd64_gcc630_CMSSW_9_3_16_tarball.tar.xz
%MSG-MG5 number of events requested = 5
%MSG-MG5 random seed used for the run = 46
%MSG-MG5 thread count requested = 1
%MSG-MG5 residual/optional arguments = 
%MSG-MG5 number of events requested = 5
%MSG-MG5 random seed used for the run = 46
%MSG-MG5 number of cpus = 1
%MSG-MG5 SCRAM_ARCH version = slc6_amd64_gcc630
%MSG-MG5 CMSSW version = CMSSW_9_3_16
WARNING: In non-interactive mode release checks e.g. deprecated releases, production architectures are disabled.
**** Following environment variables are going to be unset.
       GCC_RUNTIME_LSAN
       GCC_RUNTIME_UBSAN
       GCC_RUNTIME_TSAN
       SCRAM_CXX11_ABI
       PYTHON27PATH
       GCC_RUNTIME_ASAN
       CMS_ORACLEOCCI_LIB
       PYTHON_VALGRIND_SUPP
       PYTHON3PATH
No module named madgraph
INFO: ************************************************************
*                                                          *
*           W E L C O M E  to  M A D G R A P H 5           *
*                       a M C @ N L O                      *
*                                                          *
*                 *                       *                *
*                   *        * *        *                  *
*                     * * * * 5 * * * *                    *
*                   *        * *        *                  *
*                 *                       *                *
*                                                          *
*         VERSION 5.2.6.5               20xx-xx-xx         *
*                                                          *
*    The MadGraph5_aMC@NLO Development Team - Find us at   *
*                 http://amcatnlo.cern.ch                  *
*                                                          *
*               Type 'help' for in-line help.              *
*                                                          *
************************************************************ 
INFO: load configuration from /home/jwkim/.mg5/mg5_configuration.txt  
INFO: load configuration from /x5/cms/jwkim/Generator/pp2WVG_madspin_CMSWorkFlow/CMSSW_10_2_6/src/lheevent/process/Cards/amcatnlo_configuration.txt  
INFO: load configuration from /x5/cms/jwkim/Generator/pp2WVG_madspin_CMSWorkFlow/CMSSW_10_2_6/src/lheevent/mgbasedir/input/mg5_configuration.txt  
INFO: load configuration from /x5/cms/jwkim/Generator/pp2WVG_madspin_CMSWorkFlow/CMSSW_10_2_6/src/lheevent/process/Cards/amcatnlo_configuration.txt  
Using default text editor "vi". Set another one in ./input/mg5_configuration.txt
Using default eps viewer "evince". Set another one in ./input/mg5_configuration.txt
Using default web browser "firefox". Set another one in ./input/mg5_configuration.txt
launch -ox -n cmsgrid
[1;34mrun_card missed argument pt_min_pdg. Takes default: {}[0m
[1;34mrun_card missed argument pt_max_pdg. Takes default: {}[0m
[1;34mrun_card missed argument mxx_min_pdg. Takes default: {}[0m
stty: standard input: Invalid argument
stty: standard input: Invalid argument
stty: standard input: Invalid argument
stty: standard input: Invalid argument
stty: standard input: Invalid argument
The following switches determine which programs are run:
/=============================================================================\
1. Type of perturbative computation         [1m      order[0m = [32mNLO[0m         
2. No MC@[N]LO matching / event generation  [1mfixed_order[0m = [32mOFF[0m         
3. Shower the generated events              [1m     shower[0m = [32mOFF[0m         
4. Decay onshell particles                  [1m    madspin[0m = [32mON[0m          
5. Add weights to events for new hypp.      [1m   reweight[0m = [31mOFF[0m         
6. Run MadAnalysis5 on the events generated [1mmadanalysis[0m = [01mNot Avail.[0m  
\=============================================================================/
Either type the switch number (1 to 6) to change its setting,
Set any switch explicitly (e.g. type 'fixed_order=ON' at the prompt)
Type 'help' for the list of all valid option
Type '0', 'auto', 'done' or just press enter when you are done.[60s to answer] 
>The following switches determine which programs are run:
/=============================================================================\
1. Type of perturbative computation         [1m      order[0m = [32mNLO[0m         
2. No MC@[N]LO matching / event generation  [1mfixed_order[0m = [32mOFF[0m         
3. Shower the generated events              [1m     shower[0m = [32mOFF[0m         
4. Decay onshell particles                  [1m    madspin[0m = [31mOFF[0m         
5. Add weights to events for new hypp.      [1m   reweight[0m = [31mOFF[0m         
6. Run MadAnalysis5 on the events generated [1mmadanalysis[0m = [01mNot Avail.[0m  
\=============================================================================/
Either type the switch number (1 to 6) to change its setting,
Set any switch explicitly (e.g. type 'fixed_order=ON' at the prompt)
Type 'help' for the list of all valid option
Type '0', 'auto', 'done' or just press enter when you are done.
The following switches determine which programs are run:
/=============================================================================\
1. Type of perturbative computation         [1m      order[0m = [32mNLO[0m         
2. No MC@[N]LO matching / event generation  [1mfixed_order[0m = [32mOFF[0m         
3. Shower the generated events              [1m     shower[0m = [32mOFF[0m         
4. Decay onshell particles                  [1m    madspin[0m = [31mOFF[0m         
5. Add weights to events for new hypp.      [1m   reweight[0m = [31mOFF[0m         
6. Run MadAnalysis5 on the events generated [1mmadanalysis[0m = [01mNot Avail.[0m  
\=============================================================================/
Either type the switch number (1 to 6) to change its setting,
Set any switch explicitly (e.g. type 'fixed_order=ON' at the prompt)
Type 'help' for the list of all valid option
Type '0', 'auto', 'done' or just press enter when you are done.
>The following switches determine which programs are run:
/=============================================================================\
1. Type of perturbative computation         [1m      order[0m = [32mNLO[0m         
2. No MC@[N]LO matching / event generation  [1mfixed_order[0m = [32mOFF[0m         
3. Shower the generated events              [1m     shower[0m = [32mOFF[0m         
4. Decay onshell particles                  [1m    madspin[0m = [31mOFF[0m         
5. Add weights to events for new hypp.      [1m   reweight[0m = [31mOFF[0m         
6. Run MadAnalysis5 on the events generated [1mmadanalysis[0m = [01mNot Avail.[0m  
\=============================================================================/
Either type the switch number (1 to 6) to change its setting,
Set any switch explicitly (e.g. type 'fixed_order=ON' at the prompt)
Type 'help' for the list of all valid option
Type '0', 'auto', 'done' or just press enter when you are done.
The following switches determine which programs are run:
/=============================================================================\
1stty: standard input: Invalid argument
. Type of perturbative computation         [1m      order[0m = [32mNLO[0m         
2. No MC@[N]LO matching / event generation  [1mfixed_order[0m = [32mOFF[0m         
3. Shower the generated events              [1m     shower[0m = [32mOFF[0m         
4. Decay onshell particles                  [1m    madspin[0m = [31mOFF[0m         
5. Add weights to events for new hypp.      [1m   reweight[0m = [31mOFF[0m         
6. Run MadAnalysis5 on the events generated [1mmadanalysis[0m = [01mNot Avail.[0m  
\=============================================================================/
Either type the switch number (1 to 6) to change its setting,
Set any switch explicitly (e.g. type 'fixed_order=ON' at the prompt)
Type 'help' for the list of all valid option
Type '0', 'auto', 'done' or just press enter when you are done.
>INFO: will run in mode: noshower 
[1;34mWARNING: You have chosen not to run a parton shower.
    NLO events without showering are NOT physical.
    Please, shower the LesHouches events before using them for physics analyses.
    You have to choose NOW which parton-shower you WILL use and specify it in the run_card. [0m
[1;34mrun_card missed argument pt_min_pdg. Takes default: {}[0m
[1;34mrun_card missed argument pt_max_pdg. Takes default: {}[0m
[1;34mrun_card missed argument mxx_min_pdg. Takes default: {}[0m
Do you want to edit a card (press enter to bypass editing)?
/------------------------------------------------------------\
|  [31m1[0m. param : [32mparam_card.dat[0m                                 |
|  [31m2[0m. run   : [32mrun_card.dat[0m                                   |
\------------------------------------------------------------/
 you can also
   - enter the path to a valid card or banner.
   - use the 'set' command to modify a parameter directly.
     The set option works only for param_card and run_card.
     Type 'help set' for more information on this command.
   - call an external program (ASperGE/MadWidth/...).
     Type 'help' for the list of available command
 [[4m0[0m, done, 1, param, 2, run, enter path][90s to answer] 
>[1mINFO: modify parameter nevents of the run_card.dat to 5 [0m
Do you want to edit a card (press enter to bypass editing)?
/------------------------------------------------------------\
|  [31m1[0m. param : [32mparam_card.dat[0m                                 |
|  [31m2[0m. run   : [32mrun_card.dat[0m                                   |
\------------------------------------------------------------/
 you can also
   - enter the path to a valid card or banner.
   - use the 'set' command to modify a parameter directly.
     The set option works only for param_card and run_card.
     Type 'help set' for more information on this command.
   - call an external program (ASperGE/MadWidth/...).
     Type 'help' for the list of available command
 [[4m0[0m, done, 1, param, 2, run, enter path] 
>[1mINFO: modify parameter iseed of the run_card.dat to 46 [0m
Do you want to edit a card (press enter to bypass editing)?
/------------------------------------------------------------\
|  [31m1[0m. param : [32mparam_card.dat[0m                                 |
|  [31m2[0m. run   : [32mrun_card.dat[0m                                   |
\------------------------------------------------------------/
 you can also
   - enter the path to a valid card or banner.
   - use the 'set' command to modify a parameter directly.
     The set option works only for param_card and run_card.
     Type 'help set' for more information on this command.
   - call an external program (ASperGE/MadWidth/...).
     Type 'help' for the list of available command
 [[4m0[0m, done, 1, param, 2, run, enter path] 
>[1mINFO: modify parameter nevt_job of the run_card.dat to 10 [0m
Do you want to edit a card (press enter to bypass editing)?
/------------------------------------------------------------\
|  [31m1[0m. param : [32mparam_card.dat[0m                                 |
|  [31m2[0m. run   : [32mrun_card.dat[0m                                   |
\------------------------------------------------------------/
 you can also
   - enter the path to a valid card or banner.
   - use the 'set' command to modify a parameter directly.
     The set option works only for param_card and run_card.
     Type 'help set' for more information on this command.
   - call an external program (ASperGE/MadWidth/...).
     Type 'help' for the list of available command
 [[4m0[0m, done, 1, param, 2, run, enter path] 
>INFO: Update the dependent parameter of the param_card.dat 
INFO: Starting run 
INFO: Compiling the code 
INFO: Starting run 
INFO: Using 1 cores 
INFO: Generating events without running the shower. 
INFO: Updating the number of unweighted events per channel

      Intermediate results:
      Random seed: 46
      Total cross section:      7.323e-02 +- 9.2e-05 pb
      Total abs(cross section): 8.017e-02 +- 9.1e-05 pb 

 
INFO: Generating events 
INFO:  Idle: 4,  Running: 1,  Completed: 0 [ current time: 15h09 ] 
INFO:  Idle: 3,  Running: 1,  Completed: 1 [  2.2s  ] 
INFO:  Idle: 2,  Running: 1,  Completed: 2 [  3.3s  ] 
INFO:  Idle: 1,  Running: 1,  Completed: 3 [  4.1s  ] 
INFO:  Idle: 0,  Running: 1,  Completed: 4 [  4.5s  ] 
INFO:  Idle: 0,  Running: 0,  Completed: 5 [  5.1s  ] 
INFO:    Doing reweight 
INFO:  Idle: 0,  Running: 0,  Completed: 5 [ current time: 15h09 ] 
INFO: Collecting events 
INFO: 
   --------------------------------------------------------------
      Summary:
      Process p p > w- z a [QCD]
      Run at p-p collider (6500.0 + 6500.0 GeV)
      Number of events generated: 5
      Total cross section: 2.715e-02 +- 5.4e-05 pb
   --------------------------------------------------------------
 
INFO: The /x5/cms/jwkim/Generator/pp2WVG_madspin_CMSWorkFlow/CMSSW_10_2_6/src/lheevent/process/Events/cmsgrid/events.lhe.gz file has been generated.
 
INFO: Events generated 
reweight -from_cards
decay_events -from_cards
[1;34mWARNING: You have chosen not to run a parton shower. NLO events without showering are NOT physical.
Please, shower the Les Houches events before using them for physics analyses. [0m
INFO:  
quit
INFO:  
using input+file /x5/cms/jwkim/Generator/pp2WVG_madspin_CMSWorkFlow/CMSSW_10_2_6/src/lheevent/process/madspinrun.dat
************************************************************
*                                                          *
*           W E L C O M E  to  M A D S P I N               *
*                                                          *
************************************************************
import events.lhe
INFO: process: p p > w- z a  
INFO: options:  
define l+  =  e+ mu+
INFO: reload from .py file 
INFO: load particles 
INFO: load vertices 
INFO: Restrict model sm with file ../mgbasedir/models/sm/restrict_default.dat . 
INFO: Run "set stdout_level DEBUG" before import for more information. 
INFO: Change particles name to pass to MG5 convention 
Defined multiparticle p = g u c d s u~ c~ d~ s~
Defined multiparticle j = g u c d s u~ c~ d~ s~
Defined multiparticle l+ = e+ mu+
Defined multiparticle l- = e- mu-
Defined multiparticle vl = ve vm vt
Defined multiparticle vl~ = ve~ vm~ vt~
Defined multiparticle all = g u c d s u~ c~ d~ s~ a ve vm vt e- mu- ve~ vm~ vt~ e+ mu+ t b t~ b~ z w+ h w- ta- ta+
Defined multiparticle l+ = e+ mu+
define l-  =  e- mu-
Defined multiparticle l- = e- mu-
define vl  =  ve vm vt
Defined multiparticle vl = ve vm vt
define vl~  =  ve~ vm~ vt~
Defined multiparticle vl~ = ve~ vm~ vt~
define p  =  g u c d s u~ c~ d~ s~
Defined multiparticle p = g u c d s u~ c~ d~ s~
define j  =  g u c d s u~ c~ d~ s~
Defined multiparticle j = g u c d s u~ c~ d~ s~
define l+  =  e+ mu+ ta+
Defined multiparticle l+ = e+ mu+ ta+
define l-  =  e- mu- ta-
Defined multiparticle l- = e- mu- ta-
set loop optimized output to True
Set group_subprocesses to Auto
Note that you need to regenerate all processes
set loop color flows to False
Complex mass already desactivated.
INFO: detected model: loop_sm. Loading... 
INFO: reload from .py file 
INFO: load particles 
INFO: load vertices 
INFO: Restrict model loop_sm with file ../mgbasedir/models/loop_sm/restrict_default.dat . 
INFO: Run "set stdout_level DEBUG" before import for more information. 
INFO: Change particles name to pass to MG5 convention 
Kept definitions of multiparticles l- / j / vl / l+ / p / vl~ unchanged
Defined multiparticle all = g gh gh~ d u s c d~ u~ s~ c~ a ve vm vt e- mu- ve~ vm~ vt~ e+ mu+ b t b~ t~ z w+ h w- ta- ta+
set loop optimized output to True
Set group_subprocesses to Auto
Note that you need to regenerate all processes
set loop color flows to False
Complex mass already desactivated.
Defined multiparticle l+ = e+ mu+
Defined multiparticle l- = e- mu-
Defined multiparticle vl = ve vm vt
Defined multiparticle vl~ = ve~ vm~ vt~
Defined multiparticle p = g u c d s u~ c~ d~ s~
Defined multiparticle j = g u c d s u~ c~ d~ s~
Defined multiparticle l+ = e+ mu+ ta+
Defined multiparticle l- = e- mu- ta-
set seed 1000046
set spinmode none
define l+ = e+ mu+ ta+
define l+ = e+ mu+ ta+
Defined multiparticle l+ = e+ mu+ ta+
define l- = e- mu- ta-
define l- = e- mu- ta-
Defined multiparticle l- = e- mu- ta-
decay w- > l- vl~
decay z > l+ l-
launch
INFO: generate 5 decay event for particle w- 
cp: cannot stat `HTML/info-default.html': No such file or directory
Traceback (most recent call last):
  File "/x5/cms/jwkim/Generator/pp2WVG_madspin_CMSWorkFlow/CMSSW_10_2_6/src/lheevent/mgbasedir/MadSpin/madspin", line 137, in <module>
    cmd_line.import_command_file(input_file)
  File "/x5/cms/jwkim/Generator/pp2WVG_madspin_CMSWorkFlow/CMSSW_10_2_6/src/lheevent/mgbasedir/madgraph/interface/extended_cmd.py", line 1660, in import_command_file
    self.exec_cmd(line, precmd=True)
  File "/x5/cms/jwkim/Generator/pp2WVG_madspin_CMSWorkFlow/CMSSW_10_2_6/src/lheevent/mgbasedir/madgraph/interface/extended_cmd.py", line 1543, in exec_cmd
    stop = Cmd.onecmd_orig(current_interface, line, **opt)
  File "/x5/cms/jwkim/Generator/pp2WVG_madspin_CMSWorkFlow/CMSSW_10_2_6/src/lheevent/mgbasedir/madgraph/interface/extended_cmd.py", line 1463, in onecmd_orig
    return func(arg, **opt)
  File "/x5/cms/jwkim/Generator/pp2WVG_madspin_CMSWorkFlow/CMSSW_10_2_6/src/lheevent/mgbasedir/madgraph/various/misc.py", line 100, in f_with_no_logger
    out = f(self, *args, **opt)
  File "/x5/cms/jwkim/Generator/pp2WVG_madspin_CMSWorkFlow/CMSSW_10_2_6/src/lheevent/mgbasedir/MadSpin/interface_madspin.py", line 574, in do_launch
    return self.run_bridge(line)
  File "/x5/cms/jwkim/Generator/pp2WVG_madspin_CMSWorkFlow/CMSSW_10_2_6/src/lheevent/mgbasedir/MadSpin/interface_madspin.py", line 852, in run_bridge
    evt_decayfile[pdg] = self.generate_events(pdg, min(nb_needed,100000), mg5)
  File "/x5/cms/jwkim/Generator/pp2WVG_madspin_CMSWorkFlow/CMSSW_10_2_6/src/lheevent/mgbasedir/MadSpin/interface_madspin.py", line 1166, in generate_events
    mg5.exec_cmd("output %s -f" % decay_dir)
  File "/x5/cms/jwkim/Generator/pp2WVG_madspin_CMSWorkFlow/CMSSW_10_2_6/src/lheevent/mgbasedir/madgraph/interface/extended_cmd.py", line 1543, in exec_cmd
    stop = Cmd.onecmd_orig(current_interface, line, **opt)
  File "/x5/cms/jwkim/Generator/pp2WVG_madspin_CMSWorkFlow/CMSSW_10_2_6/src/lheevent/mgbasedir/madgraph/interface/extended_cmd.py", line 1463, in onecmd_orig
    return func(arg, **opt)
  File "/x5/cms/jwkim/Generator/pp2WVG_madspin_CMSWorkFlow/CMSSW_10_2_6/src/lheevent/mgbasedir/madgraph/interface/master_interface.py", line 292, in do_output
    self.cmd.do_output(self, line, *args, **opts)
  File "/x5/cms/jwkim/Generator/pp2WVG_madspin_CMSWorkFlow/CMSSW_10_2_6/src/lheevent/mgbasedir/madgraph/interface/madgraph_interface.py", line 7644, in do_output
    self._curr_exporter.copy_template(self._curr_model)
  File "/x5/cms/jwkim/Generator/pp2WVG_madspin_CMSWorkFlow/CMSSW_10_2_6/src/lheevent/mgbasedir/madgraph/iolibs/export_v4.py", line 3473, in copy_template
    super(ProcessExporterFortranME, self).copy_template(model)
  File "/x5/cms/jwkim/Generator/pp2WVG_madspin_CMSWorkFlow/CMSSW_10_2_6/src/lheevent/mgbasedir/madgraph/iolibs/export_v4.py", line 323, in copy_template
    pjoin(self.dir_path, 'Source'))
  File "/x5/cms/jwkim/Generator/pp2WVG_madspin_CMSWorkFlow/CMSSW_10_2_6/src/lheevent/mgbasedir/madgraph/iolibs/files.py", line 144, in cp
    shutil.copytree(path1, path2)
  File "/cvmfs/cms.cern.ch/slc6_amd64_gcc630/external/python/2.7.11-mlhled2/lib/python2.7/shutil.py", line 171, in copytree
    names = os.listdir(src)
OSError: [Errno 2] No such file or directory: '/x5/cms/jwkim/Generator/pp2WVG_madspin_CMSWorkFlow/CMSSW_10_2_6/src/lheevent/mgbasedir/vendor/DiscreteSampler/DiscreteSampler.f'
gzip: events_decayed.lhe.gz: No such file or directory
mv: cannot stat `/x5/cms/jwkim/Generator/pp2WVG_madspin_CMSWorkFlow/CMSSW_10_2_6/src/lheevent/process/events_decayed.lhe': No such file or directory
INFO: ************************************************************
*                                                          *
*           W E L C O M E  to  M A D G R A P H 5           *
*                       a M C @ N L O                      *
*                                                          *
*                 *                       *                *
*                   *        * *        *                  *
*                     * * * * 5 * * * *                    *
*                   *        * *        *                  *
*                 *                       *                *
*                                                          *
*         VERSION 5.2.6.5               20xx-xx-xx         *
*                                                          *
*    The MadGraph5_aMC@NLO Development Team - Find us at   *
*                 http://amcatnlo.cern.ch                  *
*                                                          *
*               Type 'help' for in-line help.              *
*                                                          *
************************************************************ 
INFO: load configuration from /home/jwkim/.mg5/mg5_configuration.txt  
INFO: load configuration from /x5/cms/jwkim/Generator/pp2WVG_madspin_CMSWorkFlow/CMSSW_10_2_6/src/lheevent/process/Cards/amcatnlo_configuration.txt  
INFO: load configuration from /x5/cms/jwkim/Generator/pp2WVG_madspin_CMSWorkFlow/CMSSW_10_2_6/src/lheevent/mgbasedir/input/mg5_configuration.txt  
INFO: load configuration from /x5/cms/jwkim/Generator/pp2WVG_madspin_CMSWorkFlow/CMSSW_10_2_6/src/lheevent/process/Cards/amcatnlo_configuration.txt  
Using default text editor "vi". Set another one in ./input/mg5_configuration.txt
Using default eps viewer "evince". Set another one in ./input/mg5_configuration.txt
Using default web browser "firefox". Set another one in ./input/mg5_configuration.txt
process>INFO: Running Systematics computation 
[1;31mCommand "systematics cmsgrid_decayed_1 --start_id=1001 --pdf=325500,320900,11082,13091@0,13191@0,13202@0,23100,23300,23490,23600,23790,25410,25510,25570,25605,25620,25710,25770,25805,25840,92000,306000,320500,260400,262400@0,263400@0,292000,292400@0 --mur=1,2,0.5 --muf=1,2,0.5 --together=muf,mur --dyn=-1" interrupted with error:
InvalidCmd : Invalid run name. Please retry[0m
process>INFO:  
launch in debug mode
cp: cannot stat `/x5/cms/jwkim/Generator/pp2WVG_madspin_CMSWorkFlow/CMSSW_10_2_6/src/lheevent/process/Events/cmsgrid_decayed_1/events.lhe': No such file or directory
sed: can't read cmsgrid_final.lhe: No such file or directory
mv: cannot stat `/x5/cms/jwkim/Generator/pp2WVG_madspin_CMSWorkFlow/CMSSW_10_2_6/src/lheevent/cmsgrid_final.lhe': No such file or directory

Run xml check
Unable to open /x5/cms/jwkim/Generator/pp2WVG_madspin_CMSWorkFlow/CMSSW_10_2_6/src/lheevent/test.lhe
----- Begin Fatal Exception 14-Oct-2020 15:09:55 KST-----------------------
An exception of category 'ExternalLHEProducer' occurred while
   [0] Processing global begin Run run: 1
   [1] Calling method for module ExternalLHEProducer/'externalLHEProducer'
Exception Message:
Child failed with exit code 1.
----- End Fatal Exception -------------------------------------------------
Another exception was caught while trying to clean up runs after the primary fatal exception.

------------------------------------
GenXsecAnalyzer:
------------------------------------
------------------------------------
Cross-section summary not available
------------------------------------
TimeReport> Time report complete in 713.676 seconds
 Time Summary: 
 - Min event:   1e+06
 - Max event:   0
 - Avg event:   0
 - Total loop:  364.126
 - Total init:  349.287
 - Total job:   713.676
 - EventSetup Lock:   1.93119e-05
 - EventSetup Get:   9.78996
 Event Throughput: 0 ev/s
 CPU Summary: 
 - Total loop:  54.2668
 - Total init:  6.576
 - Total extra: 0
 - Total job:   60.9437
 Processing Summary: 
 - Number of Events:  0
 - Number of Global Begin Lumi Calls:  0
 - Number of Global Begin Run Calls: 1


=============================================

MessageLogger Summary

 type     category        sev    module        subroutine        count    total
 ---- -------------------- -- ---------------- ----------------  -----    -----
    1 GenXSecAnalyzer      -w GenXSecAnalyzer:                       2        2
    2 TimeReport           -e AfterModEndJob                         1        1
    3 Additional Exception -s PostGlobalEndRun                       1        1
    4 Fatal Exception      -s AfterModGlobalBe                       1        1

 type    category    Examples: run/evt        run/evt          run/evt
 ---- -------------------- ---------------- ---------------- ----------------
    1 GenXSecAnalyzer      PostGlobalEndRun PostGlobalEndRun 
    2 TimeReport           PostGlobalEndRun                  
    3 Additional Exceptions PostGlobalEndRun                  
    4 Fatal Exception      Run: 1                            

Severity    # Occurrences   Total Occurrences
--------    -------------   -----------------
Warning                 2                   2
Error                   1                   1
System                  2                   2

dropped waiting message count 0
