%MSG-i ThreadStreamSetup:  (NoModuleName) 08-Sep-2020 11:50:56 KST pre-events
setting # threads 8
setting # streams 8
%MSG
   ______________________________________     
         Running Generic Tarball/Gridpack     
   ______________________________________     
gridpack tarball path = file:/x5/cms/jwkim/WZA_gridpack_store/WZA_inclusive_NLO_250evt_slc6_amd64_gcc630_CMSSW_9_3_16_tarball.tar.xz
%MSG-MG5 number of events requested = 1047
%MSG-MG5 random seed used for the run = 13
%MSG-MG5 thread count requested = 8
%MSG-MG5 residual/optional arguments = 
tar: Cannot connect to file: resolve failed
----- Begin Fatal Exception 08-Sep-2020 11:54:54 KST-----------------------
An exception of category 'ExternalLHEProducer' occurred while
   [0] Processing global begin Run run: 1
   [1] Calling method for module ExternalLHEProducer/'externalLHEProducer'
Exception Message:
Child failed with exit code 128.
----- End Fatal Exception -------------------------------------------------
Another exception was caught while trying to clean up runs after the primary fatal exception.

------------------------------------
GenXsecAnalyzer:
------------------------------------
------------------------------------
Cross-section summary not available
------------------------------------
TimeReport> Time report complete in 241.268 seconds
 Time Summary: 
 - Min event:   1e+06
 - Max event:   0
 - Avg event:   0
 - Total loop:  30.4245
 - Total init:  210.647
 - Total job:   241.268
 - EventSetup Lock:   0.00761437
 - EventSetup Get:   9.31903
 Event Throughput: 0 ev/s
 CPU Summary: 
 - Total loop:  55.2636
 - Total init:  6.67498
 - Total extra: 0
 - Total job:   62.0806
 Processing Summary: 
 - Number of Events:  0
 - Number of Global Begin Lumi Calls:  0
 - Number of Global Begin Run Calls: 1


=============================================

MessageLogger Summary

 type     category        sev    module        subroutine        count    total
 ---- -------------------- -- ---------------- ----------------  -----    -----
    1 GenXSecAnalyzer      -w GenXSecAnalyzer:                       2        2
    2 TimeReport           -e AfterModEndJob                         1        1
    3 Additional Exception -s AfterModGlobalEn                       1        1
    4 Fatal Exception      -s AfterModGlobalBe                       1        1

 type    category    Examples: run/evt        run/evt          run/evt
 ---- -------------------- ---------------- ---------------- ----------------
    1 GenXSecAnalyzer      End Run: 1       End Run: 1       
    2 TimeReport           End Run: 1                        
    3 Additional Exceptions End Run: 1                        
    4 Fatal Exception      Run: 1                            

Severity    # Occurrences   Total Occurrences
--------    -------------   -----------------
Warning                 2                   2
Error                   1                   1
System                  2                   2

dropped waiting message count 0
