==== LHAPDF6 USING DEFAULT-TYPE LHAGLUE INTERFACE ====
LHAPDF 6.2.1 loading /cvmfs/cms.cern.ch/slc6_amd64_gcc630/external/lhapdf/6.2.1-ghjeda2/share/LHAPDF/NNPDF30_nlo_nf_4_pdfas/NNPDF30_nlo_nf_4_pdfas_0000.dat
NNPDF30_nlo_nf_4_pdfas PDF set, member #0, version 2; LHAPDF ID = 292000
Thanks for using LHAPDF 6.2.1. Please make sure to cite the paper:
  Eur.Phys.J. C75 (2015) 3, 132  (http://arxiv.org/abs/1412.7420)
 A PDF is used, so alpha_s(MZ) is going to be modified
 Old value of alpha_s from param_card:   0.11799999999999999     
 New value of alpha_s from PDF lhapdf :  0.11227348553523188     
 Enter event file name
 Enter 1 to save all cross sections on tape
       0 otherwise
   
 The events appear to be unweighted
  Will store the ratios of recomputed weights
  over reference weights
 ================================
 process combination map (specified per FKS dir):
  1 map         1   2
  1 inv. map    1   2
  2 map         1   2
  2 inv. map    1   2
  3 map         1   2
  3 inv. map    1   2
  4 map         1   2
  4 inv. map    1   2
 ================================
